BLOCK00/SES002/SA002S12	SES002	0.672839	-8.98603	-9.65887
BLOCK00/SES002/SA002S13	SES002	1.5007	-9.65842	-11.1591
BLOCK00/SES002/SA002S23	SES002	0.678775	-9.12111	-9.79988
BLOCK00/SES002/SA002S26	SES002	0.441938	-10.7431	-11.185
BLOCK00/SES002/SA002S28	SES002	0.366213	-9.41159	-9.7778
BLOCK00/SES007/SA007S14	SES007	0.20552	-8.55995	-8.76547
BLOCK00/SES007/SA007S15	SES007	0.455134	-9.08188	-9.53701
BLOCK00/SES007/SA007S24	SES007	0.135862	-8.7642	-8.90006
BLOCK00/SES007/SA007S27	SES007	-0.187005	-10.8145	-10.6275
BLOCK00/SES007/SA007S29	SES007	-0.147909	-8.54959	-8.40168
BLOCK00/SES008/SA008S11	SES008	1.69812	-7.18155	-8.87967
BLOCK00/SES008/SA008S12	SES008	0.917501	-8.05647	-8.97397
BLOCK00/SES008/SA008S19	SES008	1.13533	-8.23778	-9.37311
BLOCK00/SES008/SA008S22	SES008	0.959563	-8.82513	-9.78469
BLOCK00/SES008/SA008S29	SES008	0.977985	-7.86336	-8.84134
BLOCK01/SES014/SA014S10	SES014	0.943463	-9.09177	-10.0352
BLOCK01/SES014/SA014S12	SES014	0.93051	-8.97533	-9.90584
BLOCK01/SES014/SA014S24	SES014	2.10531	-8.61019	-10.7155
BLOCK01/SES014/SA014S26	SES014	1.44016	-8.62211	-10.0623
BLOCK01/SES014/SA014S28	SES014	1.93253	-7.80196	-9.73449
BLOCK01/SES016/SA016S12	SES016	0.0811481	-11.7817	-11.8628
BLOCK01/SES016/SA016S13	SES016	0.913213	-9.2164	-10.1296
BLOCK01/SES016/SA016S22	SES016	0.190035	-9.16643	-9.35647
BLOCK01/SES016/SA016S25	SES016	0.263917	-8.12174	-8.38566
BLOCK01/SES016/SA016S27	SES016	1.11955	-8.89249	-10.012
BLOCK01/SES019/SA019S13	SES019	2.24893	-8.34059	-10.5895
BLOCK01/SES019/SA019S14	SES019	1.35242	-9.49043	-10.8429
BLOCK01/SES019/SA019S22	SES019	2.04595	-8.18687	-10.2328
BLOCK01/SES019/SA019S25	SES019	1.13991	-9.29721	-10.4371
BLOCK01/SES019/SA019S29	SES019	2.45517	-9.17461	-11.6298
BLOCK02/SES029/SA029S11	SES029	0.176646	-8.30575	-8.48239
BLOCK02/SES029/SA029S12	SES029	0.266321	-8.46594	-8.73226
BLOCK02/SES029/SA029S20	SES029	0.409369	-8.09761	-8.50698
BLOCK02/SES029/SA029S25	SES029	0.518802	-8.74245	-9.26125
BLOCK02/SES029/SA029S28	SES029	0.516021	-8.8307	-9.34672
BLOCK04/SES042/SA042S12	SES042	0.7262	-8.93991	-9.66611
BLOCK04/SES042/SA042S15	SES042	1.16676	-7.87228	-9.03904
BLOCK04/SES042/SA042S22	SES042	1.72567	-9.78718	-11.5129
BLOCK04/SES042/SA042S25	SES042	0.862462	-10.5732	-11.4357
BLOCK04/SES042/SA042S27	SES042	1.40049	-9.88101	-11.2815
BLOCK04/SES048/SA048S11	SES048	0.112899	-8.5861	-8.699
BLOCK04/SES048/SA048S12	SES048	0.261704	-9.38421	-9.64591
BLOCK04/SES048/SA048S20	SES048	-0.596278	-9.61494	-9.01866
BLOCK04/SES048/SA048S23	SES048	0.381114	-8.85797	-9.23909
BLOCK04/SES048/SA048S27	SES048	0.0878134	-9.37258	-9.46039
BLOCK06/SES060/SA060S11	SES060	1.10197	-8.82058	-9.92256
BLOCK06/SES060/SA060S12	SES060	0.943048	-9.34464	-10.2877
BLOCK06/SES060/SA060S22	SES060	-1.377	-11.8544	-10.4774
BLOCK06/SES060/SA060S24	SES060	0.526846	-8.01769	-8.54454
BLOCK06/SES060/SA060S28	SES060	0.355778	-7.91281	-8.26858
BLOCK06/SES062/SA062S10	SES062	0.179383	-8.77715	-8.95654
BLOCK06/SES062/SA062S11	SES062	0.441616	-9.53241	-9.97402
BLOCK06/SES062/SA062S21	SES062	0.73228	-7.21748	-7.94976
BLOCK06/SES062/SA062S26	SES062	0.226774	-8.91251	-9.13929
BLOCK06/SES062/SA062S29	SES062	0.754922	-8.09536	-8.85028
BLOCK06/SES068/SA068S14	SES068	0.13822	-9.32187	-9.46009
BLOCK06/SES068/SA068S15	SES068	0.895954	-8.79498	-9.69094
BLOCK06/SES068/SA068S23	SES068	0.361416	-8.81487	-9.17629
BLOCK06/SES068/SA068S27	SES068	1.22196	-8.27961	-9.50156
BLOCK06/SES068/SA068S29	SES068	0.66724	-8.85733	-9.52457
BLOCK08/SES082/SA082S12	SES082	0.175282	-9.2259	-9.40118
BLOCK08/SES082/SA082S14	SES082	0.544067	-9.4296	-9.97367
BLOCK08/SES082/SA082S21	SES082	0.395032	-8.9272	-9.32223
BLOCK08/SES082/SA082S24	SES082	0.562171	-8.94588	-9.50805
BLOCK08/SES082/SA082S28	SES082	0.356282	-9.17084	-9.52712
BLOCK08/SES083/SA083S14	SES083	0.512053	-8.94663	-9.45869
BLOCK08/SES083/SA083S15	SES083	0.708343	-8.11615	-8.8245
BLOCK08/SES083/SA083S24	SES083	0.178466	-8.74595	-8.92442
BLOCK08/SES083/SA083S26	SES083	0.492567	-9.56956	-10.0621
BLOCK08/SES083/SA083S29	SES083	0.163157	-9.2342	-9.39736
BLOCK08/SES085/SA085S10	SES085	0.778705	-7.63557	-8.41427
BLOCK08/SES085/SA085S13	SES085	-0.00369453	-9.71559	-9.71189
BLOCK08/SES085/SA085S22	SES085	0.915925	-8.27899	-9.19491
BLOCK08/SES085/SA085S26	SES085	-0.104305	-9.81409	-9.70979
BLOCK08/SES085/SA085S28	SES085	0.663388	-8.36	-9.02339
BLOCK08/SES087/SA087S15	SES087	0.968149	-9.10282	-10.071
BLOCK08/SES087/SA087S16	SES087	0.937675	-9.46565	-10.4033
BLOCK08/SES087/SA087S24	SES087	1.40358	-9.02243	-10.426
BLOCK08/SES087/SA087S26	SES087	0.475512	-8.6462	-9.12171
BLOCK08/SES087/SA087S29	SES087	1.37174	-8.18225	-9.55398
BLOCK09/SES099/SA099S15	SES099	1.06484	-9.5064	-10.5712
BLOCK09/SES099/SA099S16	SES099	0.746568	-9.10587	-9.85243
BLOCK09/SES099/SA099S24	SES099	0.803712	-9.40839	-10.2121
BLOCK09/SES099/SA099S26	SES099	1.35584	-9.05174	-10.4076
BLOCK09/SES099/SA099S29	SES099	0.762436	-9.52126	-10.2837
BLOCK10/SES101/SA101S11	SES101	0.329176	-7.97227	-8.30144
BLOCK10/SES101/SA101S13	SES101	0.858469	-7.3122	-8.17067
BLOCK10/SES101/SA101S22	SES101	0.837416	-9.70959	-10.547
BLOCK10/SES101/SA101S24	SES101	0.934938	-8.14394	-9.07888
BLOCK10/SES101/SA101S28	SES101	0.748277	-8.76495	-9.51323
BLOCK10/SES104/SA104S11	SES104	0.206957	-8.77366	-8.98062
BLOCK10/SES104/SA104S12	SES104	0.692584	-8.74656	-9.43914
BLOCK10/SES104/SA104S21	SES104	0.839598	-9.38818	-10.2278
BLOCK10/SES104/SA104S24	SES104	-0.0117922	-9.74685	-9.73506
BLOCK10/SES104/SA104S28	SES104	0.798216	-9.42485	-10.2231
BLOCK10/SES105/SA105S12	SES105	0.483757	-9.35088	-9.83464
BLOCK10/SES105/SA105S13	SES105	-0.0865583	-9.15584	-9.06928
BLOCK10/SES105/SA105S22	SES105	0.470911	-9.30947	-9.78038
BLOCK10/SES105/SA105S26	SES105	0.503135	-9.58495	-10.0881
BLOCK10/SES105/SA105S29	SES105	0.761462	-8.27276	-9.03422
BLOCK10/SES106/SA106S09	SES106	0.957223	-9.60874	-10.566
BLOCK10/SES106/SA106S11	SES106	0.782176	-8.90217	-9.68434
BLOCK10/SES106/SA106S22	SES106	1.03154	-9.92011	-10.9516
BLOCK10/SES106/SA106S27	SES106	0.225169	-9.14116	-9.36633
BLOCK10/SES106/SA106S29	SES106	0.107815	-8.65555	-8.76337
BLOCK11/SES117/SA117S12	SES117	0.252787	-10.0991	-10.3519
BLOCK11/SES117/SA117S13	SES117	-0.26285	-10.1912	-9.9283
BLOCK11/SES117/SA117S23	SES117	0.953963	-9.98869	-10.9427
BLOCK11/SES117/SA117S25	SES117	0.740108	-9.29111	-10.0312
BLOCK11/SES117/SA117S28	SES117	0.980045	-9.31584	-10.2959
BLOCK12/SES120/SA120S08	SES120	0.159863	-9.9156	-10.0755
BLOCK12/SES120/SA120S11	SES120	0.767584	-12.5735	-13.3411
BLOCK12/SES120/SA120S22	SES120	0.549091	-8.71356	-9.26265
BLOCK12/SES120/SA120S24	SES120	0.296229	-9.85907	-10.1553
BLOCK12/SES120/SA120S28	SES120	-0.181337	-9.93192	-9.75059
BLOCK12/SES125/SA125S13	SES125	0.742311	-9.08565	-9.82796
BLOCK12/SES125/SA125S14	SES125	0.280223	-9.64037	-9.92059
BLOCK12/SES125/SA125S25	SES125	0.936507	-9.40631	-10.3428
BLOCK12/SES125/SA125S27	SES125	0.53383	-8.41288	-8.94671
BLOCK12/SES125/SA125S29	SES125	0.445254	-8.77346	-9.21871
BLOCK12/SES127/SA127S11	SES127	0.630838	-8.86018	-9.49102
BLOCK12/SES127/SA127S12	SES127	0.579141	-6.89214	-7.47128
BLOCK12/SES127/SA127S23	SES127	0.243101	-8.02777	-8.27087
BLOCK12/SES127/SA127S25	SES127	0.300323	-8.15209	-8.45242
BLOCK12/SES127/SA127S27	SES127	0.669065	-8.18113	-8.85019
BLOCK12/SES129/SA129S11	SES129	0.308429	-7.90708	-8.21551
BLOCK12/SES129/SA129S12	SES129	0.255451	-7.82876	-8.08421
BLOCK12/SES129/SA129S22	SES129	0.355484	-8.84903	-9.20451
BLOCK12/SES129/SA129S27	SES129	0.441602	-8.19025	-8.63185
BLOCK12/SES129/SA129S29	SES129	0.620456	-9.41459	-10.0351
BLOCK14/SES142/SA142S11	SES142	1.33283	-7.69448	-9.02731
BLOCK14/SES142/SA142S12	SES142	1.0795	-8.64365	-9.72315
BLOCK14/SES142/SA142S24	SES142	0.656758	-8.39764	-9.0544
BLOCK14/SES142/SA142S27	SES142	0.512551	-8.32454	-8.83709
BLOCK14/SES142/SA142S29	SES142	0.754556	-7.90101	-8.65556
BLOCK14/SES143/SA143S12	SES143	0.802931	-8.96872	-9.77165
BLOCK14/SES143/SA143S13	SES143	0.878907	-8.53254	-9.41145
BLOCK14/SES143/SA143S23	SES143	0.704677	-8.39925	-9.10393
BLOCK14/SES143/SA143S25	SES143	0.556787	-9.20287	-9.75966
BLOCK14/SES143/SA143S28	SES143	0.748574	-8.92653	-9.6751
BLOCK14/SES144/SA144S09	SES144	0.430299	-8.97236	-9.40266
BLOCK14/SES144/SA144S11	SES144	0.0574417	-9.11101	-9.16845
BLOCK14/SES144/SA144S21	SES144	-0.145325	-9.60337	-9.45804
BLOCK14/SES144/SA144S25	SES144	1.09842	-8.71013	-9.80855
BLOCK14/SES144/SA144S29	SES144	-0.362068	-10.4766	-10.1145
BLOCK14/SES146/SA146S14	SES146	0.327365	-9.15866	-9.48603
BLOCK14/SES146/SA146S15	SES146	0.28749	-9.72212	-10.0096
BLOCK14/SES146/SA146S24	SES146	0.81281	-8.83264	-9.64545
BLOCK14/SES146/SA146S26	SES146	0.514985	-8.94827	-9.46325
BLOCK14/SES146/SA146S29	SES146	0.48226	-9.55233	-10.0346
BLOCK14/SES147/SA147S11	SES147	0.230655	-9.59242	-9.82308
BLOCK14/SES147/SA147S13	SES147	-0.0296917	-8.52485	-8.49516
BLOCK14/SES147/SA147S23	SES147	0.514487	-8.84814	-9.36263
BLOCK14/SES147/SA147S26	SES147	0.422052	-8.79699	-9.21904
BLOCK14/SES147/SA147S28	SES147	0.77372	-7.89302	-8.66674
BLOCK14/SES148/SA148S10	SES148	0.406528	-8.16079	-8.56732
BLOCK14/SES148/SA148S12	SES148	0.687249	-9.091	-9.77825
BLOCK14/SES148/SA148S22	SES148	0.286785	-8.34468	-8.63147
BLOCK14/SES148/SA148S26	SES148	0.206292	-7.72921	-7.9355
BLOCK14/SES148/SA148S29	SES148	0.296721	-8.79507	-9.09179
BLOCK14/SES149/SA149S13	SES149	0.264479	-8.63923	-8.90371
BLOCK14/SES149/SA149S14	SES149	0.246235	-8.28864	-8.53487
BLOCK14/SES149/SA149S24	SES149	0.367079	-8.80767	-9.17475
BLOCK14/SES149/SA149S26	SES149	0.442029	-8.15405	-8.59608
BLOCK14/SES149/SA149S28	SES149	0.284715	-8.45587	-8.74059
BLOCK15/SES158/SA158S13	SES158	0.637382	-9.50725	-10.1446
BLOCK15/SES158/SA158S14	SES158	0.686023	-10.4011	-11.0872
BLOCK15/SES158/SA158S23	SES158	0.264164	-8.62	-8.88416
BLOCK15/SES158/SA158S26	SES158	0.822826	-9.05047	-9.8733
BLOCK15/SES158/SA158S28	SES158	0.166114	-9.63303	-9.79914
BLOCK16/SES162/SA162S10	SES162	0.10022	-9.47275	-9.57297
BLOCK16/SES162/SA162S11	SES162	0.277055	-8.49062	-8.76767
BLOCK16/SES162/SA162S21	SES162	1.03016	-8.19454	-9.2247
BLOCK16/SES162/SA162S24	SES162	0.61295	-8.43813	-9.05108
BLOCK16/SES162/SA162S27	SES162	0.607668	-9.72473	-10.3324
BLOCK16/SES167/SA167S14	SES167	1.60311	-7.55489	-9.158
BLOCK16/SES167/SA167S15	SES167	1.82636	-7.51322	-9.33957
BLOCK16/SES167/SA167S21	SES167	1.56298	-7.43507	-8.99805
BLOCK16/SES167/SA167S25	SES167	2.18037	-7.77008	-9.95045
BLOCK16/SES167/SA167S29	SES167	2.09714	-6.80992	-8.90705
BLOCK17/SES172/SA172S12	SES172	0.293716	-9.53987	-9.83359
BLOCK17/SES172/SA172S13	SES172	0.832082	-9.347	-10.1791
BLOCK17/SES172/SA172S23	SES172	0.5557	-8.24601	-8.80171
BLOCK17/SES172/SA172S27	SES172	0.13494	-10.1258	-10.2608
BLOCK17/SES172/SA172S29	SES172	0.736968	-8.8476	-9.58457
BLOCK17/SES175/SA175S11	SES175	0.458438	-9.40568	-9.86412
BLOCK17/SES175/SA175S13	SES175	0.702893	-6.84648	-7.54937
BLOCK17/SES175/SA175S23	SES175	0.693869	-7.80032	-8.49419
BLOCK17/SES175/SA175S25	SES175	0.271496	-9.31296	-9.58445
BLOCK17/SES175/SA175S28	SES175	0.768994	-8.13396	-8.90295
BLOCK17/SES177/SA177S15	SES177	0.565209	-9.40358	-9.96879
BLOCK17/SES177/SA177S17	SES177	0.402958	-9.40055	-9.8035
BLOCK17/SES177/SA177S23	SES177	0.0429544	-9.33274	-9.3757
BLOCK17/SES177/SA177S26	SES177	0.777834	-7.58398	-8.36181
BLOCK17/SES177/SA177S28	SES177	0.67933	-9.3147	-9.99403
BLOCK18/SES180/SA180S13	SES180	0.404502	-10.0305	-10.435
BLOCK18/SES180/SA180S15	SES180	0.432994	-8.72725	-9.16025
BLOCK18/SES180/SA180S24	SES180	0.530627	-7.81494	-8.34557
BLOCK18/SES180/SA180S26	SES180	0.0549479	-8.46424	-8.51919
BLOCK18/SES180/SA180S29	SES180	-0.35394	-9.76173	-9.40779
BLOCK18/SES183/SA183S13	SES183	0.853601	-8.54258	-9.39618
BLOCK18/SES183/SA183S14	SES183	-0.082283	-9.4333	-9.35101
BLOCK18/SES183/SA183S24	SES183	0.735061	-9.6185	-10.3536
BLOCK18/SES183/SA183S27	SES183	0.700977	-9.62073	-10.3217
BLOCK18/SES183/SA183S29	SES183	0.757959	-8.79425	-9.55221
BLOCK18/SES187/SA187S13	SES187	-0.0834484	-10.3117	-10.2282
BLOCK18/SES187/SA187S14	SES187	0.69952	-10.0975	-10.797
BLOCK18/SES187/SA187S24	SES187	0.376487	-9.6701	-10.0466
BLOCK18/SES187/SA187S27	SES187	0.475085	-9.98388	-10.459
BLOCK18/SES187/SA187S29	SES187	0.65826	-10.9785	-11.6368
BLOCK18/SES189/SA189S10	SES189	0.926871	-9.62002	-10.5469
BLOCK18/SES189/SA189S13	SES189	0.959754	-10.6616	-11.6213
BLOCK18/SES189/SA189S24	SES189	1.00321	-8.31623	-9.31943
BLOCK18/SES189/SA189S26	SES189	0.534523	-9.16224	-9.69676
BLOCK18/SES189/SA189S29	SES189	1.26844	-8.86589	-10.1343
BLOCK20/SES202/SA202S12	SES202	0.385351	-9.22851	-9.61386
BLOCK20/SES202/SA202S14	SES202	1.00905	-8.79276	-9.80181
BLOCK20/SES202/SA202S24	SES202	0.40583	-9.60347	-10.0093
BLOCK20/SES202/SA202S27	SES202	0.400652	-8.70158	-9.10223
BLOCK20/SES202/SA202S29	SES202	0.398113	-8.78469	-9.18281
BLOCK20/SES206/SA206S15	SES206	0.20792	-8.22101	-8.42893
BLOCK20/SES206/SA206S17	SES206	1.292	-9.17171	-10.4637
BLOCK20/SES206/SA206S24	SES206	1.39152	-7.79665	-9.18818
BLOCK20/SES206/SA206S27	SES206	0.749976	-9.64194	-10.3919
BLOCK20/SES206/SA206S29	SES206	1.93613	-8.24488	-10.181
BLOCK22/SES226/SA226S12	SES226	0.504416	-9.48153	-9.98594
BLOCK22/SES226/SA226S13	SES226	-0.260325	-10.7017	-10.4414
BLOCK22/SES226/SA226S20	SES226	0.00782013	-9.95721	-9.96503
BLOCK22/SES226/SA226S23	SES226	-0.0063076	-9.36465	-9.35834
BLOCK22/SES226/SA226S28	SES226	0.198846	-8.96547	-9.16431
BLOCK25/SES259/SA259S13	SES259	1.60463	-8.59091	-10.1955
BLOCK25/SES259/SA259S14	SES259	1.29104	-8.09385	-9.38489
BLOCK25/SES259/SA259S22	SES259	1.54011	-8.08662	-9.62673
BLOCK25/SES259/SA259S24	SES259	0.748535	-9.17038	-9.91891
BLOCK25/SES259/SA259S28	SES259	0.707649	-8.87846	-9.58611
BLOCK27/SES270/SA270S14	SES270	1.79783	-8.84254	-10.6404
BLOCK27/SES270/SA270S16	SES270	0.622066	-8.33562	-8.95769
BLOCK27/SES270/SA270S22	SES270	1.90313	-8.4146	-10.3177
BLOCK27/SES270/SA270S26	SES270	1.48143	-8.39401	-9.87544
BLOCK27/SES270/SA270S28	SES270	0.988245	-8.50356	-9.49181
BLOCK27/SES275/SA275S17	SES275	-0.265308	-9.00998	-8.74467
BLOCK27/SES275/SA275S18	SES275	-0.151936	-9.21387	-9.06193
BLOCK27/SES275/SA275S24	SES275	-0.359727	-9.63681	-9.27708
BLOCK27/SES275/SA275S26	SES275	0.314502	-8.75684	-9.07134
BLOCK27/SES275/SA275S28	SES275	0.11742	-8.98856	-9.10598
BLOCK29/SES292/SA292S10	SES292	-1.29451	-9.57774	-8.28324
BLOCK29/SES292/SA292S12	SES292	-0.340959	-10.8895	-10.5485
BLOCK29/SES292/SA292S22	SES292	-0.0530844	-9.76645	-9.71336
BLOCK29/SES292/SA292S24	SES292	-0.354536	-10.1072	-9.75265
BLOCK29/SES292/SA292S27	SES292	-0.332355	-9.31624	-8.98388
BLOCK00/SES001/SA001S14	SES062	-1.21169	-11.3086	-10.0969
BLOCK00/SES001/SA001S14	SES082	-0.445448	-10.5424	-10.0969
BLOCK00/SES001/SA001S14	SES106	-0.343269	-10.4402	-10.0969
BLOCK00/SES001/SA001S14	SES206	-0.49446	-10.5914	-10.0969
BLOCK00/SES001/SA001S15	SES062	-0.4775	-9.3543	-8.8768
BLOCK00/SES001/SA001S15	SES104	-0.534832	-9.41163	-8.8768
BLOCK00/SES001/SA001S15	SES106	-0.333241	-9.21004	-8.8768
BLOCK00/SES001/SA001S15	SES206	-0.971761	-9.84856	-8.8768
BLOCK00/SES001/SA001S24	SES062	-0.785893	-9.79756	-9.01167
BLOCK00/SES001/SA001S24	SES082	-0.603763	-9.61543	-9.01167
BLOCK00/SES001/SA001S24	SES087	-1.28692	-10.2986	-9.01167
BLOCK00/SES001/SA001S24	SES206	-0.797514	-9.80918	-9.01167
BLOCK00/SES001/SA001S27	SES062	0.13992	-7.40086	-7.54078
BLOCK00/SES001/SA001S27	SES082	-0.508609	-8.04939	-7.54078
BLOCK00/SES001/SA001S27	SES087	-0.471402	-8.01218	-7.54078
BLOCK00/SES001/SA001S27	SES206	-0.585027	-8.1258	-7.54078
BLOCK00/SES001/SA001S29	SES062	-0.568272	-9.93313	-9.36486
BLOCK00/SES001/SA001S29	SES082	-0.528791	-9.89365	-9.36486
BLOCK00/SES001/SA001S29	SES158	-0.243292	-9.60815	-9.36486
BLOCK00/SES001/SA001S29	SES206	-0.766748	-10.1316	-9.36486
BLOCK00/SES003/SA003S11	SES002	0.355493	-9.47441	-9.82991
BLOCK00/SES003/SA003S11	SES019	-0.396111	-10.226	-9.82991
BLOCK00/SES003/SA003S11	SES082	0.100992	-9.72891	-9.82991
BLOCK00/SES003/SA003S11	SES125	-0.0369349	-9.86684	-9.82991
BLOCK00/SES003/SA003S15	SES016	-1.86699	-10.0054	-8.13839
BLOCK00/SES003/SA003S15	SES019	-3.20073	-11.3391	-8.13839
BLOCK00/SES003/SA003S15	SES062	-0.192313	-8.3307	-8.13839
BLOCK00/SES003/SA003S15	SES206	-0.997189	-9.13558	-8.13839
BLOCK00/SES003/SA003S22	SES002	-0.137872	-9.39361	-9.25574
BLOCK00/SES003/SA003S22	SES062	0.619078	-8.63666	-9.25574
BLOCK00/SES003/SA003S22	SES082	0.0528708	-9.20287	-9.25574
BLOCK00/SES003/SA003S22	SES087	-0.63306	-9.8888	-9.25574
BLOCK00/SES003/SA003S25	SES062	0.926676	-11.1177	-12.0444
BLOCK00/SES003/SA003S25	SES082	0.42412	-11.6203	-12.0444
BLOCK00/SES003/SA003S25	SES087	1.04072	-11.0037	-12.0444
BLOCK00/SES003/SA003S25	SES206	-0.229496	-12.2739	-12.0444
BLOCK00/SES003/SA003S29	SES002	0.570366	-9.5484	-10.1188
BLOCK00/SES003/SA003S29	SES062	0.264397	-9.85437	-10.1188
BLOCK00/SES003/SA003S29	SES082	-0.323168	-10.4419	-10.1188
BLOCK00/SES003/SA003S29	SES087	-0.247635	-10.3664	-10.1188
BLOCK00/SES004/SA004S12	SES083	-0.346284	-8.76313	-8.41685
BLOCK00/SES004/SA004S12	SES148	-0.581717	-8.99856	-8.41685
BLOCK00/SES004/SA004S12	SES172	-0.137445	-8.55429	-8.41685
BLOCK00/SES004/SA004S12	SES292	-0.837774	-9.25462	-8.41685
BLOCK00/SES004/SA004S17	SES083	-0.301827	-9.09643	-8.7946
BLOCK00/SES004/SA004S17	SES162	-0.140209	-8.93481	-8.7946
BLOCK00/SES004/SA004S17	SES172	-0.127603	-8.9222	-8.7946
BLOCK00/SES004/SA004S17	SES292	-0.633821	-9.42842	-8.7946
BLOCK00/SES004/SA004S24	SES083	-0.126394	-8.70048	-8.57409
BLOCK00/SES004/SA004S24	SES148	-0.620289	-9.19438	-8.57409
BLOCK00/SES004/SA004S24	SES172	-0.391066	-8.96515	-8.57409
BLOCK00/SES004/SA004S24	SES292	-0.663439	-9.23753	-8.57409
BLOCK00/SES004/SA004S26	SES083	-0.241877	-9.63452	-9.39264
BLOCK00/SES004/SA004S26	SES127	0.326308	-9.06633	-9.39264
BLOCK00/SES004/SA004S26	SES148	-0.782331	-10.175	-9.39264
BLOCK00/SES004/SA004S26	SES292	-0.995169	-10.3878	-9.39264
BLOCK00/SES004/SA004S28	SES083	-0.0348148	-8.90565	-8.87083
BLOCK00/SES004/SA004S28	SES127	0.307484	-8.56335	-8.87083
BLOCK00/SES004/SA004S28	SES187	0.142429	-8.7284	-8.87083
BLOCK00/SES004/SA004S28	SES292	-0.384603	-9.25543	-8.87083
BLOCK00/SES006/SA006S10	SES014	-0.724651	-11.6315	-10.9069
BLOCK00/SES006/SA006S10	SES158	-0.397842	-11.3047	-10.9069
BLOCK00/SES006/SA006S10	SES226	-0.896482	-11.8034	-10.9069
BLOCK00/SES006/SA006S10	SES270	0.0112162	-10.8957	-10.9069
BLOCK00/SES006/SA006S11	SES158	-0.112371	-11.1198	-11.0074
BLOCK00/SES006/SA006S11	SES226	-0.0546207	-11.062	-11.0074
BLOCK00/SES006/SA006S11	SES270	0.710785	-10.2966	-11.0074
BLOCK00/SES006/SA006S11	SES275	-1.13664	-12.1441	-11.0074
BLOCK00/SES006/SA006S23	SES062	-1.04378	-12.6765	-11.6327
BLOCK00/SES006/SA006S23	SES105	-1.78405	-13.4167	-11.6327
BLOCK00/SES006/SA006S23	SES158	-0.382114	-12.0148	-11.6327
BLOCK00/SES006/SA006S23	SES275	-0.545328	-12.178	-11.6327
BLOCK00/SES006/SA006S26	SES104	-0.592798	-11.8015	-11.2087
BLOCK00/SES006/SA006S26	SES158	-0.387957	-11.5967	-11.2087
BLOCK00/SES006/SA006S26	SES270	0.560456	-10.6483	-11.2087
BLOCK00/SES006/SA006S26	SES275	-0.772895	-11.9816	-11.2087
BLOCK00/SES006/SA006S28	SES007	-1.01411	-12.1302	-11.1161
BLOCK00/SES006/SA006S28	SES105	-1.18185	-12.2979	-11.1161
BLOCK00/SES006/SA006S28	SES158	-0.313371	-11.4294	-11.1161
BLOCK00/SES006/SA006S28	SES275	-1.43834	-12.5544	-11.1161
BLOCK00/SES009/SA009S12	SES083	-0.897375	-10.6548	-9.75742
BLOCK00/SES009/SA009S12	SES148	-2.35755	-12.115	-9.75742
BLOCK00/SES009/SA009S12	SES177	-0.117963	-9.87539	-9.75742
BLOCK00/SES009/SA009S12	SES292	-0.141066	-9.89849	-9.75742
BLOCK00/SES009/SA009S15	SES007	-0.242348	-9.29522	-9.05287
BLOCK00/SES009/SA009S15	SES099	-1.81211	-10.865	-9.05287
BLOCK00/SES009/SA009S15	SES148	-1.05781	-10.1107	-9.05287
BLOCK00/SES009/SA009S15	SES172	-0.923357	-9.97623	-9.05287
BLOCK00/SES009/SA009S24	SES146	-0.166237	-9.94964	-9.78341
BLOCK00/SES009/SA009S24	SES148	-1.6406	-11.424	-9.78341
BLOCK00/SES009/SA009S24	SES177	0.156952	-9.62646	-9.78341
BLOCK00/SES009/SA009S24	SES292	-0.217102	-10.0005	-9.78341
BLOCK00/SES009/SA009S26	SES083	-0.853615	-10.1003	-9.24673
BLOCK00/SES009/SA009S26	SES101	-1.18614	-10.4329	-9.24673
BLOCK00/SES009/SA009S26	SES120	-0.0990696	-9.3458	-9.24673
BLOCK00/SES009/SA009S26	SES177	-0.257979	-9.50471	-9.24673
BLOCK00/SES009/SA009S29	SES083	-0.810582	-10.1517	-9.34112
BLOCK00/SES009/SA009S29	SES101	-0.74369	-10.0848	-9.34112
BLOCK00/SES009/SA009S29	SES177	0.00585747	-9.33526	-9.34112
BLOCK00/SES009/SA009S29	SES292	-0.139613	-9.48073	-9.34112
BLOCK01/SES011/SA011S10	SES019	-2.14912	-13.4006	-11.2515
BLOCK01/SES011/SA011S10	SES042	0.704071	-10.5474	-11.2515
BLOCK01/SES011/SA011S10	SES082	-0.488941	-11.7405	-11.2515
BLOCK01/SES011/SA011S10	SES206	0.382534	-10.869	-11.2515
BLOCK01/SES011/SA011S11	SES019	-2.06652	-12.0856	-10.0191
BLOCK01/SES011/SA011S11	SES042	0.209768	-9.80934	-10.0191
BLOCK01/SES011/SA011S11	SES082	-0.258368	-10.2775	-10.0191
BLOCK01/SES011/SA011S11	SES206	0.0573597	-9.96175	-10.0191
BLOCK01/SES011/SA011S22	SES019	-0.96124	-11.3482	-10.387
BLOCK01/SES011/SA011S22	SES042	0.305662	-10.0813	-10.387
BLOCK01/SES011/SA011S22	SES082	-0.769274	-11.1562	-10.387
BLOCK01/SES011/SA011S22	SES206	-0.154079	-10.541	-10.387
BLOCK01/SES011/SA011S24	SES019	-1.98652	-11.829	-9.84252
BLOCK01/SES011/SA011S24	SES042	0.989403	-8.85312	-9.84252
BLOCK01/SES011/SA011S24	SES104	0.435937	-9.40658	-9.84252
BLOCK01/SES011/SA011S24	SES206	0.23608	-9.60644	-9.84252
BLOCK01/SES011/SA011S27	SES082	-0.0783749	-9.97451	-9.89613
BLOCK01/SES011/SA011S27	SES087	-1.21485	-11.111	-9.89613
BLOCK01/SES011/SA011S27	SES125	0.0221996	-9.87393	-9.89613
BLOCK01/SES011/SA011S27	SES206	0.0315638	-9.86457	-9.89613
BLOCK01/SES012/SA012S11	SES007	-0.409313	-9.10227	-8.69296
BLOCK01/SES012/SA012S11	SES082	0.52752	-8.16544	-8.69296
BLOCK01/SES012/SA012S11	SES083	-0.577995	-9.27096	-8.69296
BLOCK01/SES012/SA012S11	SES206	0.326575	-8.36638	-8.69296
BLOCK01/SES012/SA012S14	SES082	0.300179	-9.83464	-10.1348
BLOCK01/SES012/SA012S14	SES087	-0.767327	-10.9021	-10.1348
BLOCK01/SES012/SA012S14	SES206	0.413576	-9.72124	-10.1348
BLOCK01/SES012/SA012S14	SES292	-0.577361	-10.7122	-10.1348
BLOCK01/SES012/SA012S24	SES082	0.567875	-9.96145	-10.5293
BLOCK01/SES012/SA012S24	SES087	-0.605886	-11.1352	-10.5293
BLOCK01/SES012/SA012S24	SES120	-0.247074	-10.7764	-10.5293
BLOCK01/SES012/SA012S24	SES206	0.485621	-10.0437	-10.5293
BLOCK01/SES012/SA012S26	SES019	-3.63653	-14.6923	-11.0558
BLOCK01/SES012/SA012S26	SES082	-0.187382	-11.2432	-11.0558
BLOCK01/SES012/SA012S26	SES206	1.22855	-9.82723	-11.0558
BLOCK01/SES012/SA012S26	SES292	-0.105674	-11.1615	-11.0558
BLOCK01/SES012/SA012S29	SES062	-0.547533	-8.77233	-8.22479
BLOCK01/SES012/SA012S29	SES082	0.167848	-8.05695	-8.22479
BLOCK01/SES012/SA012S29	SES083	-0.728773	-8.95357	-8.22479
BLOCK01/SES012/SA012S29	SES206	0.21197	-8.01282	-8.22479
BLOCK01/SES013/SA013S16	SES062	-1.45983	-13.1695	-11.7097
BLOCK01/SES013/SA013S16	SES106	-0.475212	-12.1849	-11.7097
BLOCK01/SES013/SA013S16	SES206	-0.2548	-11.9645	-11.7097
BLOCK01/SES013/SA013S16	SES226	-0.267464	-11.9771	-11.7097
BLOCK01/SES013/SA013S17	SES062	-0.157523	-10.6474	-10.4898
BLOCK01/SES013/SA013S17	SES106	0.200259	-10.2896	-10.4898
BLOCK01/SES013/SA013S17	SES206	0.179336	-10.3105	-10.4898
BLOCK01/SES013/SA013S17	SES226	0.587649	-9.90219	-10.4898
BLOCK01/SES013/SA013S23	SES104	0.105228	-11.4028	-11.508
BLOCK01/SES013/SA013S23	SES106	0.402383	-11.1057	-11.508
BLOCK01/SES013/SA013S23	SES206	-0.291891	-11.7999	-11.508
BLOCK01/SES013/SA013S23	SES270	-0.501464	-12.0095	-11.508
BLOCK01/SES013/SA013S25	SES042	-0.959076	-11.3817	-10.4226
BLOCK01/SES013/SA013S25	SES104	0.451456	-9.97118	-10.4226
BLOCK01/SES013/SA013S25	SES106	0.0621529	-10.3605	-10.4226
BLOCK01/SES013/SA013S25	SES206	-0.329515	-10.7522	-10.4226
BLOCK01/SES013/SA013S29	SES062	-0.629389	-11.5341	-10.9047
BLOCK01/SES013/SA013S29	SES104	-0.0123329	-10.917	-10.9047
BLOCK01/SES013/SA013S29	SES106	0.296816	-10.6079	-10.9047
BLOCK01/SES013/SA013S29	SES206	-0.609157	-11.5138	-10.9047
BLOCK02/SES021/SA021S13	SES016	-0.99439	-10.371	-9.37663
BLOCK02/SES021/SA021S13	SES029	-0.201292	-9.57792	-9.37663
BLOCK02/SES021/SA021S13	SES087	-2.30139	-11.678	-9.37663
BLOCK02/SES021/SA021S13	SES206	-0.955641	-10.3323	-9.37663
BLOCK02/SES021/SA021S15	SES087	-0.561153	-9.98869	-9.42753
BLOCK02/SES021/SA021S15	SES125	-0.0910797	-9.51861	-9.42753
BLOCK02/SES021/SA021S15	SES206	-0.3344	-9.76193	-9.42753
BLOCK02/SES021/SA021S15	SES226	-0.548224	-9.97576	-9.42753
BLOCK02/SES021/SA021S23	SES062	-0.909831	-11.8002	-10.8903
BLOCK02/SES021/SA021S23	SES087	0.107817	-10.7825	-10.8903
BLOCK02/SES021/SA021S23	SES206	-0.0539751	-10.9443	-10.8903
BLOCK02/SES021/SA021S23	SES226	0.0823011	-10.808	-10.8903
BLOCK02/SES021/SA021S27	SES002	-0.220036	-9.41715	-9.19711
BLOCK02/SES021/SA021S27	SES016	-1.61568	-10.8128	-9.19711
BLOCK02/SES021/SA021S27	SES019	-0.654707	-9.85182	-9.19711
BLOCK02/SES021/SA021S27	SES062	-0.299148	-9.49626	-9.19711
BLOCK02/SES021/SA021S29	SES087	-0.367362	-11.1786	-10.8113
BLOCK02/SES021/SA021S29	SES125	-0.266359	-11.0776	-10.8113
BLOCK02/SES021/SA021S29	SES206	0.0542002	-10.7571	-10.8113
BLOCK02/SES021/SA021S29	SES226	-0.072402	-10.8837	-10.8113
BLOCK04/SES043/SA043S09	SES083	0.338387	-9.85665	-10.195
BLOCK04/SES043/SA043S09	SES101	0.278958	-9.91608	-10.195
BLOCK04/SES043/SA043S09	SES144	0.446758	-9.74828	-10.195
BLOCK04/SES043/SA043S09	SES172	-0.383533	-10.5786	-10.195
BLOCK04/SES043/SA043S11	SES083	0.313585	-8.85311	-9.1667
BLOCK04/SES043/SA043S11	SES101	0.181137	-8.98556	-9.1667
BLOCK04/SES043/SA043S11	SES144	0.50249	-8.66421	-9.1667
BLOCK04/SES043/SA043S11	SES172	-0.147799	-9.3145	-9.1667
BLOCK04/SES043/SA043S23	SES083	0.445486	-9.15454	-9.60003
BLOCK04/SES043/SA043S23	SES144	0.588523	-9.0115	-9.60003
BLOCK04/SES043/SA043S23	SES177	-0.263895	-9.86392	-9.60003
BLOCK04/SES043/SA043S23	SES275	-0.0165844	-9.61661	-9.60003
BLOCK04/SES043/SA043S26	SES083	-0.0711613	-10.7292	-10.658
BLOCK04/SES043/SA043S26	SES101	-0.340869	-10.9989	-10.658
BLOCK04/SES043/SA043S26	SES144	0.595123	-10.0629	-10.658
BLOCK04/SES043/SA043S26	SES177	-0.345847	-11.0039	-10.658
BLOCK04/SES043/SA043S28	SES016	-0.380669	-10.032	-9.65132
BLOCK04/SES043/SA043S28	SES083	0.2293	-9.42202	-9.65132
BLOCK04/SES043/SA043S28	SES101	0.00593185	-9.64539	-9.65132
BLOCK04/SES043/SA043S28	SES144	-0.0768385	-9.72816	-9.65132
BLOCK04/SES044/SA044S10	SES127	-0.640814	-11.4795	-10.8387
BLOCK04/SES044/SA044S10	SES144	0.576428	-10.2623	-10.8387
BLOCK04/SES044/SA044S10	SES147	-0.896701	-11.7354	-10.8387
BLOCK04/SES044/SA044S10	SES148	-0.494968	-11.3337	-10.8387
BLOCK04/SES044/SA044S11	SES101	0.439875	-9.26642	-9.70629
BLOCK04/SES044/SA044S11	SES144	0.629534	-9.07676	-9.70629
BLOCK04/SES044/SA044S11	SES147	-1.08086	-10.7871	-9.70629
BLOCK04/SES044/SA044S11	SES177	0.000517845	-9.70577	-9.70629
BLOCK04/SES044/SA044S24	SES007	-2.03105	-11.6565	-9.62548
BLOCK04/SES044/SA044S24	SES101	0.0437717	-9.58171	-9.62548
BLOCK04/SES044/SA044S24	SES147	-0.574609	-10.2001	-9.62548
BLOCK04/SES044/SA044S24	SES177	-0.161361	-9.78684	-9.62548
BLOCK04/SES044/SA044S26	SES007	-0.584816	-9.78672	-9.2019
BLOCK04/SES044/SA044S26	SES016	0.111557	-9.09034	-9.2019
BLOCK04/SES044/SA044S26	SES101	0.377546	-8.82436	-9.2019
BLOCK04/SES044/SA044S26	SES147	0.251129	-8.95077	-9.2019
BLOCK04/SES044/SA044S29	SES007	-1.13339	-10.148	-9.01463
BLOCK04/SES044/SA044S29	SES101	-0.0885925	-9.10322	-9.01463
BLOCK04/SES044/SA044S29	SES147	-0.751665	-9.7663	-9.01463
BLOCK04/SES044/SA044S29	SES177	-1.18581	-10.2004	-9.01463
BLOCK04/SES046/SA046S13	SES101	0.177116	-10.711	-10.8881
BLOCK04/SES046/SA046S13	SES144	0.431611	-10.4565	-10.8881
BLOCK04/SES046/SA046S13	SES147	-0.63469	-11.5228	-10.8881
BLOCK04/SES046/SA046S13	SES177	-0.448184	-11.3363	-10.8881
BLOCK04/SES046/SA046S15	SES048	-1.45442	-9.71848	-8.26406
BLOCK04/SES046/SA046S15	SES083	-0.633426	-8.89748	-8.26406
BLOCK04/SES046/SA046S15	SES120	-1.89706	-10.1611	-8.26406
BLOCK04/SES046/SA046S15	SES148	-0.664817	-8.92887	-8.26406
BLOCK04/SES046/SA046S22	SES101	0.0741081	-10.0435	-10.1176
BLOCK04/SES046/SA046S22	SES144	0.49021	-9.62735	-10.1176
BLOCK04/SES046/SA046S22	SES147	-0.305535	-10.4231	-10.1176
BLOCK04/SES046/SA046S22	SES172	0.288769	-9.82879	-10.1176
BLOCK04/SES046/SA046S25	SES083	0.120587	-8.79751	-8.91809
BLOCK04/SES046/SA046S25	SES127	-0.264244	-9.18234	-8.91809
BLOCK04/SES046/SA046S25	SES144	0.138689	-8.7794	-8.91809
BLOCK04/SES046/SA046S25	SES148	-0.739112	-9.65721	-8.91809
BLOCK04/SES046/SA046S28	SES007	-0.737366	-10.119	-9.38165
BLOCK04/SES046/SA046S28	SES105	-0.000813484	-9.38246	-9.38165
BLOCK04/SES046/SA046S28	SES147	0.295786	-9.08586	-9.38165
BLOCK04/SES046/SA046S28	SES148	-0.864257	-10.2459	-9.38165
BLOCK04/SES049/SA049S16	SES104	0.0656223	-11.4542	-11.5198
BLOCK04/SES049/SA049S16	SES106	-0.905171	-12.425	-11.5198
BLOCK04/SES049/SA049S16	SES120	-0.289764	-11.8096	-11.5198
BLOCK04/SES049/SA049S16	SES206	-0.127882	-11.6477	-11.5198
BLOCK04/SES049/SA049S18	SES099	0.298013	-9.75496	-10.053
BLOCK04/SES049/SA049S18	SES104	-0.486259	-10.5392	-10.053
BLOCK04/SES049/SA049S18	SES125	-0.291363	-10.3443	-10.053
BLOCK04/SES049/SA049S18	SES206	-0.737164	-10.7901	-10.053
BLOCK04/SES049/SA049S25	SES087	-0.422767	-12.5684	-12.1457
BLOCK04/SES049/SA049S25	SES104	0.71551	-11.4301	-12.1457
BLOCK04/SES049/SA049S25	SES125	0.201468	-11.9442	-12.1457
BLOCK04/SES049/SA049S25	SES206	-0.113905	-12.2596	-12.1457
BLOCK04/SES049/SA049S27	SES099	-0.463829	-10.834	-10.3702
BLOCK04/SES049/SA049S27	SES104	0.702962	-9.66719	-10.3702
BLOCK04/SES049/SA049S27	SES125	-0.257465	-10.6276	-10.3702
BLOCK04/SES049/SA049S27	SES206	-0.449845	-10.82	-10.3702
BLOCK04/SES049/SA049S29	SES099	0.624654	-9.6225	-10.2472
BLOCK04/SES049/SA049S29	SES104	1.24678	-9.00037	-10.2472
BLOCK04/SES049/SA049S29	SES125	0.99917	-9.24799	-10.2472
BLOCK04/SES049/SA049S29	SES206	-0.0946283	-10.3418	-10.2472
BLOCK06/SES063/SA063S09	SES068	-0.750905	-11.9323	-11.1814
BLOCK06/SES063/SA063S09	SES083	-0.190498	-11.3719	-11.1814
BLOCK06/SES063/SA063S09	SES177	-0.374142	-11.5555	-11.1814
BLOCK06/SES063/SA063S09	SES187	-0.709299	-11.8907	-11.1814
BLOCK06/SES063/SA063S10	SES068	-0.940552	-11.2183	-10.2778
BLOCK06/SES063/SA063S10	SES083	-0.568327	-10.8461	-10.2778
BLOCK06/SES063/SA063S10	SES172	-0.0153265	-10.2931	-10.2778
BLOCK06/SES063/SA063S10	SES187	-0.997954	-11.2757	-10.2778
BLOCK06/SES063/SA063S20	SES068	-1.3708	-12.3975	-11.0267
BLOCK06/SES063/SA063S20	SES083	-0.490362	-11.517	-11.0267
BLOCK06/SES063/SA063S20	SES172	-0.162052	-11.1887	-11.0267
BLOCK06/SES063/SA063S20	SES187	-0.61238	-11.639	-11.0267
BLOCK06/SES063/SA063S24	SES029	-0.147668	-11.6175	-11.4698
BLOCK06/SES063/SA063S24	SES083	0.600228	-10.8696	-11.4698
BLOCK06/SES063/SA063S24	SES177	-0.0922079	-11.562	-11.4698
BLOCK06/SES063/SA063S24	SES189	0.763244	-10.7065	-11.4698
BLOCK06/SES063/SA063S27	SES083	-0.129607	-10.6401	-10.5105
BLOCK06/SES063/SA063S27	SES172	-0.467318	-10.9778	-10.5105
BLOCK06/SES063/SA063S27	SES187	-0.58471	-11.0952	-10.5105
BLOCK06/SES063/SA063S27	SES292	-0.514503	-11.025	-10.5105
BLOCK06/SES067/SA067S12	SES083	-1.01073	-9.5848	-8.57407
BLOCK06/SES067/SA067S12	SES172	-0.790813	-9.36489	-8.57407
BLOCK06/SES067/SA067S12	SES202	-0.027585	-8.60166	-8.57407
BLOCK06/SES067/SA067S12	SES292	-0.824767	-9.39884	-8.57407
BLOCK06/SES067/SA067S14	SES085	-0.486081	-7.77673	-7.29065
BLOCK06/SES067/SA067S14	SES177	-1.53175	-8.8224	-7.29065
BLOCK06/SES067/SA067S14	SES183	0.446252	-6.8444	-7.29065
BLOCK06/SES067/SA067S14	SES202	-0.164178	-7.45483	-7.29065
BLOCK06/SES067/SA067S21	SES144	-0.643216	-10.7571	-10.1139
BLOCK06/SES067/SA067S21	SES177	-0.822679	-10.9366	-10.1139
BLOCK06/SES067/SA067S21	SES183	-0.341043	-10.4549	-10.1139
BLOCK06/SES067/SA067S21	SES189	-1.14322	-11.2571	-10.1139
BLOCK06/SES067/SA067S25	SES085	-1.25097	-10.2811	-9.03009
BLOCK06/SES067/SA067S25	SES177	-0.865157	-9.89524	-9.03009
BLOCK06/SES067/SA067S25	SES183	-0.51093	-9.54102	-9.03009
BLOCK06/SES067/SA067S25	SES202	-1.20158	-10.2317	-9.03009
BLOCK06/SES067/SA067S29	SES085	-1.4337	-11.2956	-9.86192
BLOCK06/SES067/SA067S29	SES177	-1.18054	-11.0425	-9.86192
BLOCK06/SES067/SA067S29	SES183	-0.598577	-10.4605	-9.86192
BLOCK06/SES067/SA067S29	SES202	0.284695	-9.57722	-9.86192
BLOCK06/SES069/SA069S12	SES029	-0.462884	-9.87606	-9.41318
BLOCK06/SES069/SA069S12	SES082	-0.189192	-9.60237	-9.41318
BLOCK06/SES069/SA069S12	SES087	-0.671183	-10.0844	-9.41318
BLOCK06/SES069/SA069S12	SES206	0.0757189	-9.33746	-9.41318
BLOCK06/SES069/SA069S13	SES029	-0.0506392	-9.50645	-9.45581
BLOCK06/SES069/SA069S13	SES087	-0.340939	-9.79675	-9.45581
BLOCK06/SES069/SA069S13	SES206	-0.216975	-9.67279	-9.45581
BLOCK06/SES069/SA069S13	SES226	0.439626	-9.01619	-9.45581
BLOCK06/SES069/SA069S23	SES029	0.113973	-7.99314	-8.10711
BLOCK06/SES069/SA069S23	SES087	0.317284	-7.78983	-8.10711
BLOCK06/SES069/SA069S23	SES206	-0.073719	-8.18083	-8.10711
BLOCK06/SES069/SA069S23	SES226	-0.470379	-8.57749	-8.10711
BLOCK06/SES069/SA069S25	SES087	-0.325752	-9.54541	-9.21966
BLOCK06/SES069/SA069S25	SES206	-1.35622	-10.5759	-9.21966
BLOCK06/SES069/SA069S25	SES226	-0.212282	-9.43194	-9.21966
BLOCK06/SES069/SA069S25	SES270	-1.22222	-10.4419	-9.21966
BLOCK06/SES069/SA069S27	SES087	-0.90841	-10.8903	-9.98189
BLOCK06/SES069/SA069S27	SES206	0.306249	-9.67564	-9.98189
BLOCK06/SES069/SA069S27	SES226	-0.268814	-10.2507	-9.98189
BLOCK06/SES069/SA069S27	SES270	-0.922282	-10.9042	-9.98189
BLOCK08/SES081/SA081S11	SES060	-0.557971	-10.1551	-9.59716
BLOCK08/SES081/SA081S11	SES062	-0.203363	-9.80052	-9.59716
BLOCK08/SES081/SA081S11	SES117	-1.38751	-10.9847	-9.59716
BLOCK08/SES081/SA081S11	SES162	-1.77172	-11.3689	-9.59716
BLOCK08/SES081/SA081S13	SES016	-0.162404	-8.91682	-8.75441
BLOCK08/SES081/SA081S13	SES060	-0.0539684	-8.80838	-8.75441
BLOCK08/SES081/SA081S13	SES068	-0.203308	-8.95772	-8.75441
BLOCK08/SES081/SA081S13	SES129	-1.77014	-10.5246	-8.75441
BLOCK08/SES081/SA081S24	SES060	-0.391724	-9.89695	-9.50522
BLOCK08/SES081/SA081S24	SES068	0.00757027	-9.49765	-9.50522
BLOCK08/SES081/SA081S24	SES117	-0.64795	-10.1532	-9.50522
BLOCK08/SES081/SA081S24	SES275	-0.774908	-10.2801	-9.50522
BLOCK08/SES081/SA081S27	SES007	0.156985	-10.6704	-10.8274
BLOCK08/SES081/SA081S27	SES060	-0.355601	-11.183	-10.8274
BLOCK08/SES081/SA081S27	SES117	-0.946382	-11.7738	-10.8274
BLOCK08/SES081/SA081S27	SES275	-1.61296	-12.4404	-10.8274
BLOCK08/SES081/SA081S29	SES007	0.731071	-10.2791	-11.0102
BLOCK08/SES081/SA081S29	SES060	0.501536	-10.5087	-11.0102
BLOCK08/SES081/SA081S29	SES117	-0.462318	-11.4725	-11.0102
BLOCK08/SES081/SA081S29	SES275	-1.80059	-12.8108	-11.0102
BLOCK08/SES086/SA086S11	SES029	-1.02681	-12.5276	-11.5008
BLOCK08/SES086/SA086S11	SES082	-0.578904	-12.0797	-11.5008
BLOCK08/SES086/SA086S11	SES087	0.700086	-10.8007	-11.5008
BLOCK08/SES086/SA086S11	SES206	-0.321199	-11.822	-11.5008
BLOCK08/SES086/SA086S12	SES029	-0.735168	-11.2656	-10.5304
BLOCK08/SES086/SA086S12	SES082	-0.737649	-11.2681	-10.5304
BLOCK08/SES086/SA086S12	SES087	0.926636	-9.60379	-10.5304
BLOCK08/SES086/SA086S12	SES206	-0.257756	-10.7882	-10.5304
BLOCK08/SES086/SA086S20	SES029	-1.46017	-11.4805	-10.0204
BLOCK08/SES086/SA086S20	SES082	-0.624033	-10.6444	-10.0204
BLOCK08/SES086/SA086S20	SES087	0.276521	-9.74385	-10.0204
BLOCK08/SES086/SA086S20	SES206	-0.611192	-10.6316	-10.0204
BLOCK08/SES086/SA086S24	SES087	0.622812	-11.0386	-11.6614
BLOCK08/SES086/SA086S24	SES104	-0.249122	-11.9106	-11.6614
BLOCK08/SES086/SA086S24	SES120	-0.00181675	-11.6633	-11.6614
BLOCK08/SES086/SA086S24	SES206	0.124829	-11.5366	-11.6614
BLOCK08/SES086/SA086S28	SES029	-1.26756	-10.9801	-9.7125
BLOCK08/SES086/SA086S28	SES082	-0.285405	-9.9979	-9.7125
BLOCK08/SES086/SA086S28	SES087	0.49976	-9.21274	-9.7125
BLOCK08/SES086/SA086S28	SES206	-0.4011	-10.1136	-9.7125
BLOCK08/SES089/SA089S13	SES087	0.271213	-10.8433	-11.1145
BLOCK08/SES089/SA089S13	SES206	-0.528974	-11.6435	-11.1145
BLOCK08/SES089/SA089S13	SES226	0.426039	-10.6885	-11.1145
BLOCK08/SES089/SA089S13	SES270	-0.181838	-11.2963	-11.1145
BLOCK08/SES089/SA089S14	SES062	-0.147746	-9.9748	-9.82705
BLOCK08/SES089/SA089S14	SES087	0.363417	-9.46364	-9.82705
BLOCK08/SES089/SA089S14	SES206	-0.306826	-10.1339	-9.82705
BLOCK08/SES089/SA089S14	SES226	-0.458542	-10.2856	-9.82705
BLOCK08/SES089/SA089S23	SES087	0.420918	-12.1164	-12.5373
BLOCK08/SES089/SA089S23	SES206	-0.250517	-12.7878	-12.5373
BLOCK08/SES089/SA089S23	SES226	0.837458	-11.6998	-12.5373
BLOCK08/SES089/SA089S23	SES270	-0.416577	-12.9539	-12.5373
BLOCK08/SES089/SA089S25	SES062	0.355006	-10.0668	-10.4218
BLOCK08/SES089/SA089S25	SES087	0.642139	-9.77962	-10.4218
BLOCK08/SES089/SA089S25	SES206	-0.699894	-11.1217	-10.4218
BLOCK08/SES089/SA089S25	SES226	0.344475	-10.0773	-10.4218
BLOCK08/SES089/SA089S28	SES062	0.540829	-10.3361	-10.877
BLOCK08/SES089/SA089S28	SES087	1.00523	-9.87174	-10.877
BLOCK08/SES089/SA089S28	SES206	-0.332465	-11.2094	-10.877
BLOCK08/SES089/SA089S28	SES226	0.844851	-10.0321	-10.877
BLOCK09/SES097/SA097S11	SES099	-0.160983	-11.341	-11.18
BLOCK09/SES097/SA097S11	SES125	0.106857	-11.0731	-11.18
BLOCK09/SES097/SA097S11	SES206	-0.865959	-12.0459	-11.18
BLOCK09/SES097/SA097S11	SES226	0.992789	-10.1872	-11.18
BLOCK09/SES097/SA097S14	SES062	-0.172626	-10.9001	-10.7275
BLOCK09/SES097/SA097S14	SES099	-0.607909	-11.3354	-10.7275
BLOCK09/SES097/SA097S14	SES104	0.441879	-10.2856	-10.7275
BLOCK09/SES097/SA097S14	SES206	-0.985198	-11.7127	-10.7275
BLOCK09/SES097/SA097S22	SES099	1.00874	-10.2654	-11.2741
BLOCK09/SES097/SA097S22	SES206	0.0234842	-11.2507	-11.2741
BLOCK09/SES097/SA097S22	SES226	1.29296	-9.98117	-11.2741
BLOCK09/SES097/SA097S22	SES270	0.418903	-10.8552	-11.2741
BLOCK09/SES097/SA097S26	SES099	1.32952	-11.0358	-12.3653
BLOCK09/SES097/SA097S26	SES120	-0.321577	-12.6869	-12.3653
BLOCK09/SES097/SA097S26	SES206	0.00184822	-12.3635	-12.3653
BLOCK09/SES097/SA097S26	SES226	2.00188	-10.3635	-12.3653
BLOCK09/SES097/SA097S28	SES099	0.326069	-9.78599	-10.1121
BLOCK09/SES097/SA097S28	SES120	-0.221558	-10.3336	-10.1121
BLOCK09/SES097/SA097S28	SES206	-0.192456	-10.3045	-10.1121
BLOCK09/SES097/SA097S28	SES226	0.527596	-9.58446	-10.1121
BLOCK09/SES098/SA098S11	SES127	-0.270791	-9.64254	-9.37174
BLOCK09/SES098/SA098S11	SES144	0.0250206	-9.34672	-9.37174
BLOCK09/SES098/SA098S11	SES147	0.0205317	-9.35121	-9.37174
BLOCK09/SES098/SA098S11	SES148	-1.50517	-10.8769	-9.37174
BLOCK09/SES098/SA098S12	SES127	-1.29964	-12.202	-10.9024
BLOCK09/SES098/SA098S12	SES144	-1.06699	-11.9694	-10.9024
BLOCK09/SES098/SA098S12	SES147	-0.829583	-11.732	-10.9024
BLOCK09/SES098/SA098S12	SES189	-1.14953	-12.0519	-10.9024
BLOCK09/SES098/SA098S20	SES127	-1.96165	-12.602	-10.6404
BLOCK09/SES098/SA098S20	SES147	-0.568054	-11.2084	-10.6404
BLOCK09/SES098/SA098S20	SES148	-5.13988	-15.7802	-10.6404
BLOCK09/SES098/SA098S20	SES292	-0.274515	-10.9149	-10.6404
BLOCK09/SES098/SA098S23	SES127	-1.06086	-11.1381	-10.0772
BLOCK09/SES098/SA098S23	SES147	-0.691771	-10.769	-10.0772
BLOCK09/SES098/SA098S23	SES187	-0.334802	-10.412	-10.0772
BLOCK09/SES098/SA098S23	SES292	-0.452618	-10.5299	-10.0772
BLOCK09/SES098/SA098S27	SES127	-1.51299	-11.542	-10.029
BLOCK09/SES098/SA098S27	SES147	-1.62038	-11.6494	-10.029
BLOCK09/SES098/SA098S27	SES148	-2.29721	-12.3262	-10.029
BLOCK09/SES098/SA098S27	SES292	-0.369974	-10.399	-10.029
BLOCK10/SES102/SA102S13	SES101	0.316034	-10.8439	-11.16
BLOCK10/SES102/SA102S13	SES105	-0.350228	-11.5102	-11.16
BLOCK10/SES102/SA102S13	SES120	-1.45876	-12.6187	-11.16
BLOCK10/SES102/SA102S13	SES158	-0.739702	-11.8997	-11.16
BLOCK10/SES102/SA102S14	SES007	-0.43982	-9.06664	-8.62682
BLOCK10/SES102/SA102S14	SES101	-0.286049	-8.91287	-8.62682
BLOCK10/SES102/SA102S14	SES105	-0.170311	-8.79713	-8.62682
BLOCK10/SES102/SA102S14	SES147	-0.700651	-9.32747	-8.62682
BLOCK10/SES102/SA102S22	SES007	-0.950287	-10.4004	-9.45009
BLOCK10/SES102/SA102S22	SES101	0.182403	-9.26769	-9.45009
BLOCK10/SES102/SA102S22	SES105	-0.0524998	-9.50259	-9.45009
BLOCK10/SES102/SA102S22	SES158	-1.12367	-10.5738	-9.45009
BLOCK10/SES102/SA102S25	SES007	-0.83884	-9.77108	-8.93224
BLOCK10/SES102/SA102S25	SES101	-0.11614	-9.04838	-8.93224
BLOCK10/SES102/SA102S25	SES105	-0.237331	-9.16957	-8.93224
BLOCK10/SES102/SA102S25	SES147	-1.11709	-10.0493	-8.93224
BLOCK10/SES102/SA102S27	SES007	-0.181818	-9.73136	-9.54955
BLOCK10/SES102/SA102S27	SES101	0.427138	-9.12241	-9.54955
BLOCK10/SES102/SA102S27	SES105	-0.535139	-10.0847	-9.54955
BLOCK10/SES102/SA102S27	SES147	-1.04701	-10.5966	-9.54955
BLOCK10/SES103/SA103S14	SES105	-0.476479	-11.3626	-10.8861
BLOCK10/SES103/SA103S14	SES106	-0.569351	-11.4554	-10.8861
BLOCK10/SES103/SA103S14	SES120	-1.25446	-12.1405	-10.8861
BLOCK10/SES103/SA103S14	SES206	-0.294518	-11.1806	-10.8861
BLOCK10/SES103/SA103S15	SES099	-0.300531	-11.8824	-11.5819
BLOCK10/SES103/SA103S15	SES101	-1.13459	-12.7165	-11.5819
BLOCK10/SES103/SA103S15	SES104	-0.294574	-11.8765	-11.5819
BLOCK10/SES103/SA103S15	SES125	-0.639316	-12.2212	-11.5819
BLOCK10/SES103/SA103S24	SES104	-0.385568	-11.0671	-10.6815
BLOCK10/SES103/SA103S24	SES125	-1.49056	-12.1721	-10.6815
BLOCK10/SES103/SA103S24	SES148	-0.995464	-11.677	-10.6815
BLOCK10/SES103/SA103S24	SES158	-1.50015	-12.1817	-10.6815
BLOCK10/SES103/SA103S26	SES104	-0.455284	-10.5161	-10.0609
BLOCK10/SES103/SA103S26	SES106	-0.387375	-10.4482	-10.0609
BLOCK10/SES103/SA103S26	SES125	-0.399042	-10.4599	-10.0609
BLOCK10/SES103/SA103S26	SES148	-1.10515	-11.166	-10.0609
BLOCK10/SES103/SA103S28	SES104	-0.12845	-11.0003	-10.8719
BLOCK10/SES103/SA103S28	SES106	-0.602839	-11.4747	-10.8719
BLOCK10/SES103/SA103S28	SES125	-0.88594	-11.7578	-10.8719
BLOCK10/SES103/SA103S28	SES206	-0.147869	-11.0197	-10.8719
BLOCK12/SES121/SA121S12	SES042	-1.00278	-10.9752	-9.97239
BLOCK12/SES121/SA121S12	SES087	-0.65154	-10.6239	-9.97239
BLOCK12/SES121/SA121S12	SES105	-0.150475	-10.1229	-9.97239
BLOCK12/SES121/SA121S12	SES206	-0.35053	-10.3229	-9.97239
BLOCK12/SES121/SA121S14	SES007	-0.348597	-13.9663	-13.6177
BLOCK12/SES121/SA121S14	SES105	-1.00719	-14.6249	-13.6177
BLOCK12/SES121/SA121S14	SES106	-0.0385876	-13.6563	-13.6177
BLOCK12/SES121/SA121S14	SES206	-0.896518	-14.5142	-13.6177
BLOCK12/SES121/SA121S23	SES105	-0.295901	-13.6099	-13.314
BLOCK12/SES121/SA121S23	SES106	-1.09821	-14.4122	-13.314
BLOCK12/SES121/SA121S23	SES120	-1.04173	-14.3557	-13.314
BLOCK12/SES121/SA121S23	SES206	-0.605262	-13.9193	-13.314
BLOCK12/SES121/SA121S25	SES007	0.557692	-13.0076	-13.5652
BLOCK12/SES121/SA121S25	SES105	-1.21267	-14.7779	-13.5652
BLOCK12/SES121/SA121S25	SES106	1.04262	-12.5226	-13.5652
BLOCK12/SES121/SA121S25	SES206	-0.661079	-14.2263	-13.5652
BLOCK12/SES121/SA121S27	SES087	1.06468	-11.7526	-12.8173
BLOCK12/SES121/SA121S27	SES105	-1.25777	-14.075	-12.8173
BLOCK12/SES121/SA121S27	SES120	0.0747719	-12.7425	-12.8173
BLOCK12/SES121/SA121S27	SES206	-0.705929	-13.5232	-12.8173
BLOCK12/SES124/SA124S16	SES042	-0.00476646	-8.39336	-8.38859
BLOCK12/SES124/SA124S16	SES082	-0.227877	-8.61647	-8.38859
BLOCK12/SES124/SA124S16	SES183	-0.531052	-8.91964	-8.38859
BLOCK12/SES124/SA124S16	SES206	-0.478552	-8.86714	-8.38859
BLOCK12/SES124/SA124S17	SES105	-0.438044	-10.0697	-9.63169
BLOCK12/SES124/SA124S17	SES149	-0.249892	-9.88158	-9.63169
BLOCK12/SES124/SA124S17	SES158	-0.611168	-10.2429	-9.63169
BLOCK12/SES124/SA124S17	SES275	-0.492478	-10.1242	-9.63169
BLOCK12/SES124/SA124S23	SES105	-1.47687	-9.63879	-8.16192
BLOCK12/SES124/SA124S23	SES125	0.794986	-7.36693	-8.16192
BLOCK12/SES124/SA124S23	SES129	-1.48282	-9.64474	-8.16192
BLOCK12/SES124/SA124S23	SES158	-0.500341	-8.66226	-8.16192
BLOCK12/SES124/SA124S26	SES105	-1.05617	-10.1383	-9.0821
BLOCK12/SES124/SA124S26	SES125	-0.104684	-9.18679	-9.0821
BLOCK12/SES124/SA124S26	SES129	-1.2633	-10.3454	-9.0821
BLOCK12/SES124/SA124S26	SES158	0.0276604	-9.05444	-9.0821
BLOCK12/SES124/SA124S28	SES104	0.334694	-8.12437	-8.45906
BLOCK12/SES124/SA124S28	SES106	-0.311283	-8.77035	-8.45906
BLOCK12/SES124/SA124S28	SES125	0.600013	-7.85905	-8.45906
BLOCK12/SES124/SA124S28	SES275	-0.24577	-8.70483	-8.45906
BLOCK12/SES126/SA126S13	SES007	-0.0608912	-9.80901	-9.74812
BLOCK12/SES126/SA126S13	SES162	-0.729228	-10.4773	-9.74812
BLOCK12/SES126/SA126S13	SES177	-0.00458431	-9.7527	-9.74812
BLOCK12/SES126/SA126S13	SES180	-0.978668	-10.7268	-9.74812
BLOCK12/SES126/SA126S14	SES144	0.169608	-9.30926	-9.47887
BLOCK12/SES126/SA126S14	SES148	-0.802463	-10.2813	-9.47887
BLOCK12/SES126/SA126S14	SES177	0.221142	-9.25773	-9.47887
BLOCK12/SES126/SA126S14	SES180	-0.427961	-9.90683	-9.47887
BLOCK12/SES126/SA126S20	SES007	-0.513783	-8.76764	-8.25385
BLOCK12/SES126/SA126S20	SES162	-0.785023	-9.03888	-8.25385
BLOCK12/SES126/SA126S20	SES172	-0.768737	-9.02259	-8.25385
BLOCK12/SES126/SA126S20	SES180	-0.551391	-8.80525	-8.25385
BLOCK12/SES126/SA126S24	SES120	0.181776	-8.83538	-9.01716
BLOCK12/SES126/SA126S24	SES162	-0.450364	-9.46752	-9.01716
BLOCK12/SES126/SA126S24	SES177	-0.0208941	-9.03805	-9.01716
BLOCK12/SES126/SA126S24	SES180	-0.172481	-9.18964	-9.01716
BLOCK12/SES126/SA126S26	SES120	0.835083	-8.93482	-9.7699
BLOCK12/SES126/SA126S26	SES177	-0.553697	-10.3236	-9.7699
BLOCK12/SES126/SA126S26	SES180	0.0852461	-9.68466	-9.7699
BLOCK12/SES126/SA126S26	SES202	-0.102984	-9.87289	-9.7699
BLOCK12/SES128/SA128S10	SES087	-0.815947	-11.0832	-10.2673
BLOCK12/SES128/SA128S10	SES206	0.0251827	-10.2421	-10.2673
BLOCK12/SES128/SA128S10	SES226	-0.411507	-10.6788	-10.2673
BLOCK12/SES128/SA128S10	SES270	-0.41601	-10.6833	-10.2673
BLOCK12/SES128/SA128S12	SES120	0.466849	-9.70066	-10.1675
BLOCK12/SES128/SA128S12	SES158	0.041254	-10.1263	-10.1675
BLOCK12/SES128/SA128S12	SES206	0.280334	-9.88717	-10.1675
BLOCK12/SES128/SA128S12	SES226	-1.21296	-11.3805	-10.1675
BLOCK12/SES128/SA128S21	SES106	-0.252909	-10.8367	-10.5838
BLOCK12/SES128/SA128S21	SES120	0.182864	-10.401	-10.5838
BLOCK12/SES128/SA128S21	SES206	0.355671	-10.2282	-10.5838
BLOCK12/SES128/SA128S21	SES226	1.05711	-9.52672	-10.5838
BLOCK12/SES128/SA128S24	SES087	0.050251	-10.9564	-11.0066
BLOCK12/SES128/SA128S24	SES120	0.0724134	-10.9342	-11.0066
BLOCK12/SES128/SA128S24	SES206	-0.00732803	-11.0139	-11.0066
BLOCK12/SES128/SA128S24	SES226	-0.597837	-11.6045	-11.0066
BLOCK12/SES128/SA128S27	SES099	0.302932	-9.51335	-9.81628
BLOCK12/SES128/SA128S27	SES120	-0.00119114	-9.81747	-9.81628
BLOCK12/SES128/SA128S27	SES206	-0.423339	-10.2396	-9.81628
BLOCK12/SES128/SA128S27	SES226	-0.779912	-10.5962	-9.81628
BLOCK13/SES130/SA130S13	SES143	0.353164	-10.166	-10.5192
BLOCK13/SES130/SA130S13	SES144	0.579848	-9.93933	-10.5192
BLOCK13/SES130/SA130S13	SES146	-0.9558	-11.475	-10.5192
BLOCK13/SES130/SA130S13	SES275	-1.37552	-11.8947	-10.5192
BLOCK13/SES130/SA130S15	SES143	-0.38969	-9.77434	-9.38465
BLOCK13/SES130/SA130S15	SES144	0.719432	-8.66522	-9.38465
BLOCK13/SES130/SA130S15	SES146	-0.307416	-9.69207	-9.38465
BLOCK13/SES130/SA130S15	SES275	-0.115179	-9.49983	-9.38465
BLOCK13/SES130/SA130S23	SES127	0.0577021	-9.59456	-9.65227
BLOCK13/SES130/SA130S23	SES144	0.452664	-9.1996	-9.65227
BLOCK13/SES130/SA130S23	SES146	-0.62906	-10.2813	-9.65227
BLOCK13/SES130/SA130S23	SES162	-0.202389	-9.85465	-9.65227
BLOCK13/SES130/SA130S25	SES127	0.0659561	-8.64279	-8.70875
BLOCK13/SES130/SA130S25	SES144	0.416347	-8.2924	-8.70875
BLOCK13/SES130/SA130S25	SES146	-0.177361	-8.88611	-8.70875
BLOCK13/SES130/SA130S25	SES275	-0.979801	-9.68855	-8.70875
BLOCK13/SES130/SA130S28	SES127	0.189379	-9.41189	-9.60127
BLOCK13/SES130/SA130S28	SES144	0.109027	-9.49224	-9.60127
BLOCK13/SES130/SA130S28	SES146	0.0924129	-9.50886	-9.60127
BLOCK13/SES130/SA130S28	SES275	-0.812565	-10.4138	-9.60127
BLOCK13/SES131/SA131S13	SES002	-0.200282	-10.1695	-9.96925
BLOCK13/SES131/SA131S13	SES007	-0.841783	-10.811	-9.96925
BLOCK13/SES131/SA131S13	SES099	0.148274	-9.82097	-9.96925
BLOCK13/SES131/SA131S13	SES105	-0.497525	-10.4668	-9.96925
BLOCK13/SES131/SA131S14	SES104	-0.1259	-7.44141	-7.31551
BLOCK13/SES131/SA131S14	SES106	-0.907804	-8.22332	-7.31551
BLOCK13/SES131/SA131S14	SES125	-0.588948	-7.90446	-7.31551
BLOCK13/SES131/SA131S14	SES148	0.279206	-7.03631	-7.31551
BLOCK13/SES131/SA131S20	SES104	-0.105236	-10.7536	-10.6483
BLOCK13/SES131/SA131S20	SES106	-0.110866	-10.7592	-10.6483
BLOCK13/SES131/SA131S20	SES125	-0.064395	-10.7127	-10.6483
BLOCK13/SES131/SA131S20	SES148	-0.494872	-11.1432	-10.6483
BLOCK13/SES131/SA131S22	SES099	-0.449629	-9.23751	-8.78788
BLOCK13/SES131/SA131S22	SES104	-0.504004	-9.29188	-8.78788
BLOCK13/SES131/SA131S22	SES125	-0.0650368	-8.85292	-8.78788
BLOCK13/SES131/SA131S22	SES206	-0.850012	-9.63789	-8.78788
BLOCK13/SES131/SA131S29	SES087	-0.888534	-12.0111	-11.1225
BLOCK13/SES131/SA131S29	SES104	-0.832164	-11.9547	-11.1225
BLOCK13/SES131/SA131S29	SES125	-1.76632	-12.8889	-11.1225
BLOCK13/SES131/SA131S29	SES206	-0.766936	-11.8895	-11.1225
BLOCK13/SES132/SA132S11	SES083	-0.815275	-10.5254	-9.71012
BLOCK13/SES132/SA132S11	SES120	0.261515	-9.44861	-9.71012
BLOCK13/SES132/SA132S11	SES127	-1.53782	-11.2479	-9.71012
BLOCK13/SES132/SA132S11	SES275	-1.08161	-10.7917	-9.71012
BLOCK13/SES132/SA132S12	SES083	-1.18919	-10.0841	-8.89489
BLOCK13/SES132/SA132S12	SES143	-1.42193	-10.3168	-8.89489
BLOCK13/SES132/SA132S12	SES144	-0.561979	-9.45687	-8.89489
BLOCK13/SES132/SA132S12	SES148	-1.78758	-10.6825	-8.89489
BLOCK13/SES132/SA132S22	SES062	-0.935199	-11.084	-10.1488
BLOCK13/SES132/SA132S22	SES083	-1.04601	-11.1948	-10.1488
BLOCK13/SES132/SA132S22	SES127	-2.09452	-12.2433	-10.1488
BLOCK13/SES132/SA132S22	SES275	-0.744633	-10.8934	-10.1488
BLOCK13/SES132/SA132S24	SES007	0.285731	-8.81475	-9.10048
BLOCK13/SES132/SA132S24	SES083	-0.670211	-9.77069	-9.10048
BLOCK13/SES132/SA132S24	SES127	-2.09873	-11.1992	-9.10048
BLOCK13/SES132/SA132S24	SES275	-1.13973	-10.2402	-9.10048
BLOCK13/SES132/SA132S27	SES083	-1.606	-12.3005	-10.6945
BLOCK13/SES132/SA132S27	SES120	0.756373	-9.93816	-10.6945
BLOCK13/SES132/SA132S27	SES127	-2.97111	-13.6656	-10.6945
BLOCK13/SES132/SA132S27	SES275	-1.88913	-12.5837	-10.6945
BLOCK14/SES141/SA141S09	SES143	-0.25475	-8.95633	-8.70158
BLOCK14/SES141/SA141S09	SES144	0.256799	-8.44478	-8.70158
BLOCK14/SES141/SA141S09	SES162	0.0860472	-8.61553	-8.70158
BLOCK14/SES141/SA141S09	SES180	-0.0582685	-8.75985	-8.70158
BLOCK14/SES141/SA141S15	SES127	-0.751019	-9.80375	-9.05273
BLOCK14/SES141/SA141S15	SES144	-0.660921	-9.71365	-9.05273
BLOCK14/SES141/SA141S15	SES162	-1.01414	-10.0669	-9.05273
BLOCK14/SES141/SA141S15	SES180	-0.370522	-9.42325	-9.05273
BLOCK14/SES141/SA141S24	SES127	-0.793365	-10.3165	-9.52313
BLOCK14/SES141/SA141S24	SES144	-0.939758	-10.4629	-9.52313
BLOCK14/SES141/SA141S24	SES162	-0.569619	-10.0927	-9.52313
BLOCK14/SES141/SA141S24	SES183	-1.10283	-10.626	-9.52313
BLOCK14/SES141/SA141S26	SES142	0.0928011	-9.76985	-9.86265
BLOCK14/SES141/SA141S26	SES144	-0.48106	-10.3437	-9.86265
BLOCK14/SES141/SA141S26	SES172	-0.755587	-10.6182	-9.86265
BLOCK14/SES141/SA141S26	SES180	-0.69807	-10.5607	-9.86265
BLOCK14/SES141/SA141S29	SES127	-0.199813	-9.18186	-8.98204
BLOCK14/SES141/SA141S29	SES142	0.237718	-8.74433	-8.98204
BLOCK14/SES141/SA141S29	SES144	-0.0158358	-8.99788	-8.98204
BLOCK14/SES141/SA141S29	SES180	0.341663	-8.64038	-8.98204
BLOCK15/SES157/SA157S08	SES083	-0.359767	-8.54181	-8.18204
BLOCK15/SES157/SA157S08	SES127	-0.408278	-8.59032	-8.18204
BLOCK15/SES157/SA157S08	SES148	-0.596773	-8.77882	-8.18204
BLOCK15/SES157/SA157S08	SES292	-0.896937	-9.07898	-8.18204
BLOCK15/SES157/SA157S11	SES083	-0.377396	-9.57849	-9.2011
BLOCK15/SES157/SA157S11	SES127	-0.756189	-9.95729	-9.2011
BLOCK15/SES157/SA157S11	SES148	-0.900068	-10.1012	-9.2011
BLOCK15/SES157/SA157S11	SES292	-0.80119	-10.0023	-9.2011
BLOCK15/SES157/SA157S21	SES127	0.272854	-7.94704	-8.21989
BLOCK15/SES157/SA157S21	SES148	0.242105	-7.97779	-8.21989
BLOCK15/SES157/SA157S21	SES158	-1.984	-10.2039	-8.21989
BLOCK15/SES157/SA157S21	SES292	-0.43972	-8.65961	-8.21989
BLOCK15/SES157/SA157S24	SES127	-0.0734835	-9.18819	-9.11471
BLOCK15/SES157/SA157S24	SES148	-0.412755	-9.52746	-9.11471
BLOCK15/SES157/SA157S24	SES183	-0.940132	-10.0548	-9.11471
BLOCK15/SES157/SA157S24	SES292	-0.681956	-9.79667	-9.11471
BLOCK15/SES157/SA157S26	SES007	-0.818152	-9.38006	-8.56191
BLOCK15/SES157/SA157S26	SES127	0.313775	-8.24814	-8.56191
BLOCK15/SES157/SA157S26	SES147	-0.577711	-9.13962	-8.56191
BLOCK15/SES157/SA157S26	SES148	-0.478602	-9.04051	-8.56191
BLOCK16/SES161/SA161S10	SES007	-0.77007	-10.0707	-9.30066
BLOCK16/SES161/SA161S10	SES105	-0.288869	-9.58953	-9.30066
BLOCK16/SES161/SA161S10	SES158	-1.03413	-10.3348	-9.30066
BLOCK16/SES161/SA161S10	SES275	-0.658724	-9.95938	-9.30066
BLOCK16/SES161/SA161S12	SES007	-1.41044	-13.8202	-12.4097
BLOCK16/SES161/SA161S12	SES105	-1.18808	-13.5978	-12.4097
BLOCK16/SES161/SA161S12	SES158	-0.735994	-13.1457	-12.4097
BLOCK16/SES161/SA161S12	SES275	-2.22902	-14.6388	-12.4097
BLOCK16/SES161/SA161S20	SES007	0.177691	-11.0264	-11.2041
BLOCK16/SES161/SA161S20	SES105	-1.10459	-12.3087	-11.2041
BLOCK16/SES161/SA161S20	SES158	0.650754	-10.5534	-11.2041
BLOCK16/SES161/SA161S20	SES275	-2.04038	-13.2445	-11.2041
BLOCK16/SES161/SA161S23	SES007	-3.21798	-15.2297	-12.0117
BLOCK16/SES161/SA161S23	SES105	-0.122025	-12.1338	-12.0117
BLOCK16/SES161/SA161S23	SES148	-1.22044	-13.2322	-12.0117
BLOCK16/SES161/SA161S23	SES158	-3.78759	-15.7993	-12.0117
BLOCK16/SES161/SA161S28	SES007	-0.478532	-11.8065	-11.328
BLOCK16/SES161/SA161S28	SES105	-1.5652	-12.8932	-11.328
BLOCK16/SES161/SA161S28	SES158	0.234636	-11.0934	-11.328
BLOCK16/SES161/SA161S28	SES206	-0.0322313	-11.3602	-11.328
BLOCK16/SES164/SA164S11	SES104	0.657823	-9.78504	-10.4429
BLOCK16/SES164/SA164S11	SES125	0.888843	-9.55402	-10.4429
BLOCK16/SES164/SA164S11	SES158	0.432736	-10.0101	-10.4429
BLOCK16/SES164/SA164S11	SES206	-0.0215635	-10.4644	-10.4429
BLOCK16/SES164/SA164S13	SES099	-1.51219	-12.0103	-10.4981
BLOCK16/SES164/SA164S13	SES104	-0.255523	-10.7536	-10.4981
BLOCK16/SES164/SA164S13	SES125	-0.478786	-10.9769	-10.4981
BLOCK16/SES164/SA164S13	SES206	-0.922579	-11.4207	-10.4981
BLOCK16/SES164/SA164S24	SES002	1.12977	-8.57381	-9.70357
BLOCK16/SES164/SA164S24	SES099	-1.09149	-10.7951	-9.70357
BLOCK16/SES164/SA164S24	SES125	-0.407112	-10.1107	-9.70357
BLOCK16/SES164/SA164S24	SES226	0.891471	-8.8121	-9.70357
BLOCK16/SES164/SA164S27	SES087	-1.59447	-11.6654	-10.071
BLOCK16/SES164/SA164S27	SES125	-0.526734	-10.5977	-10.071
BLOCK16/SES164/SA164S27	SES206	-1.3721	-11.4431	-10.071
BLOCK16/SES164/SA164S27	SES226	0.584538	-9.48642	-10.071
BLOCK16/SES164/SA164S29	SES002	0.675823	-9.61479	-10.2906
BLOCK16/SES164/SA164S29	SES019	-0.184099	-10.4747	-10.2906
BLOCK16/SES164/SA164S29	SES125	-0.00165653	-10.2923	-10.2906
BLOCK16/SES164/SA164S29	SES226	0.736359	-9.55426	-10.2906
BLOCK16/SES169/SA169S13	SES117	-0.60307	-9.96523	-9.36216
BLOCK16/SES169/SA169S13	SES144	-0.490511	-9.85267	-9.36216
BLOCK16/SES169/SA169S13	SES146	0.00978088	-9.35238	-9.36216
BLOCK16/SES169/SA169S13	SES162	-0.849656	-10.2118	-9.36216
BLOCK16/SES169/SA169S14	SES144	-0.295778	-8.90245	-8.60668
BLOCK16/SES169/SA169S14	SES148	-0.0122108	-8.61889	-8.60668
BLOCK16/SES169/SA169S14	SES177	0.141776	-8.4649	-8.60668
BLOCK16/SES169/SA169S14	SES180	0.178207	-8.42847	-8.60668
BLOCK16/SES169/SA169S24	SES117	-0.326822	-9.95788	-9.63106
BLOCK16/SES169/SA169S24	SES144	-0.0213623	-9.65242	-9.63106
BLOCK16/SES169/SA169S24	SES146	-0.202651	-9.83371	-9.63106
BLOCK16/SES169/SA169S24	SES162	-0.682646	-10.3137	-9.63106
BLOCK16/SES169/SA169S27	SES127	-0.19021	-9.45626	-9.26605
BLOCK16/SES169/SA169S27	SES129	-1.00364	-10.2697	-9.26605
BLOCK16/SES169/SA169S27	SES144	-0.711332	-9.97738	-9.26605
BLOCK16/SES169/SA169S27	SES146	0.0878601	-9.17819	-9.26605
BLOCK16/SES169/SA169S29	SES144	-0.154002	-8.2772	-8.1232
BLOCK16/SES169/SA169S29	SES162	-0.325819	-8.44902	-8.1232
BLOCK16/SES169/SA169S29	SES177	-0.556749	-8.67995	-8.1232
BLOCK16/SES169/SA169S29	SES180	-0.614132	-8.73733	-8.1232
BLOCK17/SES171/SA171S12	SES083	-0.456717	-11.1995	-10.7428
BLOCK17/SES171/SA171S12	SES148	-0.59936	-11.3422	-10.7428
BLOCK17/SES171/SA171S12	SES172	-0.629849	-11.3727	-10.7428
BLOCK17/SES171/SA171S12	SES292	-1.23256	-11.9754	-10.7428
BLOCK17/SES171/SA171S15	SES148	-0.491961	-9.98531	-9.49335
BLOCK17/SES171/SA171S15	SES177	-0.488801	-9.98215	-9.49335
BLOCK17/SES171/SA171S15	SES180	-1.07045	-10.5638	-9.49335
BLOCK17/SES171/SA171S15	SES292	-0.685972	-10.1793	-9.49335
BLOCK17/SES171/SA171S22	SES007	-0.888721	-8.56553	-7.67681
BLOCK17/SES171/SA171S22	SES148	-0.227288	-7.9041	-7.67681
BLOCK17/SES171/SA171S22	SES177	-0.0849819	-7.76179	-7.67681
BLOCK17/SES171/SA171S22	SES180	-1.10411	-8.78092	-7.67681
BLOCK17/SES171/SA171S25	SES101	-0.618878	-10.8486	-10.2297
BLOCK17/SES171/SA171S25	SES120	-1.42541	-11.6551	-10.2297
BLOCK17/SES171/SA171S25	SES177	-0.426879	-10.6566	-10.2297
BLOCK17/SES171/SA171S25	SES180	-0.377927	-10.6076	-10.2297
BLOCK17/SES171/SA171S27	SES177	-0.0117378	-10.4245	-10.4128
BLOCK17/SES171/SA171S27	SES180	-1.25148	-11.6643	-10.4128
BLOCK17/SES171/SA171S27	SES189	0.532653	-9.88012	-10.4128
BLOCK17/SES171/SA171S27	SES292	-1.17721	-11.59	-10.4128
BLOCK17/SES173/SA173S13	SES162	-2.28913	-11.4151	-9.12596
BLOCK17/SES173/SA173S13	SES177	-0.764715	-9.89067	-9.12596
BLOCK17/SES173/SA173S13	SES180	-1.16582	-10.2918	-9.12596
BLOCK17/SES173/SA173S13	SES292	-0.351553	-9.47751	-9.12596
BLOCK17/SES173/SA173S14	SES007	-1.21126	-9.92434	-8.71308
BLOCK17/SES173/SA173S14	SES162	-2.45814	-11.1712	-8.71308
BLOCK17/SES173/SA173S14	SES177	-0.676882	-9.38997	-8.71308
BLOCK17/SES173/SA173S14	SES180	-1.52586	-10.2389	-8.71308
BLOCK17/SES173/SA173S24	SES144	-1.35965	-11.1269	-9.76726
BLOCK17/SES173/SA173S24	SES162	-1.87209	-11.6393	-9.76726
BLOCK17/SES173/SA173S24	SES177	-0.140043	-9.9073	-9.76726
BLOCK17/SES173/SA173S24	SES180	-1.88494	-11.6522	-9.76726
BLOCK17/SES173/SA173S27	SES162	-2.80915	-12.4327	-9.62358
BLOCK17/SES173/SA173S27	SES177	-1.26467	-10.8882	-9.62358
BLOCK17/SES173/SA173S27	SES180	-1.07062	-10.6942	-9.62358
BLOCK17/SES173/SA173S27	SES292	-0.421209	-10.0448	-9.62358
BLOCK17/SES173/SA173S29	SES162	-1.07375	-10.5663	-9.49256
BLOCK17/SES173/SA173S29	SES175	0.0863228	-9.40623	-9.49256
BLOCK17/SES173/SA173S29	SES177	-0.289317	-9.78187	-9.49256
BLOCK17/SES173/SA173S29	SES292	-0.471824	-9.96438	-9.49256
BLOCK18/SES182/SA182S10	SES144	-0.930384	-9.29098	-8.3606
BLOCK18/SES182/SA182S10	SES177	-0.772465	-9.13306	-8.3606
BLOCK18/SES182/SA182S10	SES180	-2.03774	-10.3983	-8.3606
BLOCK18/SES182/SA182S10	SES275	-1.97126	-10.3319	-8.3606
BLOCK18/SES182/SA182S12	SES144	-0.780939	-9.19741	-8.41647
BLOCK18/SES182/SA182S12	SES177	-0.918414	-9.33488	-8.41647
BLOCK18/SES182/SA182S12	SES180	-2.36966	-10.7861	-8.41647
BLOCK18/SES182/SA182S12	SES275	-1.48715	-9.90362	-8.41647
BLOCK18/SES182/SA182S21	SES117	-0.632033	-11.1342	-10.5022
BLOCK18/SES182/SA182S21	SES144	-0.831001	-11.3332	-10.5022
BLOCK18/SES182/SA182S21	SES162	-0.960127	-11.4623	-10.5022
BLOCK18/SES182/SA182S21	SES180	-1.92952	-12.4317	-10.5022
BLOCK18/SES182/SA182S23	SES117	-1.34557	-12.0258	-10.6802
BLOCK18/SES182/SA182S23	SES144	-2.10385	-12.7841	-10.6802
BLOCK18/SES182/SA182S23	SES180	-3.32927	-14.0095	-10.6802
BLOCK18/SES182/SA182S23	SES275	-2.35055	-13.0308	-10.6802
BLOCK18/SES182/SA182S25	SES007	0.665965	-9.23467	-9.90063
BLOCK18/SES182/SA182S25	SES162	-0.298918	-10.1996	-9.90063
BLOCK18/SES182/SA182S25	SES177	-0.189137	-10.0898	-9.90063
BLOCK18/SES182/SA182S25	SES180	-1.49151	-11.3921	-9.90063
BLOCK18/SES184/SA184S12	SES177	-0.60291	-9.6753	-9.07239
BLOCK18/SES184/SA184S12	SES180	-0.143274	-9.21567	-9.07239
BLOCK18/SES184/SA184S12	SES189	-1.29152	-10.3639	-9.07239
BLOCK18/SES184/SA184S12	SES292	-0.380687	-9.45308	-9.07239
BLOCK18/SES184/SA184S13	SES101	-0.323191	-9.54316	-9.21997
BLOCK18/SES184/SA184S13	SES177	-0.657418	-9.87739	-9.21997
BLOCK18/SES184/SA184S13	SES180	-0.0971785	-9.31715	-9.21997
BLOCK18/SES184/SA184S13	SES292	-0.348646	-9.56861	-9.21997
BLOCK18/SES184/SA184S22	SES177	-0.196747	-9.99442	-9.79768
BLOCK18/SES184/SA184S22	SES180	0.193727	-9.60395	-9.79768
BLOCK18/SES184/SA184S22	SES189	-0.792076	-10.5898	-9.79768
BLOCK18/SES184/SA184S22	SES292	-0.392879	-10.1906	-9.79768
BLOCK18/SES184/SA184S25	SES101	-0.0417919	-9.08752	-9.04573
BLOCK18/SES184/SA184S25	SES177	-0.851055	-9.89678	-9.04573
BLOCK18/SES184/SA184S25	SES180	0.0116901	-9.03404	-9.04573
BLOCK18/SES184/SA184S25	SES292	-0.162866	-9.20859	-9.04573
BLOCK18/SES184/SA184S27	SES083	-0.514043	-9.61913	-9.10509
BLOCK18/SES184/SA184S27	SES177	-0.400784	-9.50587	-9.10509
BLOCK18/SES184/SA184S27	SES202	0.000343323	-9.10474	-9.10509
BLOCK18/SES184/SA184S27	SES292	-0.0994501	-9.20454	-9.10509
BLOCK20/SES204/SA204S12	SES062	-0.521626	-9.24301	-8.72139
BLOCK20/SES204/SA204S12	SES083	-1.23024	-9.95162	-8.72139
BLOCK20/SES204/SA204S12	SES206	-0.524068	-9.24545	-8.72139
BLOCK20/SES204/SA204S12	SES226	-1.39274	-10.1141	-8.72139
BLOCK20/SES204/SA204S14	SES068	-0.212481	-8.40867	-8.19619
BLOCK20/SES204/SA204S14	SES087	0.312815	-7.88338	-8.19619
BLOCK20/SES204/SA204S14	SES206	-0.95385	-9.15004	-8.19619
BLOCK20/SES204/SA204S14	SES226	-1.11832	-9.31451	-8.19619
BLOCK20/SES204/SA204S22	SES068	0.271815	-8.90087	-9.17269
BLOCK20/SES204/SA204S22	SES082	-0.304279	-9.47697	-9.17269
BLOCK20/SES204/SA204S22	SES083	-1.71705	-10.8897	-9.17269
BLOCK20/SES204/SA204S22	SES206	-0.145648	-9.31833	-9.17269
BLOCK20/SES204/SA204S25	SES062	-0.196344	-9.02029	-8.82395
BLOCK20/SES204/SA204S25	SES083	-1.28556	-10.1095	-8.82395
BLOCK20/SES204/SA204S25	SES206	-0.304601	-9.12855	-8.82395
BLOCK20/SES204/SA204S25	SES226	-0.717513	-9.54146	-8.82395
BLOCK20/SES204/SA204S27	SES068	0.248653	-9.4186	-9.66725
BLOCK20/SES204/SA204S27	SES082	-0.432423	-10.0997	-9.66725
BLOCK20/SES204/SA204S27	SES087	0.449107	-9.21814	-9.66725
BLOCK20/SES204/SA204S27	SES206	-0.924008	-10.5913	-9.66725
BLOCK20/SES207/SA207S10	SES127	-0.836626	-9.658	-8.82137
BLOCK20/SES207/SA207S10	SES183	-0.729304	-9.55067	-8.82137
BLOCK20/SES207/SA207S10	SES189	-0.0889091	-8.91028	-8.82137
BLOCK20/SES207/SA207S10	SES292	-0.926807	-9.74818	-8.82137
BLOCK20/SES207/SA207S11	SES127	-0.50897	-10.1395	-9.63048
BLOCK20/SES207/SA207S11	SES183	-1.09533	-10.7258	-9.63048
BLOCK20/SES207/SA207S11	SES187	-0.0590029	-9.68949	-9.63048
BLOCK20/SES207/SA207S11	SES292	-0.159849	-9.79033	-9.63048
BLOCK20/SES207/SA207S25	SES068	-0.134146	-10.0665	-9.93235
BLOCK20/SES207/SA207S25	SES083	-0.670473	-10.6028	-9.93235
BLOCK20/SES207/SA207S25	SES127	0.112831	-9.81952	-9.93235
BLOCK20/SES207/SA207S25	SES187	-0.0782776	-10.0106	-9.93235
BLOCK20/SES207/SA207S27	SES127	-0.558227	-10.409	-9.85074
BLOCK20/SES207/SA207S27	SES183	-1.00298	-10.8537	-9.85074
BLOCK20/SES207/SA207S27	SES187	-0.394919	-10.2457	-9.85074
BLOCK20/SES207/SA207S27	SES292	-0.117899	-9.96864	-9.85074
BLOCK20/SES207/SA207S29	SES083	-0.997135	-10.3883	-9.39117
BLOCK20/SES207/SA207S29	SES085	-0.498525	-9.88969	-9.39117
BLOCK20/SES207/SA207S29	SES172	0.407979	-8.98319	-9.39117
BLOCK20/SES207/SA207S29	SES189	-1.06104	-10.4522	-9.39117
BLOCK22/SES221/SA221S12	SES068	0.182794	-8.2079	-8.3907
BLOCK22/SES221/SA221S12	SES143	-0.934291	-9.32499	-8.3907
BLOCK22/SES221/SA221S12	SES175	-0.169472	-8.56017	-8.3907
BLOCK22/SES221/SA221S12	SES202	-0.672174	-9.06287	-8.3907
BLOCK22/SES221/SA221S15	SES085	-0.128891	-9.00586	-8.87697
BLOCK22/SES221/SA221S15	SES143	-0.746934	-9.62391	-8.87697
BLOCK22/SES221/SA221S15	SES175	-0.17711	-9.05408	-8.87697
BLOCK22/SES221/SA221S15	SES187	-0.437071	-9.31404	-8.87697
BLOCK22/SES221/SA221S23	SES068	0.545456	-8.09369	-8.63915
BLOCK22/SES221/SA221S23	SES143	-0.951655	-9.59081	-8.63915
BLOCK22/SES221/SA221S23	SES175	-0.711766	-9.35092	-8.63915
BLOCK22/SES221/SA221S23	SES189	-1.27292	-9.91207	-8.63915
BLOCK22/SES221/SA221S27	SES085	0.516523	-8.67752	-9.19404
BLOCK22/SES221/SA221S27	SES143	-0.0923615	-9.2864	-9.19404
BLOCK22/SES221/SA221S27	SES175	-0.387901	-9.58194	-9.19404
BLOCK22/SES221/SA221S27	SES189	-1.03941	-10.2335	-9.19404
BLOCK22/SES221/SA221S29	SES085	0.599257	-8.31106	-8.91032
BLOCK22/SES221/SA221S29	SES143	-0.632647	-9.54296	-8.91032
BLOCK22/SES221/SA221S29	SES175	-0.120826	-9.03114	-8.91032
BLOCK22/SES221/SA221S29	SES187	-1.01488	-9.9252	-8.91032
BLOCK22/SES223/SA223S11	SES143	-0.187911	-9.47114	-9.28323
BLOCK22/SES223/SA223S11	SES144	-0.842473	-10.1257	-9.28323
BLOCK22/SES223/SA223S11	SES175	-0.199291	-9.48252	-9.28323
BLOCK22/SES223/SA223S11	SES187	-0.506134	-9.78936	-9.28323
BLOCK22/SES223/SA223S13	SES068	0.217865	-9.01773	-9.23559
BLOCK22/SES223/SA223S13	SES143	-0.865972	-10.1016	-9.23559
BLOCK22/SES223/SA223S13	SES146	-0.685462	-9.92105	-9.23559
BLOCK22/SES223/SA223S13	SES202	-0.0583858	-9.29398	-9.23559
BLOCK22/SES223/SA223S22	SES143	-0.650575	-9.56258	-8.91201
BLOCK22/SES223/SA223S22	SES144	-1.18226	-10.0943	-8.91201
BLOCK22/SES223/SA223S22	SES175	-0.700422	-9.61243	-8.91201
BLOCK22/SES223/SA223S22	SES187	-0.874022	-9.78603	-8.91201
BLOCK22/SES223/SA223S25	SES068	0.00502968	-9.50599	-9.51102
BLOCK22/SES223/SA223S25	SES143	-0.58613	-10.0972	-9.51102
BLOCK22/SES223/SA223S25	SES175	0.123108	-9.38791	-9.51102
BLOCK22/SES223/SA223S25	SES187	-0.453912	-9.96493	-9.51102
BLOCK22/SES223/SA223S27	SES143	-0.263186	-10.1185	-9.85533
BLOCK22/SES223/SA223S27	SES146	-0.956683	-10.812	-9.85533
BLOCK22/SES223/SA223S27	SES187	-0.750827	-10.6062	-9.85533
BLOCK22/SES223/SA223S27	SES292	-0.279116	-10.1344	-9.85533
BLOCK27/SES273/SA273S12	SES099	0.387713	-9.30079	-9.68851
BLOCK27/SES273/SA273S12	SES104	0.487164	-9.20134	-9.68851
BLOCK27/SES273/SA273S12	SES125	0.294026	-9.39448	-9.68851
BLOCK27/SES273/SA273S12	SES206	0.455374	-9.23313	-9.68851
BLOCK27/SES273/SA273S13	SES099	-0.644436	-9.75819	-9.11375
BLOCK27/SES273/SA273S13	SES104	0.0994701	-9.01428	-9.11375
BLOCK27/SES273/SA273S13	SES206	-0.819337	-9.93309	-9.11375
BLOCK27/SES273/SA273S13	SES292	-0.396204	-9.50995	-9.11375
BLOCK27/SES273/SA273S21	SES099	-0.408803	-9.94459	-9.53579
BLOCK27/SES273/SA273S21	SES148	-1.69401	-11.2298	-9.53579
BLOCK27/SES273/SA273S21	SES149	-0.934851	-10.4706	-9.53579
BLOCK27/SES273/SA273S21	SES177	-0.695977	-10.2318	-9.53579
BLOCK27/SES273/SA273S25	SES104	0.846293	-9.95431	-10.8006
BLOCK27/SES273/SA273S25	SES125	0.683173	-10.1174	-10.8006
BLOCK27/SES273/SA273S25	SES158	1.17321	-9.62739	-10.8006
BLOCK27/SES273/SA273S25	SES206	0.621824	-10.1788	-10.8006
BLOCK27/SES273/SA273S27	SES099	-0.419744	-8.96964	-8.5499
BLOCK27/SES273/SA273S27	SES104	0.277063	-8.27284	-8.5499
BLOCK27/SES273/SA273S27	SES149	-0.0397968	-8.5897	-8.5499
BLOCK27/SES273/SA273S27	SES275	-0.70761	-9.25751	-8.5499
BLOCK27/SES274/SA274S10	SES105	-1.29285	-9.34194	-8.04908
BLOCK27/SES274/SA274S10	SES125	-1.60686	-9.65594	-8.04908
BLOCK27/SES274/SA274S10	SES129	0.507527	-7.54155	-8.04908
BLOCK27/SES274/SA274S10	SES158	-2.06054	-10.1096	-8.04908
BLOCK27/SES274/SA274S11	SES105	-0.239017	-8.56749	-8.32848
BLOCK27/SES274/SA274S11	SES149	-0.481691	-8.81017	-8.32848
BLOCK27/SES274/SA274S11	SES158	-1.06534	-9.39382	-8.32848
BLOCK27/SES274/SA274S11	SES275	-0.774059	-9.10254	-8.32848
BLOCK27/SES274/SA274S21	SES105	-0.702568	-8.98174	-8.27917
BLOCK27/SES274/SA274S21	SES129	-0.351242	-8.63041	-8.27917
BLOCK27/SES274/SA274S21	SES149	-0.78159	-9.06076	-8.27917
BLOCK27/SES274/SA274S21	SES158	-1.8969	-10.1761	-8.27917
BLOCK27/SES274/SA274S24	SES105	-0.833795	-9.99429	-9.16049
BLOCK27/SES274/SA274S24	SES129	-0.00170898	-9.1622	-9.16049
BLOCK27/SES274/SA274S24	SES149	-0.993069	-10.1536	-9.16049
BLOCK27/SES274/SA274S24	SES158	-1.83049	-10.991	-9.16049
BLOCK27/SES274/SA274S29	SES105	-0.806074	-9.95767	-9.1516
BLOCK27/SES274/SA274S29	SES106	-0.63565	-9.78725	-9.1516
BLOCK27/SES274/SA274S29	SES120	-0.428343	-9.57994	-9.1516
BLOCK27/SES274/SA274S29	SES275	-0.594652	-9.74625	-9.1516
BLOCK27/SES276/SA276S16	SES148	-0.233575	-9.0143	-8.78073
BLOCK27/SES276/SA276S16	SES172	-0.0113554	-8.79208	-8.78073
BLOCK27/SES276/SA276S16	SES180	-0.10648	-8.88721	-8.78073
BLOCK27/SES276/SA276S16	SES292	-0.38907	-9.1698	-8.78073
BLOCK27/SES276/SA276S17	SES101	0.0411034	-9.39081	-9.43191
BLOCK27/SES276/SA276S17	SES177	-0.430585	-9.8625	-9.43191
BLOCK27/SES276/SA276S17	SES180	-0.302336	-9.73425	-9.43191
BLOCK27/SES276/SA276S17	SES292	-0.563484	-9.99539	-9.43191
BLOCK27/SES276/SA276S24	SES101	0.176615	-8.42532	-8.60194
BLOCK27/SES276/SA276S24	SES177	-0.166143	-8.76808	-8.60194
BLOCK27/SES276/SA276S24	SES180	-0.178491	-8.78043	-8.60194
BLOCK27/SES276/SA276S24	SES292	-0.647588	-9.24953	-8.60194
BLOCK27/SES276/SA276S26	SES101	0.049283	-8.42169	-8.47098
BLOCK27/SES276/SA276S26	SES177	-0.239228	-8.7102	-8.47098
BLOCK27/SES276/SA276S26	SES180	-0.730581	-9.20156	-8.47098
BLOCK27/SES276/SA276S26	SES292	-0.380429	-8.85141	-8.47098
BLOCK27/SES276/SA276S28	SES101	0.176614	-8.21453	-8.39114
BLOCK27/SES276/SA276S28	SES177	-0.438602	-8.82974	-8.39114
BLOCK27/SES276/SA276S28	SES180	-0.30006	-8.6912	-8.39114
BLOCK27/SES276/SA276S28	SES292	-0.488638	-8.87978	-8.39114
BLOCK27/SES277/SA277S12	SES101	-0.316422	-10.7773	-10.4609
BLOCK27/SES277/SA277S12	SES177	-0.781713	-11.2426	-10.4609
BLOCK27/SES277/SA277S12	SES180	-0.32751	-10.7884	-10.4609
BLOCK27/SES277/SA277S12	SES292	-0.674156	-11.135	-10.4609
BLOCK27/SES277/SA277S14	SES177	-0.228685	-11.0888	-10.8601
BLOCK27/SES277/SA277S14	SES180	-0.905049	-11.7652	-10.8601
BLOCK27/SES277/SA277S14	SES189	0.631415	-10.2287	-10.8601
BLOCK27/SES277/SA277S14	SES292	-0.887021	-11.7472	-10.8601
BLOCK27/SES277/SA277S21	SES177	-0.261023	-10.1478	-9.8868
BLOCK27/SES277/SA277S21	SES180	-0.660317	-10.5471	-9.8868
BLOCK27/SES277/SA277S21	SES189	0.179534	-9.70727	-9.8868
BLOCK27/SES277/SA277S21	SES292	-1.14575	-11.0326	-9.8868
BLOCK27/SES277/SA277S24	SES144	0.506165	-10.7177	-11.2238
BLOCK27/SES277/SA277S24	SES177	-0.215923	-11.4398	-11.2238
BLOCK27/SES277/SA277S24	SES180	-0.76648	-11.9903	-11.2238
BLOCK27/SES277/SA277S24	SES189	0.854274	-10.3696	-11.2238
BLOCK27/SES277/SA277S29	SES177	-0.215062	-8.5642	-8.34914
BLOCK27/SES277/SA277S29	SES180	-0.0389128	-8.38805	-8.34914
BLOCK27/SES277/SA277S29	SES202	-0.174928	-8.52407	-8.34914
BLOCK27/SES277/SA277S29	SES292	-1.11504	-9.46418	-8.34914
BLOCK27/SES279/SA279S09	SES120	-0.861515	-9.59855	-8.73703
BLOCK27/SES279/SA279S09	SES146	-0.170758	-8.90779	-8.73703
BLOCK27/SES279/SA279S09	SES206	0.416244	-8.32079	-8.73703
BLOCK27/SES279/SA279S09	SES226	-1.26407	-10.0011	-8.73703
BLOCK27/SES279/SA279S10	SES099	-0.173964	-9.37557	-9.20161
BLOCK27/SES279/SA279S10	SES206	-0.502606	-9.70422	-9.20161
BLOCK27/SES279/SA279S10	SES226	-1.75896	-10.9606	-9.20161
BLOCK27/SES279/SA279S10	SES292	-0.983908	-10.1855	-9.20161
BLOCK27/SES279/SA279S20	SES099	-0.71733	-10.4917	-9.77442
BLOCK27/SES279/SA279S20	SES206	-0.357074	-10.1315	-9.77442
BLOCK27/SES279/SA279S20	SES226	-1.32325	-11.0977	-9.77442
BLOCK27/SES279/SA279S20	SES292	-0.813318	-10.5877	-9.77442
BLOCK27/SES279/SA279S26	SES099	0.695537	-9.7962	-10.4917
BLOCK27/SES279/SA279S26	SES206	0.415241	-10.0765	-10.4917
BLOCK27/SES279/SA279S26	SES226	-0.700094	-11.1918	-10.4917
BLOCK27/SES279/SA279S26	SES292	-0.413925	-10.9057	-10.4917
BLOCK27/SES279/SA279S28	SES099	0.0343246	-8.71246	-8.74678
BLOCK27/SES279/SA279S28	SES120	-0.543912	-9.29069	-8.74678
BLOCK27/SES279/SA279S28	SES177	-0.828245	-9.57503	-8.74678
BLOCK27/SES279/SA279S28	SES206	-0.135223	-8.882	-8.74678
BLOCK29/SES290/SA290S12	SES162	-0.392527	-8.13107	-7.73854
BLOCK29/SES290/SA290S12	SES177	0.0228205	-7.71572	-7.73854
BLOCK29/SES290/SA290S12	SES180	-0.677682	-8.41623	-7.73854
BLOCK29/SES290/SA290S12	SES292	-1.86317	-9.60171	-7.73854
BLOCK29/SES290/SA290S13	SES007	-0.12423	-8.54373	-8.4195
BLOCK29/SES290/SA290S13	SES162	-0.699862	-9.11936	-8.4195
BLOCK29/SES290/SA290S13	SES177	-0.177389	-8.59689	-8.4195
BLOCK29/SES290/SA290S13	SES180	-0.17911	-8.59861	-8.4195
BLOCK29/SES290/SA290S22	SES177	-0.154837	-8.48636	-8.33152
BLOCK29/SES290/SA290S22	SES180	-0.262317	-8.59384	-8.33152
BLOCK29/SES290/SA290S22	SES202	-0.0576372	-8.38916	-8.33152
BLOCK29/SES290/SA290S22	SES292	-0.401387	-8.73291	-8.33152
BLOCK29/SES290/SA290S25	SES162	-0.392511	-8.97971	-8.58719
BLOCK29/SES290/SA290S25	SES177	0.0690584	-8.51814	-8.58719
BLOCK29/SES290/SA290S25	SES180	-0.478334	-9.06553	-8.58719
BLOCK29/SES290/SA290S25	SES292	-0.675158	-9.26235	-8.58719
BLOCK29/SES290/SA290S29	SES177	0.0847778	-7.9721	-8.05688
BLOCK29/SES290/SA290S29	SES180	-0.000991821	-8.05787	-8.05688
BLOCK29/SES290/SA290S29	SES275	-0.479435	-8.53631	-8.05688
BLOCK29/SES290/SA290S29	SES292	-0.720375	-8.77726	-8.05688
BLOCK29/SES291/SA291S11	SES105	-0.904676	-10.7404	-9.83572
BLOCK29/SES291/SA291S11	SES125	-0.129781	-9.9655	-9.83572
BLOCK29/SES291/SA291S11	SES158	-0.758913	-10.5946	-9.83572
BLOCK29/SES291/SA291S11	SES275	-0.686426	-10.5221	-9.83572
BLOCK29/SES291/SA291S12	SES158	0.455134	-9.47353	-9.92866
BLOCK29/SES291/SA291S12	SES226	-1.58013	-11.5088	-9.92866
BLOCK29/SES291/SA291S12	SES270	-0.670897	-10.5996	-9.92866
BLOCK29/SES291/SA291S12	SES275	-2.20705	-12.1357	-9.92866
BLOCK29/SES291/SA291S22	SES082	-0.255496	-9.61433	-9.35883
BLOCK29/SES291/SA291S22	SES158	0.0133257	-9.3455	-9.35883
BLOCK29/SES291/SA291S22	SES259	-0.467618	-9.82645	-9.35883
BLOCK29/SES291/SA291S22	SES275	-1.5318	-10.8906	-9.35883
BLOCK29/SES291/SA291S24	SES104	0.176657	-9.08635	-9.26301
BLOCK29/SES291/SA291S24	SES125	-0.268497	-9.53151	-9.26301
BLOCK29/SES291/SA291S24	SES158	0.00612068	-9.25689	-9.26301
BLOCK29/SES291/SA291S24	SES275	-0.955591	-10.2186	-9.26301
BLOCK29/SES291/SA291S27	SES158	0.0843525	-9.04108	-9.12543
BLOCK29/SES291/SA291S27	SES172	-1.06568	-10.1911	-9.12543
BLOCK29/SES291/SA291S27	SES275	-1.14876	-10.2742	-9.12543
BLOCK29/SES291/SA291S27	SES292	-0.338173	-9.4636	-9.12543
