BLOCK00/SES002/SA002S12	SES002	7.55384	10.6445	3.09067
BLOCK00/SES002/SA002S13	SES002	7.37994	8.8935	1.51357
BLOCK00/SES002/SA002S23	SES002	7.54042	9.95081	2.41039
BLOCK00/SES002/SA002S26	SES002	8.02357	10.2703	2.24676
BLOCK00/SES002/SA002S28	SES002	7.08795	8.92198	1.83403
BLOCK00/SES007/SA007S14	SES007	8.17118	11.0084	2.83719
BLOCK00/SES007/SA007S15	SES007	7.36672	9.95109	2.58436
BLOCK00/SES007/SA007S24	SES007	7.52132	10.4524	2.93111
BLOCK00/SES007/SA007S27	SES007	7.10973	10.0443	2.93458
BLOCK00/SES007/SA007S29	SES007	7.1186	10.6756	3.55701
BLOCK00/SES008/SA008S11	SES008	7.64661	10.7418	3.09516
BLOCK00/SES008/SA008S12	SES008	7.45954	11.0093	3.54974
BLOCK00/SES008/SA008S19	SES008	8.11265	11.6405	3.52782
BLOCK00/SES008/SA008S22	SES008	7.03429	9.71235	2.67806
BLOCK00/SES008/SA008S29	SES008	8.13411	11.7542	3.62013
BLOCK01/SES014/SA014S10	SES014	7.9663	10.9882	3.02193
BLOCK01/SES014/SA014S12	SES014	8.49413	12.3084	3.81431
BLOCK01/SES014/SA014S24	SES014	7.5428	10.6382	3.09543
BLOCK01/SES014/SA014S26	SES014	8.71505	12.7791	4.06404
BLOCK01/SES014/SA014S28	SES014	8.47217	12.015	3.54288
BLOCK01/SES016/SA016S12	SES016	7.54399	9.10587	1.56188
BLOCK01/SES016/SA016S13	SES016	8.3119	10.186	1.87412
BLOCK01/SES016/SA016S22	SES016	7.75987	10.1213	2.36141
BLOCK01/SES016/SA016S25	SES016	8.32465	11.6213	3.2966
BLOCK01/SES016/SA016S27	SES016	8.99607	11.9129	2.91679
BLOCK01/SES019/SA019S13	SES019	8.00228	9.37541	1.37314
BLOCK01/SES019/SA019S14	SES019	7.43997	9.80502	2.36505
BLOCK01/SES019/SA019S22	SES019	7.63428	9.64412	2.00984
BLOCK01/SES019/SA019S25	SES019	7.5951	9.3077	1.7126
BLOCK01/SES019/SA019S29	SES019	8.21198	9.07484	0.862854
BLOCK02/SES029/SA029S11	SES029	8.2576	10.801	2.54343
BLOCK02/SES029/SA029S12	SES029	7.87679	11.1956	3.31882
BLOCK02/SES029/SA029S20	SES029	7.82079	10.6522	2.83139
BLOCK02/SES029/SA029S25	SES029	8.29897	11.0926	2.79359
BLOCK02/SES029/SA029S28	SES029	7.95468	10.716	2.76134
BLOCK04/SES042/SA042S12	SES042	8.19116	10.8257	2.63457
BLOCK04/SES042/SA042S15	SES042	8.23003	11.9248	3.69482
BLOCK04/SES042/SA042S22	SES042	9.44501	12.6459	3.20084
BLOCK04/SES042/SA042S25	SES042	7.43973	10.4128	2.97302
BLOCK04/SES042/SA042S27	SES042	8.87132	12.3863	3.51494
BLOCK04/SES048/SA048S11	SES048	7.76369	11.6937	3.93002
BLOCK04/SES048/SA048S12	SES048	7.69528	11.5329	3.83766
BLOCK04/SES048/SA048S20	SES048	7.69987	11.9482	4.2483
BLOCK04/SES048/SA048S23	SES048	7.52514	10.7852	3.26006
BLOCK04/SES048/SA048S27	SES048	7.90125	12.3597	4.45841
BLOCK06/SES060/SA060S11	SES060	8.4942	11.2781	2.78391
BLOCK06/SES060/SA060S12	SES060	8.12395	10.3619	2.238
BLOCK06/SES060/SA060S22	SES060	7.02275	9.90426	2.88151
BLOCK06/SES060/SA060S24	SES060	8.0041	11.5785	3.57435
BLOCK06/SES060/SA060S28	SES060	8.48797	12.5377	4.04975
BLOCK06/SES062/SA062S10	SES062	7.54398	10.8238	3.27986
BLOCK06/SES062/SA062S11	SES062	8.34467	10.4881	2.14341
BLOCK06/SES062/SA062S21	SES062	8.4869	13.1618	4.67494
BLOCK06/SES062/SA062S26	SES062	8.07582	11.6037	3.52783
BLOCK06/SES062/SA062S29	SES062	8.51362	12.3844	3.87081
BLOCK06/SES068/SA068S14	SES068	7.35136	10.1439	2.79251
BLOCK06/SES068/SA068S15	SES068	7.75064	11.1898	3.43912
BLOCK06/SES068/SA068S23	SES068	7.8242	10.3937	2.56951
BLOCK06/SES068/SA068S27	SES068	8.50528	10.8512	2.34589
BLOCK06/SES068/SA068S29	SES068	7.95006	11.3033	3.35324
BLOCK08/SES082/SA082S12	SES082	7.00585	9.64035	2.6345
BLOCK08/SES082/SA082S14	SES082	7.09898	9.11266	2.01368
BLOCK08/SES082/SA082S21	SES082	7.12741	9.36172	2.23431
BLOCK08/SES082/SA082S24	SES082	8.10422	10.1478	2.04358
BLOCK08/SES082/SA082S28	SES082	7.29353	9.46536	2.17184
BLOCK08/SES083/SA083S14	SES083	7.21685	10.5536	3.33679
BLOCK08/SES083/SA083S15	SES083	7.68574	10.9852	3.2995
BLOCK08/SES083/SA083S24	SES083	7.31352	10.6345	3.32099
BLOCK08/SES083/SA083S26	SES083	7.68142	10.9024	3.22094
BLOCK08/SES083/SA083S29	SES083	7.29518	10.7784	3.48319
BLOCK08/SES085/SA085S10	SES085	7.98166	11.4675	3.48582
BLOCK08/SES085/SA085S13	SES085	7.5187	9.97151	2.45281
BLOCK08/SES085/SA085S22	SES085	7.61376	10.197	2.58326
BLOCK08/SES085/SA085S26	SES085	8.1329	11.1294	2.99654
BLOCK08/SES085/SA085S28	SES085	8.12712	11.2858	3.15873
BLOCK08/SES087/SA087S15	SES087	7.40395	10.1001	2.69619
BLOCK08/SES087/SA087S16	SES087	7.63236	10.135	2.50264
BLOCK08/SES087/SA087S24	SES087	7.60941	10.2731	2.66368
BLOCK08/SES087/SA087S26	SES087	7.21828	10.5844	3.36617
BLOCK08/SES087/SA087S29	SES087	7.47465	10.2875	2.81285
BLOCK09/SES099/SA099S15	SES099	7.13364	9.35533	2.22169
BLOCK09/SES099/SA099S16	SES099	7.08178	9.70915	2.62737
BLOCK09/SES099/SA099S24	SES099	7.5064	10.0515	2.54512
BLOCK09/SES099/SA099S26	SES099	7.53898	10.081	2.54204
BLOCK09/SES099/SA099S29	SES099	7.37545	9.89197	2.51652
BLOCK10/SES101/SA101S11	SES101	7.56887	10.7032	3.13435
BLOCK10/SES101/SA101S13	SES101	7.88635	11.5724	3.686
BLOCK10/SES101/SA101S22	SES101	7.60036	9.81157	2.21121
BLOCK10/SES101/SA101S24	SES101	7.9164	10.7404	2.82398
BLOCK10/SES101/SA101S28	SES101	7.4712	10.4483	2.97711
BLOCK10/SES104/SA104S11	SES104	7.69949	11.1591	3.45958
BLOCK10/SES104/SA104S12	SES104	7.60439	10.3958	2.79142
BLOCK10/SES104/SA104S21	SES104	7.26109	10.5283	3.26718
BLOCK10/SES104/SA104S24	SES104	7.42498	10.428	3.00298
BLOCK10/SES104/SA104S28	SES104	7.62481	10.0687	2.44387
BLOCK10/SES105/SA105S12	SES105	7.50639	9.97975	2.47336
BLOCK10/SES105/SA105S13	SES105	6.9911	10.1238	3.13274
BLOCK10/SES105/SA105S22	SES105	7.12421	9.92592	2.80171
BLOCK10/SES105/SA105S26	SES105	7.72221	10.0738	2.35154
BLOCK10/SES105/SA105S29	SES105	7.47204	10.6165	3.14442
BLOCK10/SES106/SA106S09	SES106	6.84039	8.96628	2.1259
BLOCK10/SES106/SA106S11	SES106	7.48164	10.2782	2.79652
BLOCK10/SES106/SA106S22	SES106	7.85742	9.0204	1.16299
BLOCK10/SES106/SA106S27	SES106	7.4666	10.1092	2.64262
BLOCK10/SES106/SA106S29	SES106	7.00972	10.3793	3.36958
BLOCK11/SES117/SA117S12	SES117	7.33772	10.1897	2.85198
BLOCK11/SES117/SA117S13	SES117	6.94034	10.5934	3.6531
BLOCK11/SES117/SA117S23	SES117	7.25446	9.00652	1.75206
BLOCK11/SES117/SA117S25	SES117	7.08195	9.69975	2.6178
BLOCK11/SES117/SA117S28	SES117	7.37479	9.82063	2.44583
BLOCK12/SES120/SA120S08	SES120	6.93361	8.55948	1.62587
BLOCK12/SES120/SA120S11	SES120	6.99306	7.73645	0.743395
BLOCK12/SES120/SA120S22	SES120	7.22679	10.3477	3.12091
BLOCK12/SES120/SA120S24	SES120	7.14041	9.67767	2.53726
BLOCK12/SES120/SA120S28	SES120	6.40847	8.80415	2.39568
BLOCK12/SES125/SA125S13	SES125	7.7493	10.043	2.29366
BLOCK12/SES125/SA125S14	SES125	7.32931	9.72366	2.39435
BLOCK12/SES125/SA125S25	SES125	7.7885	10.0949	2.30645
BLOCK12/SES125/SA125S27	SES125	7.78391	11.0583	3.27441
BLOCK12/SES125/SA125S29	SES125	7.48463	10.0562	2.57161
BLOCK12/SES127/SA127S11	SES127	7.17843	10.7331	3.55467
BLOCK12/SES127/SA127S12	SES127	7.35272	11.5889	4.23617
BLOCK12/SES127/SA127S23	SES127	7.28501	10.7794	3.4944
BLOCK12/SES127/SA127S25	SES127	6.9182	10.5557	3.63745
BLOCK12/SES127/SA127S27	SES127	7.41106	10.4312	3.02011
BLOCK12/SES129/SA129S11	SES129	8.22749	12.3315	4.10398
BLOCK12/SES129/SA129S12	SES129	7.89739	11.7661	3.86873
BLOCK12/SES129/SA129S22	SES129	7.50886	11.1439	3.63506
BLOCK12/SES129/SA129S27	SES129	7.67637	11.3885	3.71217
BLOCK12/SES129/SA129S29	SES129	8.14077	11.887	3.74626
BLOCK14/SES142/SA142S11	SES142	7.61503	9.57705	1.96202
BLOCK14/SES142/SA142S12	SES142	7.42397	9.44873	2.02476
BLOCK14/SES142/SA142S24	SES142	8.22684	9.73635	1.50951
BLOCK14/SES142/SA142S27	SES142	7.74495	10.2465	2.50157
BLOCK14/SES142/SA142S29	SES142	7.8473	10.2058	2.35853
BLOCK14/SES143/SA143S12	SES143	7.34033	10.8136	3.47328
BLOCK14/SES143/SA143S13	SES143	6.87672	10.1336	3.25685
BLOCK14/SES143/SA143S23	SES143	7.4476	10.2981	2.85052
BLOCK14/SES143/SA143S25	SES143	8.13293	11.1862	3.05327
BLOCK14/SES143/SA143S28	SES143	7.21205	10.3591	3.14704
BLOCK14/SES144/SA144S09	SES144	7.54106	11.0593	3.5182
BLOCK14/SES144/SA144S11	SES144	7.18916	10.3843	3.19511
BLOCK14/SES144/SA144S21	SES144	6.96634	9.79721	2.83087
BLOCK14/SES144/SA144S25	SES144	7.089	10.5607	3.47167
BLOCK14/SES144/SA144S29	SES144	7.67621	11.1516	3.47542
BLOCK14/SES146/SA146S14	SES146	6.82251	9.77974	2.95722
BLOCK14/SES146/SA146S15	SES146	6.95181	9.75372	2.80192
BLOCK14/SES146/SA146S24	SES146	7.16532	9.92406	2.75875
BLOCK14/SES146/SA146S26	SES146	7.66043	9.99374	2.33331
BLOCK14/SES146/SA146S29	SES146	7.1709	9.13521	1.9643
BLOCK14/SES147/SA147S11	SES147	7.66838	10.2649	2.59653
BLOCK14/SES147/SA147S13	SES147	7.58156	11.1983	3.61678
BLOCK14/SES147/SA147S23	SES147	7.59246	10.1258	2.53332
BLOCK14/SES147/SA147S26	SES147	7.40645	10.2339	2.82748
BLOCK14/SES147/SA147S28	SES147	7.387	10.5128	3.12578
BLOCK14/SES148/SA148S10	SES148	7.68723	11.6367	3.94944
BLOCK14/SES148/SA148S12	SES148	7.18251	10.2058	3.02334
BLOCK14/SES148/SA148S22	SES148	7.76216	11.4327	3.67057
BLOCK14/SES148/SA148S26	SES148	7.48776	11.3866	3.89882
BLOCK14/SES148/SA148S29	SES148	7.37447	11.092	3.7175
BLOCK14/SES149/SA149S13	SES149	7.19068	11.1072	3.91648
BLOCK14/SES149/SA149S14	SES149	7.38228	11.6808	4.29852
BLOCK14/SES149/SA149S24	SES149	7.93416	11.4224	3.48828
BLOCK14/SES149/SA149S26	SES149	8.25521	11.976	3.7208
BLOCK14/SES149/SA149S28	SES149	8.68232	12.6577	3.9754
BLOCK15/SES158/SA158S13	SES158	7.42128	9.60894	2.18766
BLOCK15/SES158/SA158S14	SES158	7.52193	8.49045	0.968521
BLOCK15/SES158/SA158S23	SES158	7.38532	9.67033	2.28501
BLOCK15/SES158/SA158S26	SES158	7.90297	8.66018	0.757204
BLOCK15/SES158/SA158S28	SES158	7.18039	9.35711	2.17673
BLOCK16/SES162/SA162S10	SES162	6.80343	9.4003	2.59686
BLOCK16/SES162/SA162S11	SES162	7.43219	10.6207	3.18852
BLOCK16/SES162/SA162S21	SES162	7.89906	10.2325	2.33341
BLOCK16/SES162/SA162S24	SES162	7.56774	10.1063	2.53857
BLOCK16/SES162/SA162S27	SES162	7.77882	9.93536	2.15654
BLOCK16/SES167/SA167S14	SES167	7.8593	11.8815	4.0222
BLOCK16/SES167/SA167S15	SES167	7.82766	11.2086	3.38095
BLOCK16/SES167/SA167S21	SES167	7.41113	11.589	4.1779
BLOCK16/SES167/SA167S25	SES167	7.75848	12.0673	4.30882
BLOCK16/SES167/SA167S29	SES167	8.39701	13.0763	4.67926
BLOCK17/SES172/SA172S12	SES172	7.88536	10.2747	2.3893
BLOCK17/SES172/SA172S13	SES172	7.81196	10.0422	2.23025
BLOCK17/SES172/SA172S23	SES172	7.67302	10.8791	3.20608
BLOCK17/SES172/SA172S27	SES172	8.09802	10.5392	2.44113
BLOCK17/SES172/SA172S29	SES172	7.74489	10.0942	2.34926
BLOCK17/SES175/SA175S11	SES175	7.4384	10.9672	3.52881
BLOCK17/SES175/SA175S13	SES175	7.28169	11.3755	4.09385
BLOCK17/SES175/SA175S23	SES175	7.44292	11.336	3.89309
BLOCK17/SES175/SA175S25	SES175	6.32339	9.58261	3.25922
BLOCK17/SES175/SA175S28	SES175	7.66571	11.0193	3.35363
BLOCK17/SES177/SA177S15	SES177	7.4597	10.7704	3.3107
BLOCK17/SES177/SA177S17	SES177	7.34511	10.803	3.45793
BLOCK17/SES177/SA177S23	SES177	6.98999	10.0939	3.10392
BLOCK17/SES177/SA177S26	SES177	7.87138	11.9661	4.09473
BLOCK17/SES177/SA177S28	SES177	7.73993	11.1643	3.42437
BLOCK18/SES180/SA180S13	SES180	7.59804	10.0941	2.49601
BLOCK18/SES180/SA180S15	SES180	7.04687	9.93708	2.89021
BLOCK18/SES180/SA180S24	SES180	7.5553	11.2213	3.66601
BLOCK18/SES180/SA180S26	SES180	7.68913	10.8795	3.19033
BLOCK18/SES180/SA180S29	SES180	7.56169	10.5284	2.96668
BLOCK18/SES183/SA183S13	SES183	7.55182	10.5591	3.00733
BLOCK18/SES183/SA183S14	SES183	7.32874	10.5801	3.25136
BLOCK18/SES183/SA183S24	SES183	7.41273	9.92907	2.51634
BLOCK18/SES183/SA183S27	SES183	7.43852	10.4857	3.0472
BLOCK18/SES183/SA183S29	SES183	7.46845	10.8893	3.42085
BLOCK18/SES187/SA187S13	SES187	7.14075	9.64021	2.49946
BLOCK18/SES187/SA187S14	SES187	7.27658	9.9635	2.68692
BLOCK18/SES187/SA187S24	SES187	7.32696	9.6746	2.34765
BLOCK18/SES187/SA187S27	SES187	7.26375	9.73738	2.47363
BLOCK18/SES187/SA187S29	SES187	7.61645	9.73037	2.11392
BLOCK18/SES189/SA189S10	SES189	7.54178	9.3378	1.79602
BLOCK18/SES189/SA189S13	SES189	8.11179	9.10916	0.997372
BLOCK18/SES189/SA189S24	SES189	8.08103	9.30788	1.22685
BLOCK18/SES189/SA189S26	SES189	7.74123	10.2942	2.55299
BLOCK18/SES189/SA189S29	SES189	7.84712	10.3144	2.46728
BLOCK20/SES202/SA202S12	SES202	7.13056	9.48991	2.35935
BLOCK20/SES202/SA202S14	SES202	8.02791	10.5586	2.53074
BLOCK20/SES202/SA202S24	SES202	7.36612	9.98466	2.61854
BLOCK20/SES202/SA202S27	SES202	8.09887	11.2324	3.13353
BLOCK20/SES202/SA202S29	SES202	8.24631	11.0172	2.77091
BLOCK20/SES206/SA206S15	SES206	6.99063	10.043	3.0524
BLOCK20/SES206/SA206S17	SES206	7.89328	10.6785	2.78525
BLOCK20/SES206/SA206S24	SES206	8.12372	11.2133	3.08962
BLOCK20/SES206/SA206S27	SES206	7.62076	10.4744	2.8536
BLOCK20/SES206/SA206S29	SES206	8.08526	12.1297	4.04441
BLOCK22/SES226/SA226S12	SES226	7.6665	10.0011	2.33464
BLOCK22/SES226/SA226S13	SES226	6.82296	9.70172	2.87876
BLOCK22/SES226/SA226S20	SES226	7.37249	9.5869	2.21441
BLOCK22/SES226/SA226S23	SES226	7.44012	10.3679	2.92779
BLOCK22/SES226/SA226S28	SES226	7.41138	10.7213	3.30994
BLOCK25/SES259/SA259S13	SES259	7.74671	10.6135	2.86678
BLOCK25/SES259/SA259S14	SES259	7.49763	11.5138	4.01613
BLOCK25/SES259/SA259S22	SES259	7.00308	10.6069	3.6038
BLOCK25/SES259/SA259S24	SES259	7.94465	11.8395	3.89487
BLOCK25/SES259/SA259S28	SES259	7.24187	10.6712	3.42935
BLOCK27/SES270/SA270S14	SES270	7.02	8.60879	1.58879
BLOCK27/SES270/SA270S16	SES270	6.83887	8.84552	2.00665
BLOCK27/SES270/SA270S22	SES270	7.60737	9.04354	1.43617
BLOCK27/SES270/SA270S26	SES270	7.21532	8.18721	0.971892
BLOCK27/SES270/SA270S28	SES270	7.00737	8.97525	1.96788
BLOCK27/SES275/SA275S17	SES275	7.62269	10.6318	3.00913
BLOCK27/SES275/SA275S18	SES275	7.42526	10.0838	2.65859
BLOCK27/SES275/SA275S24	SES275	7.37155	9.83021	2.45866
BLOCK27/SES275/SA275S26	SES275	7.49292	10.5116	3.0187
BLOCK27/SES275/SA275S28	SES275	7.30053	10.7718	3.47123
BLOCK29/SES292/SA292S10	SES292	7.47299	10.6146	3.14166
BLOCK29/SES292/SA292S12	SES292	7.29573	9.66427	2.36854
BLOCK29/SES292/SA292S22	SES292	7.60828	10.732	3.12375
BLOCK29/SES292/SA292S24	SES292	7.22375	10.8376	3.61382
BLOCK29/SES292/SA292S27	SES292	7.12768	10.57	3.44229
BLOCK00/SES001/SA001S14	SES062	6.33351	8.99166	2.65815
BLOCK00/SES001/SA001S14	SES082	6.32796	8.98612	2.65815
BLOCK00/SES001/SA001S14	SES106	6.58381	9.24197	2.65815
BLOCK00/SES001/SA001S14	SES206	6.64973	9.30788	2.65815
BLOCK00/SES001/SA001S15	SES062	6.3032	9.66984	3.36664
BLOCK00/SES001/SA001S15	SES104	6.29223	9.65887	3.36664
BLOCK00/SES001/SA001S15	SES106	6.58127	9.94791	3.36664
BLOCK00/SES001/SA001S15	SES206	6.41841	9.78505	3.36664
BLOCK00/SES001/SA001S24	SES062	5.99893	8.1241	2.12517
BLOCK00/SES001/SA001S24	SES082	6.08083	8.20599	2.12517
BLOCK00/SES001/SA001S24	SES087	5.76181	7.88698	2.12517
BLOCK00/SES001/SA001S24	SES206	6.26071	8.38588	2.12517
BLOCK00/SES001/SA001S27	SES062	6.46659	10.2955	3.82893
BLOCK00/SES001/SA001S27	SES082	6.49175	10.3207	3.82893
BLOCK00/SES001/SA001S27	SES087	6.60259	10.4315	3.82893
BLOCK00/SES001/SA001S27	SES206	6.67729	10.5062	3.82893
BLOCK00/SES001/SA001S29	SES062	6.00632	8.49155	2.48522
BLOCK00/SES001/SA001S29	SES082	6.31293	8.79816	2.48522
BLOCK00/SES001/SA001S29	SES158	6.57231	9.05754	2.48522
BLOCK00/SES001/SA001S29	SES206	6.2517	8.73692	2.48522
BLOCK00/SES003/SA003S11	SES002	6.57248	9.11967	2.54719
BLOCK00/SES003/SA003S11	SES019	6.16509	8.71229	2.54719
BLOCK00/SES003/SA003S11	SES082	6.42469	8.97188	2.54719
BLOCK00/SES003/SA003S11	SES125	6.01771	8.5649	2.54719
BLOCK00/SES003/SA003S15	SES016	6.58219	10.0875	3.50527
BLOCK00/SES003/SA003S15	SES019	6.46852	9.97379	3.50527
BLOCK00/SES003/SA003S15	SES062	6.50502	10.0103	3.50527
BLOCK00/SES003/SA003S15	SES206	6.61604	10.1213	3.50527
BLOCK00/SES003/SA003S22	SES002	6.47063	9.87762	3.40699
BLOCK00/SES003/SA003S22	SES062	6.29785	9.70484	3.40699
BLOCK00/SES003/SA003S22	SES082	5.99895	9.40594	3.40699
BLOCK00/SES003/SA003S22	SES087	6.10851	9.5155	3.40699
BLOCK00/SES003/SA003S25	SES062	5.697	7.78472	2.08771
BLOCK00/SES003/SA003S25	SES082	6.24041	8.32812	2.08771
BLOCK00/SES003/SA003S25	SES087	6.13183	8.21954	2.08771
BLOCK00/SES003/SA003S25	SES206	5.94666	8.03437	2.08771
BLOCK00/SES003/SA003S29	SES002	5.9169	9.05473	3.13783
BLOCK00/SES003/SA003S29	SES062	5.50266	8.64049	3.13783
BLOCK00/SES003/SA003S29	SES082	5.6934	8.83123	3.13783
BLOCK00/SES003/SA003S29	SES087	5.81093	8.94876	3.13783
BLOCK00/SES004/SA004S12	SES083	6.40432	9.14901	2.7447
BLOCK00/SES004/SA004S12	SES148	5.99361	8.7383	2.7447
BLOCK00/SES004/SA004S12	SES172	6.98813	9.73283	2.7447
BLOCK00/SES004/SA004S12	SES292	6.28469	9.02938	2.7447
BLOCK00/SES004/SA004S17	SES083	6.14054	9.05457	2.91403
BLOCK00/SES004/SA004S17	SES162	6.63862	9.55265	2.91403
BLOCK00/SES004/SA004S17	SES172	6.59229	9.50632	2.91403
BLOCK00/SES004/SA004S17	SES292	6.2718	9.18583	2.91403
BLOCK00/SES004/SA004S24	SES083	6.45348	9.25383	2.80036
BLOCK00/SES004/SA004S24	SES148	6.10517	8.90553	2.80036
BLOCK00/SES004/SA004S24	SES172	6.89718	9.69754	2.80036
BLOCK00/SES004/SA004S24	SES292	6.68303	9.48338	2.80036
BLOCK00/SES004/SA004S26	SES083	6.24286	8.9591	2.71624
BLOCK00/SES004/SA004S26	SES127	6.26851	8.98475	2.71624
BLOCK00/SES004/SA004S26	SES148	5.40064	8.11688	2.71624
BLOCK00/SES004/SA004S26	SES292	6.1779	8.89414	2.71624
BLOCK00/SES004/SA004S28	SES083	6.54623	10.0035	3.45725
BLOCK00/SES004/SA004S28	SES127	6.46478	9.92203	3.45725
BLOCK00/SES004/SA004S28	SES187	6.76415	10.2214	3.45725
BLOCK00/SES004/SA004S28	SES292	6.34431	9.80156	3.45725
BLOCK00/SES006/SA006S10	SES014	5.1367	5.99341	0.856713
BLOCK00/SES006/SA006S10	SES158	6.02981	6.88652	0.856713
BLOCK00/SES006/SA006S10	SES226	5.04929	5.90601	0.856713
BLOCK00/SES006/SA006S10	SES270	6.30169	7.1584	0.856713
BLOCK00/SES006/SA006S11	SES158	5.87844	7.47339	1.59495
BLOCK00/SES006/SA006S11	SES226	5.39273	6.98768	1.59495
BLOCK00/SES006/SA006S11	SES270	6.44366	8.03861	1.59495
BLOCK00/SES006/SA006S11	SES275	5.68374	7.27869	1.59495
BLOCK00/SES006/SA006S23	SES062	6.30006	8.96054	2.66048
BLOCK00/SES006/SA006S23	SES105	6.18729	8.84777	2.66048
BLOCK00/SES006/SA006S23	SES158	6.5598	9.22028	2.66048
BLOCK00/SES006/SA006S23	SES275	6.68433	9.34481	2.66048
BLOCK00/SES006/SA006S26	SES104	5.70692	8.34847	2.64155
BLOCK00/SES006/SA006S26	SES158	6.37525	9.0168	2.64155
BLOCK00/SES006/SA006S26	SES270	6.72995	9.37149	2.64155
BLOCK00/SES006/SA006S26	SES275	6.12809	8.76964	2.64155
BLOCK00/SES006/SA006S28	SES007	5.37182	7.32275	1.95093
BLOCK00/SES006/SA006S28	SES105	5.16447	7.11541	1.95093
BLOCK00/SES006/SA006S28	SES158	5.76215	7.71308	1.95093
BLOCK00/SES006/SA006S28	SES275	5.28352	7.23445	1.95093
BLOCK00/SES009/SA009S12	SES083	6.67332	10.1678	3.4945
BLOCK00/SES009/SA009S12	SES148	6.78049	10.275	3.4945
BLOCK00/SES009/SA009S12	SES177	7.18657	10.6811	3.4945
BLOCK00/SES009/SA009S12	SES292	7.0965	10.591	3.4945
BLOCK00/SES009/SA009S15	SES007	7.64892	11.3889	3.73997
BLOCK00/SES009/SA009S15	SES099	6.27415	10.0141	3.73997
BLOCK00/SES009/SA009S15	SES148	6.84294	10.5829	3.73997
BLOCK00/SES009/SA009S15	SES172	7.34113	11.0811	3.73997
BLOCK00/SES009/SA009S24	SES146	6.74094	10.0606	3.31968
BLOCK00/SES009/SA009S24	SES148	6.3069	9.62658	3.31968
BLOCK00/SES009/SA009S24	SES177	7.12641	10.4461	3.31968
BLOCK00/SES009/SA009S24	SES292	6.92691	10.2466	3.31968
BLOCK00/SES009/SA009S26	SES083	6.60965	9.83918	3.22952
BLOCK00/SES009/SA009S26	SES101	6.63677	9.86629	3.22952
BLOCK00/SES009/SA009S26	SES120	6.71227	9.9418	3.22952
BLOCK00/SES009/SA009S26	SES177	6.99968	10.2292	3.22952
BLOCK00/SES009/SA009S29	SES083	7.00662	10.8678	3.86115
BLOCK00/SES009/SA009S29	SES101	7.14613	11.0073	3.86115
BLOCK00/SES009/SA009S29	SES177	7.4233	11.2844	3.86115
BLOCK00/SES009/SA009S29	SES292	7.32274	11.1839	3.86115
BLOCK01/SES011/SA011S10	SES019	7.00552	9.14747	2.14195
BLOCK01/SES011/SA011S10	SES042	7.85222	9.99417	2.14195
BLOCK01/SES011/SA011S10	SES082	7.20169	9.34363	2.14195
BLOCK01/SES011/SA011S10	SES206	7.48097	9.62292	2.14195
BLOCK01/SES011/SA011S11	SES019	6.59029	7.7684	1.17811
BLOCK01/SES011/SA011S11	SES042	6.8268	8.00491	1.17811
BLOCK01/SES011/SA011S11	SES082	6.78388	7.96199	1.17811
BLOCK01/SES011/SA011S11	SES206	7.18254	8.36065	1.17811
BLOCK01/SES011/SA011S22	SES019	6.61852	8.53491	1.91639
BLOCK01/SES011/SA011S22	SES042	7.28517	9.20157	1.91639
BLOCK01/SES011/SA011S22	SES082	6.46065	8.37704	1.91639
BLOCK01/SES011/SA011S22	SES206	6.88631	8.80271	1.91639
BLOCK01/SES011/SA011S24	SES019	6.52051	8.77514	2.25463
BLOCK01/SES011/SA011S24	SES042	7.19141	9.44604	2.25463
BLOCK01/SES011/SA011S24	SES104	6.78785	9.04248	2.25463
BLOCK01/SES011/SA011S24	SES206	6.94124	9.19587	2.25463
BLOCK01/SES011/SA011S27	SES082	6.8284	8.79349	1.96509
BLOCK01/SES011/SA011S27	SES087	6.26638	8.23146	1.96509
BLOCK01/SES011/SA011S27	SES125	6.61362	8.5787	1.96509
BLOCK01/SES011/SA011S27	SES206	6.62132	8.58641	1.96509
BLOCK01/SES012/SA012S11	SES007	6.81666	10.7496	3.93297
BLOCK01/SES012/SA012S11	SES082	6.86673	10.7997	3.93297
BLOCK01/SES012/SA012S11	SES083	6.88367	10.8166	3.93297
BLOCK01/SES012/SA012S11	SES206	6.78216	10.7151	3.93297
BLOCK01/SES012/SA012S14	SES082	7.56431	10.8404	3.27604
BLOCK01/SES012/SA012S14	SES087	6.91644	10.1925	3.27604
BLOCK01/SES012/SA012S14	SES206	7.41576	10.6918	3.27604
BLOCK01/SES012/SA012S14	SES292	7.21875	10.4948	3.27604
BLOCK01/SES012/SA012S24	SES082	6.92963	9.53944	2.60981
BLOCK01/SES012/SA012S24	SES087	6.05434	8.66415	2.60981
BLOCK01/SES012/SA012S24	SES120	6.16457	8.77438	2.60981
BLOCK01/SES012/SA012S24	SES206	6.39271	9.00252	2.60981
BLOCK01/SES012/SA012S26	SES019	5.86347	9.30271	3.43924
BLOCK01/SES012/SA012S26	SES082	6.92933	10.3686	3.43924
BLOCK01/SES012/SA012S26	SES206	7.53924	10.9785	3.43924
BLOCK01/SES012/SA012S26	SES292	7.24334	10.6826	3.43924
BLOCK01/SES012/SA012S29	SES062	6.75922	10.4876	3.72838
BLOCK01/SES012/SA012S29	SES082	7.06282	10.7912	3.72838
BLOCK01/SES012/SA012S29	SES083	6.8468	10.5752	3.72838
BLOCK01/SES012/SA012S29	SES206	7.26634	10.9947	3.72838
BLOCK01/SES013/SA013S16	SES062	5.6023	8.02056	2.41826
BLOCK01/SES013/SA013S16	SES106	6.30006	8.71832	2.41826
BLOCK01/SES013/SA013S16	SES206	6.28149	8.69975	2.41826
BLOCK01/SES013/SA013S16	SES226	6.39173	8.80998	2.41826
BLOCK01/SES013/SA013S17	SES062	6.02943	9.41624	3.38681
BLOCK01/SES013/SA013S17	SES106	6.31011	9.69693	3.38681
BLOCK01/SES013/SA013S17	SES206	6.86051	10.2473	3.38681
BLOCK01/SES013/SA013S17	SES226	6.84861	10.2354	3.38681
BLOCK01/SES013/SA013S23	SES104	6.50967	8.84331	2.33364
BLOCK01/SES013/SA013S23	SES106	6.68027	9.01391	2.33364
BLOCK01/SES013/SA013S23	SES206	6.37723	8.71087	2.33364
BLOCK01/SES013/SA013S23	SES270	6.60196	8.93559	2.33364
BLOCK01/SES013/SA013S25	SES042	6.52068	9.36309	2.84242
BLOCK01/SES013/SA013S25	SES104	6.82473	9.66715	2.84242
BLOCK01/SES013/SA013S25	SES106	6.97696	9.81938	2.84242
BLOCK01/SES013/SA013S25	SES206	6.78244	9.62486	2.84242
BLOCK01/SES013/SA013S29	SES062	5.8881	8.0742	2.1861
BLOCK01/SES013/SA013S29	SES104	6.83128	9.01738	2.1861
BLOCK01/SES013/SA013S29	SES106	6.93696	9.12305	2.1861
BLOCK01/SES013/SA013S29	SES206	6.6372	8.82329	2.1861
BLOCK02/SES021/SA021S13	SES016	6.33547	9.57326	3.23778
BLOCK02/SES021/SA021S13	SES029	6.82853	10.0663	3.23778
BLOCK02/SES021/SA021S13	SES087	6.60083	9.83861	3.23778
BLOCK02/SES021/SA021S13	SES206	6.72651	9.96429	3.23778
BLOCK02/SES021/SA021S15	SES087	7.12699	11.0314	3.90445
BLOCK02/SES021/SA021S15	SES125	7.07839	10.9828	3.90445
BLOCK02/SES021/SA021S15	SES206	7.20867	11.1131	3.90445
BLOCK02/SES021/SA021S15	SES226	6.75282	10.6573	3.90445
BLOCK02/SES021/SA021S23	SES062	5.73916	7.92661	2.18745
BLOCK02/SES021/SA021S23	SES087	6.3243	8.51175	2.18745
BLOCK02/SES021/SA021S23	SES206	6.29489	8.48234	2.18745
BLOCK02/SES021/SA021S23	SES226	6.5461	8.73354	2.18745
BLOCK02/SES021/SA021S27	SES002	6.68029	10.1471	3.46676
BLOCK02/SES021/SA021S27	SES016	5.76573	9.23249	3.46676
BLOCK02/SES021/SA021S27	SES019	6.36626	9.83302	3.46676
BLOCK02/SES021/SA021S27	SES062	6.55995	10.0267	3.46676
BLOCK02/SES021/SA021S29	SES087	6.79659	9.81504	3.01845
BLOCK02/SES021/SA021S29	SES125	6.95165	9.9701	3.01845
BLOCK02/SES021/SA021S29	SES206	6.86443	9.88288	3.01845
BLOCK02/SES021/SA021S29	SES226	6.35731	9.37576	3.01845
BLOCK04/SES043/SA043S09	SES083	7.00737	9.60673	2.59936
BLOCK04/SES043/SA043S09	SES101	7.05405	9.6534	2.59936
BLOCK04/SES043/SA043S09	SES144	7.36868	9.96804	2.59936
BLOCK04/SES043/SA043S09	SES172	6.98615	9.58551	2.59936
BLOCK04/SES043/SA043S11	SES083	7.07421	10.6144	3.54015
BLOCK04/SES043/SA043S11	SES101	7.08834	10.6285	3.54015
BLOCK04/SES043/SA043S11	SES144	7.44548	10.9856	3.54015
BLOCK04/SES043/SA043S11	SES172	7.1361	10.6763	3.54015
BLOCK04/SES043/SA043S23	SES083	7.07976	10.3037	3.22393
BLOCK04/SES043/SA043S23	SES144	7.3828	10.6067	3.22393
BLOCK04/SES043/SA043S23	SES177	6.74555	9.96948	3.22393
BLOCK04/SES043/SA043S23	SES275	7.07337	10.2973	3.22393
BLOCK04/SES043/SA043S26	SES083	6.64521	10.0133	3.36805
BLOCK04/SES043/SA043S26	SES101	6.54574	9.9138	3.36805
BLOCK04/SES043/SA043S26	SES144	7.14375	10.5118	3.36805
BLOCK04/SES043/SA043S26	SES177	6.53557	9.90363	3.36805
BLOCK04/SES043/SA043S28	SES016	6.98515	10.5359	3.55072
BLOCK04/SES043/SA043S28	SES083	7.30625	10.857	3.55072
BLOCK04/SES043/SA043S28	SES101	7.31388	10.8646	3.55072
BLOCK04/SES043/SA043S28	SES144	7.18974	10.7405	3.55072
BLOCK04/SES044/SA044S10	SES127	6.17044	7.0514	0.880964
BLOCK04/SES044/SA044S10	SES144	7.12404	8.005	0.880964
BLOCK04/SES044/SA044S10	SES147	6.16088	7.04184	0.880964
BLOCK04/SES044/SA044S10	SES148	6.30106	7.18203	0.880964
BLOCK04/SES044/SA044S11	SES101	6.91118	9.08624	2.17507
BLOCK04/SES044/SA044S11	SES144	7.30599	9.48106	2.17507
BLOCK04/SES044/SA044S11	SES147	6.59168	8.76675	2.17507
BLOCK04/SES044/SA044S11	SES177	6.36391	8.53898	2.17507
BLOCK04/SES044/SA044S24	SES007	6.22171	8.31783	2.09612
BLOCK04/SES044/SA044S24	SES101	6.81543	8.91155	2.09612
BLOCK04/SES044/SA044S24	SES147	6.50015	8.59626	2.09612
BLOCK04/SES044/SA044S24	SES177	6.50638	8.60249	2.09612
BLOCK04/SES044/SA044S26	SES007	6.28895	9.00702	2.71807
BLOCK04/SES044/SA044S26	SES016	6.46459	9.18266	2.71807
BLOCK04/SES044/SA044S26	SES101	6.79053	9.5086	2.71807
BLOCK04/SES044/SA044S26	SES147	6.80461	9.52268	2.71807
BLOCK04/SES044/SA044S29	SES007	6.59829	9.90513	3.30685
BLOCK04/SES044/SA044S29	SES101	7.45308	10.7599	3.30685
BLOCK04/SES044/SA044S29	SES147	6.96042	10.2673	3.30685
BLOCK04/SES044/SA044S29	SES177	6.80562	10.1125	3.30685
BLOCK04/SES046/SA046S13	SES101	6.64767	9.10536	2.45768
BLOCK04/SES046/SA046S13	SES144	6.88533	9.34302	2.45768
BLOCK04/SES046/SA046S13	SES147	6.3584	8.81609	2.45768
BLOCK04/SES046/SA046S13	SES177	6.23088	8.68857	2.45768
BLOCK04/SES046/SA046S15	SES048	7.04147	11.0887	4.04723
BLOCK04/SES046/SA046S15	SES083	6.90982	10.957	4.04723
BLOCK04/SES046/SA046S15	SES120	5.93519	9.98242	4.04723
BLOCK04/SES046/SA046S15	SES148	6.5954	10.6426	4.04723
BLOCK04/SES046/SA046S22	SES101	7.16631	10.3814	3.21508
BLOCK04/SES046/SA046S22	SES144	7.24164	10.4567	3.21508
BLOCK04/SES046/SA046S22	SES147	6.6303	9.84538	3.21508
BLOCK04/SES046/SA046S22	SES172	7.0539	10.269	3.21508
BLOCK04/SES046/SA046S25	SES083	6.21997	10.3556	4.13566
BLOCK04/SES046/SA046S25	SES127	6.0256	10.1613	4.13566
BLOCK04/SES046/SA046S25	SES144	6.13496	10.2706	4.13566
BLOCK04/SES046/SA046S25	SES148	6.12888	10.2645	4.13566
BLOCK04/SES046/SA046S28	SES007	6.35702	9.66074	3.30372
BLOCK04/SES046/SA046S28	SES105	6.28349	9.58721	3.30372
BLOCK04/SES046/SA046S28	SES147	6.47614	9.77986	3.30372
BLOCK04/SES046/SA046S28	SES148	6.48173	9.78545	3.30372
BLOCK04/SES049/SA049S16	SES104	5.73224	7.89135	2.15911
BLOCK04/SES049/SA049S16	SES106	5.82006	7.97917	2.15911
BLOCK04/SES049/SA049S16	SES120	5.92372	8.08283	2.15911
BLOCK04/SES049/SA049S16	SES206	5.76348	7.92259	2.15911
BLOCK04/SES049/SA049S18	SES099	6.34556	7.44356	1.098
BLOCK04/SES049/SA049S18	SES104	5.84059	6.93859	1.098
BLOCK04/SES049/SA049S18	SES125	5.34815	6.44615	1.098
BLOCK04/SES049/SA049S18	SES206	5.76372	6.86172	1.098
BLOCK04/SES049/SA049S25	SES087	6.52729	8.07207	1.54478
BLOCK04/SES049/SA049S25	SES104	6.50541	8.05019	1.54478
BLOCK04/SES049/SA049S25	SES125	5.95025	7.49503	1.54478
BLOCK04/SES049/SA049S25	SES206	6.5161	8.06088	1.54478
BLOCK04/SES049/SA049S27	SES099	6.09026	9.17827	3.08801
BLOCK04/SES049/SA049S27	SES104	6.17856	9.26657	3.08801
BLOCK04/SES049/SA049S27	SES125	5.385	8.47301	3.08801
BLOCK04/SES049/SA049S27	SES206	5.76099	8.849	3.08801
BLOCK04/SES049/SA049S29	SES099	6.24715	9.26698	3.01983
BLOCK04/SES049/SA049S29	SES104	6.41284	9.43268	3.01983
BLOCK04/SES049/SA049S29	SES125	5.92077	8.9406	3.01983
BLOCK04/SES049/SA049S29	SES206	6.32141	9.34125	3.01983
BLOCK06/SES063/SA063S09	SES068	6.80597	10.4369	3.63093
BLOCK06/SES063/SA063S09	SES083	7.26307	10.894	3.63093
BLOCK06/SES063/SA063S09	SES177	7.23093	10.8619	3.63093
BLOCK06/SES063/SA063S09	SES187	7.13194	10.7629	3.63093
BLOCK06/SES063/SA063S10	SES068	6.97206	9.58789	2.61583
BLOCK06/SES063/SA063S10	SES083	6.96798	9.58381	2.61583
BLOCK06/SES063/SA063S10	SES172	7.18608	9.80191	2.61583
BLOCK06/SES063/SA063S10	SES187	7.27823	9.89406	2.61583
BLOCK06/SES063/SA063S20	SES068	6.80784	10.0415	3.23367
BLOCK06/SES063/SA063S20	SES083	7.0877	10.3214	3.23367
BLOCK06/SES063/SA063S20	SES172	7.26592	10.4996	3.23367
BLOCK06/SES063/SA063S20	SES187	7.25564	10.4893	3.23367
BLOCK06/SES063/SA063S24	SES029	6.19483	10.208	4.01313
BLOCK06/SES063/SA063S24	SES083	7.62663	11.6398	4.01313
BLOCK06/SES063/SA063S24	SES177	7.40503	11.4182	4.01313
BLOCK06/SES063/SA063S24	SES189	7.29211	11.3052	4.01313
BLOCK06/SES063/SA063S27	SES083	7.1403	10.3181	3.17776
BLOCK06/SES063/SA063S27	SES172	7.31209	10.4899	3.17776
BLOCK06/SES063/SA063S27	SES187	7.33495	10.5127	3.17776
BLOCK06/SES063/SA063S27	SES292	6.76526	9.94302	3.17776
BLOCK06/SES067/SA067S12	SES083	6.85009	10.7497	3.89957
BLOCK06/SES067/SA067S12	SES172	6.85147	10.751	3.89957
BLOCK06/SES067/SA067S12	SES202	7.33015	11.2297	3.89957
BLOCK06/SES067/SA067S12	SES292	6.87811	10.7777	3.89957
BLOCK06/SES067/SA067S14	SES085	7.22465	11.5987	4.37404
BLOCK06/SES067/SA067S14	SES177	6.84178	11.2158	4.37404
BLOCK06/SES067/SA067S14	SES183	7.78263	12.1567	4.37404
BLOCK06/SES067/SA067S14	SES202	7.32831	11.7023	4.37404
BLOCK06/SES067/SA067S21	SES144	7.17637	10.3388	3.16241
BLOCK06/SES067/SA067S21	SES177	6.82324	9.98565	3.16241
BLOCK06/SES067/SA067S21	SES183	7.04315	10.2056	3.16241
BLOCK06/SES067/SA067S21	SES189	6.6391	9.80151	3.16241
BLOCK06/SES067/SA067S25	SES085	7.21312	11.7523	4.53915
BLOCK06/SES067/SA067S25	SES177	7.02973	11.5689	4.53915
BLOCK06/SES067/SA067S25	SES183	7.57821	12.1174	4.53915
BLOCK06/SES067/SA067S25	SES202	7.06931	11.6085	4.53915
BLOCK06/SES067/SA067S29	SES085	6.97928	10.6453	3.66598
BLOCK06/SES067/SA067S29	SES177	6.97855	10.6445	3.66598
BLOCK06/SES067/SA067S29	SES183	7.59404	11.26	3.66598
BLOCK06/SES067/SA067S29	SES202	7.61756	11.2835	3.66598
BLOCK06/SES069/SA069S12	SES029	6.70127	9.59338	2.89211
BLOCK06/SES069/SA069S12	SES082	7.10404	9.99614	2.89211
BLOCK06/SES069/SA069S12	SES087	6.76059	9.6527	2.89211
BLOCK06/SES069/SA069S12	SES206	7.04916	9.94126	2.89211
BLOCK06/SES069/SA069S13	SES029	6.24482	9.45279	3.20796
BLOCK06/SES069/SA069S13	SES087	6.73262	9.94058	3.20796
BLOCK06/SES069/SA069S13	SES206	6.69474	9.9027	3.20796
BLOCK06/SES069/SA069S13	SES226	6.94579	10.1537	3.20796
BLOCK06/SES069/SA069S23	SES029	7.31562	11.2101	3.89446
BLOCK06/SES069/SA069S23	SES087	7.89107	11.7855	3.89446
BLOCK06/SES069/SA069S23	SES206	7.27784	11.1723	3.89446
BLOCK06/SES069/SA069S23	SES226	7.6278	11.5223	3.89446
BLOCK06/SES069/SA069S25	SES087	7.29198	11.1716	3.87958
BLOCK06/SES069/SA069S25	SES206	6.75289	10.6325	3.87958
BLOCK06/SES069/SA069S25	SES226	7.3099	11.1895	3.87958
BLOCK06/SES069/SA069S25	SES270	6.67406	10.5536	3.87958
BLOCK06/SES069/SA069S27	SES087	6.83815	10.335	3.49683
BLOCK06/SES069/SA069S27	SES206	7.46659	10.9634	3.49683
BLOCK06/SES069/SA069S27	SES226	7.37461	10.8714	3.49683
BLOCK06/SES069/SA069S27	SES270	7.00791	10.5047	3.49683
BLOCK08/SES081/SA081S11	SES060	6.95216	9.56777	2.61561
BLOCK08/SES081/SA081S11	SES062	7.04957	9.66518	2.61561
BLOCK08/SES081/SA081S11	SES117	6.6086	9.22421	2.61561
BLOCK08/SES081/SA081S11	SES162	6.88742	9.50303	2.61561
BLOCK08/SES081/SA081S13	SES016	7.21671	10.6273	3.41059
BLOCK08/SES081/SA081S13	SES060	7.7415	11.1521	3.41059
BLOCK08/SES081/SA081S13	SES068	7.4665	10.8771	3.41059
BLOCK08/SES081/SA081S13	SES129	6.80005	10.2106	3.41059
BLOCK08/SES081/SA081S24	SES060	7.26551	10.1699	2.90437
BLOCK08/SES081/SA081S24	SES068	7.16417	10.0685	2.90437
BLOCK08/SES081/SA081S24	SES117	6.51856	9.42293	2.90437
BLOCK08/SES081/SA081S24	SES275	6.7227	9.62708	2.90437
BLOCK08/SES081/SA081S27	SES007	7.04746	9.73258	2.68512
BLOCK08/SES081/SA081S27	SES060	6.92972	9.61484	2.68512
BLOCK08/SES081/SA081S27	SES117	7.03043	9.71555	2.68512
BLOCK08/SES081/SA081S27	SES275	6.98007	9.66519	2.68512
BLOCK08/SES081/SA081S29	SES007	7.30137	9.87555	2.57418
BLOCK08/SES081/SA081S29	SES060	7.70164	10.2758	2.57418
BLOCK08/SES081/SA081S29	SES117	7.1657	9.73988	2.57418
BLOCK08/SES081/SA081S29	SES275	6.91183	9.48601	2.57418
BLOCK08/SES086/SA086S11	SES029	5.87843	7.20154	1.32311
BLOCK08/SES086/SA086S11	SES082	6.829	8.15211	1.32311
BLOCK08/SES086/SA086S11	SES087	7.08696	8.41007	1.32311
BLOCK08/SES086/SA086S11	SES206	6.49134	7.81445	1.32311
BLOCK08/SES086/SA086S12	SES029	6.75729	8.6021	1.84481
BLOCK08/SES086/SA086S12	SES082	6.87609	8.72089	1.84481
BLOCK08/SES086/SA086S12	SES087	7.58157	9.42637	1.84481
BLOCK08/SES086/SA086S12	SES206	6.9594	8.8042	1.84481
BLOCK08/SES086/SA086S20	SES029	6.568	9.24355	2.67555
BLOCK08/SES086/SA086S20	SES082	6.84583	9.52138	2.67555
BLOCK08/SES086/SA086S20	SES087	7.4782	10.1537	2.67555
BLOCK08/SES086/SA086S20	SES206	7.37778	10.0533	2.67555
BLOCK08/SES086/SA086S24	SES087	7.10874	9.30447	2.19573
BLOCK08/SES086/SA086S24	SES104	6.8465	9.04223	2.19573
BLOCK08/SES086/SA086S24	SES120	6.64279	8.83852	2.19573
BLOCK08/SES086/SA086S24	SES206	7.21562	9.41135	2.19573
BLOCK08/SES086/SA086S28	SES029	6.46999	9.62998	3.15998
BLOCK08/SES086/SA086S28	SES082	6.80824	9.96822	3.15998
BLOCK08/SES086/SA086S28	SES087	7.1513	10.3113	3.15998
BLOCK08/SES086/SA086S28	SES206	6.97586	10.1358	3.15998
BLOCK08/SES089/SA089S13	SES087	6.16474	8.37209	2.20735
BLOCK08/SES089/SA089S13	SES206	6.05356	8.26091	2.20735
BLOCK08/SES089/SA089S13	SES226	6.34978	8.55712	2.20735
BLOCK08/SES089/SA089S13	SES270	6.02501	8.23235	2.20735
BLOCK08/SES089/SA089S14	SES062	5.77833	9.18883	3.4105
BLOCK08/SES089/SA089S14	SES087	6.31894	9.72944	3.4105
BLOCK08/SES089/SA089S14	SES206	6.34296	9.75345	3.4105
BLOCK08/SES089/SA089S14	SES226	6.26332	9.67381	3.4105
BLOCK08/SES089/SA089S23	SES087	6.01684	7.39968	1.38284
BLOCK08/SES089/SA089S23	SES206	5.72444	7.10728	1.38284
BLOCK08/SES089/SA089S23	SES226	5.95274	7.33558	1.38284
BLOCK08/SES089/SA089S23	SES270	5.66522	7.04805	1.38284
BLOCK08/SES089/SA089S25	SES062	5.9897	8.25587	2.26617
BLOCK08/SES089/SA089S25	SES087	6.68086	8.94703	2.26617
BLOCK08/SES089/SA089S25	SES206	6.15219	8.41836	2.26617
BLOCK08/SES089/SA089S25	SES226	6.82409	9.09026	2.26617
BLOCK08/SES089/SA089S28	SES062	6.16549	8.45658	2.29109
BLOCK08/SES089/SA089S28	SES087	6.68183	8.97291	2.29109
BLOCK08/SES089/SA089S28	SES206	6.43762	8.7287	2.29109
BLOCK08/SES089/SA089S28	SES226	6.97616	9.26725	2.29109
BLOCK09/SES097/SA097S11	SES099	6.89294	8.65901	1.76607
BLOCK09/SES097/SA097S11	SES125	5.98916	7.75523	1.76607
BLOCK09/SES097/SA097S11	SES206	6.11061	7.87668	1.76607
BLOCK09/SES097/SA097S11	SES226	6.4226	8.18867	1.76607
BLOCK09/SES097/SA097S14	SES062	6.16442	8.51751	2.35309
BLOCK09/SES097/SA097S14	SES099	6.61005	8.96314	2.35309
BLOCK09/SES097/SA097S14	SES104	6.37549	8.72858	2.35309
BLOCK09/SES097/SA097S14	SES206	6.16784	8.52093	2.35309
BLOCK09/SES097/SA097S22	SES099	6.43292	8.35821	1.92529
BLOCK09/SES097/SA097S22	SES206	5.82693	7.75222	1.92529
BLOCK09/SES097/SA097S22	SES226	5.73834	7.66363	1.92529
BLOCK09/SES097/SA097S22	SES270	6.5809	8.50619	1.92529
BLOCK09/SES097/SA097S26	SES099	6.64645	8.54422	1.89777
BLOCK09/SES097/SA097S26	SES120	6.05081	7.94858	1.89777
BLOCK09/SES097/SA097S26	SES206	6.03447	7.93224	1.89777
BLOCK09/SES097/SA097S26	SES226	5.88297	7.78074	1.89777
BLOCK09/SES097/SA097S28	SES099	6.81722	9.41464	2.59742
BLOCK09/SES097/SA097S28	SES120	6.29794	8.89535	2.59742
BLOCK09/SES097/SA097S28	SES206	5.95162	8.54903	2.59742
BLOCK09/SES097/SA097S28	SES226	5.88316	8.48058	2.59742
BLOCK09/SES098/SA098S11	SES127	6.4734	8.9636	2.4902
BLOCK09/SES098/SA098S11	SES144	6.4092	8.8994	2.4902
BLOCK09/SES098/SA098S11	SES147	6.784	9.2742	2.4902
BLOCK09/SES098/SA098S11	SES148	5.58423	8.07443	2.4902
BLOCK09/SES098/SA098S12	SES127	6.24919	7.72473	1.47554
BLOCK09/SES098/SA098S12	SES144	6.38439	7.85993	1.47554
BLOCK09/SES098/SA098S12	SES147	6.89173	8.36727	1.47554
BLOCK09/SES098/SA098S12	SES189	6.35328	7.82882	1.47554
BLOCK09/SES098/SA098S20	SES127	6.28545	8.33178	2.04633
BLOCK09/SES098/SA098S20	SES147	6.93667	8.98299	2.04633
BLOCK09/SES098/SA098S20	SES148	6.15726	8.20359	2.04633
BLOCK09/SES098/SA098S20	SES292	6.81543	8.86176	2.04633
BLOCK09/SES098/SA098S23	SES127	6.59067	9.18091	2.59024
BLOCK09/SES098/SA098S23	SES147	6.58419	9.17443	2.59024
BLOCK09/SES098/SA098S23	SES187	6.88619	9.47643	2.59024
BLOCK09/SES098/SA098S23	SES292	6.42938	9.01962	2.59024
BLOCK09/SES098/SA098S27	SES127	6.32256	8.31673	1.99417
BLOCK09/SES098/SA098S27	SES147	6.38445	8.37861	1.99417
BLOCK09/SES098/SA098S27	SES148	5.76879	7.76296	1.99417
BLOCK09/SES098/SA098S27	SES292	6.59181	8.58598	1.99417
BLOCK10/SES102/SA102S13	SES101	6.90632	9.50893	2.6026
BLOCK10/SES102/SA102S13	SES105	6.67694	9.27954	2.6026
BLOCK10/SES102/SA102S13	SES120	6.10874	8.71134	2.6026
BLOCK10/SES102/SA102S13	SES158	6.14969	8.7523	2.6026
BLOCK10/SES102/SA102S14	SES007	7.69208	11.0184	3.32635
BLOCK10/SES102/SA102S14	SES101	8.06255	11.3889	3.32635
BLOCK10/SES102/SA102S14	SES105	7.60821	10.9346	3.32635
BLOCK10/SES102/SA102S14	SES147	6.91991	10.2463	3.32635
BLOCK10/SES102/SA102S22	SES007	6.77846	10.4834	3.70496
BLOCK10/SES102/SA102S22	SES101	7.22216	10.9271	3.70496
BLOCK10/SES102/SA102S22	SES105	7.10752	10.8125	3.70496
BLOCK10/SES102/SA102S22	SES158	6.56007	10.265	3.70496
BLOCK10/SES102/SA102S25	SES007	6.99452	10.5087	3.51416
BLOCK10/SES102/SA102S25	SES101	7.37074	10.8849	3.51416
BLOCK10/SES102/SA102S25	SES105	7.00252	10.5167	3.51416
BLOCK10/SES102/SA102S25	SES147	6.2532	9.76736	3.51416
BLOCK10/SES102/SA102S27	SES007	6.55202	9.58622	3.03421
BLOCK10/SES102/SA102S27	SES101	6.98571	10.0199	3.03421
BLOCK10/SES102/SA102S27	SES105	6.56829	9.6025	3.03421
BLOCK10/SES102/SA102S27	SES147	6.19947	9.23368	3.03421
BLOCK10/SES103/SA103S14	SES105	6.48374	8.57826	2.09452
BLOCK10/SES103/SA103S14	SES106	6.41191	8.50643	2.09452
BLOCK10/SES103/SA103S14	SES120	6.07895	8.17347	2.09452
BLOCK10/SES103/SA103S14	SES206	6.13393	8.22846	2.09452
BLOCK10/SES103/SA103S15	SES099	6.09179	7.38605	1.29426
BLOCK10/SES103/SA103S15	SES101	5.4544	6.74867	1.29426
BLOCK10/SES103/SA103S15	SES104	5.72151	7.01577	1.29426
BLOCK10/SES103/SA103S15	SES125	5.60854	6.9028	1.29426
BLOCK10/SES103/SA103S24	SES104	6.26052	9.24458	2.98405
BLOCK10/SES103/SA103S24	SES125	5.92121	8.90526	2.98405
BLOCK10/SES103/SA103S24	SES148	6.03933	9.02338	2.98405
BLOCK10/SES103/SA103S24	SES158	6.3499	9.33395	2.98405
BLOCK10/SES103/SA103S26	SES104	5.8071	7.91863	2.11153
BLOCK10/SES103/SA103S26	SES106	6.43194	8.54347	2.11153
BLOCK10/SES103/SA103S26	SES125	5.66345	7.77498	2.11153
BLOCK10/SES103/SA103S26	SES148	5.40916	7.52069	2.11153
BLOCK10/SES103/SA103S28	SES104	5.71235	6.57933	0.866977
BLOCK10/SES103/SA103S28	SES106	6.37313	7.2401	0.866977
BLOCK10/SES103/SA103S28	SES125	5.67153	6.53851	0.866977
BLOCK10/SES103/SA103S28	SES206	5.23849	6.10546	0.866977
BLOCK12/SES121/SA121S12	SES042	4.80612	6.26889	1.46278
BLOCK12/SES121/SA121S12	SES087	5.07253	6.53531	1.46278
BLOCK12/SES121/SA121S12	SES105	6.35882	7.8216	1.46278
BLOCK12/SES121/SA121S12	SES206	5.65956	7.12234	1.46278
BLOCK12/SES121/SA121S14	SES007	5.97199	6.61158	0.639596
BLOCK12/SES121/SA121S14	SES105	6.38619	7.02579	0.639596
BLOCK12/SES121/SA121S14	SES106	6.26155	6.90115	0.639596
BLOCK12/SES121/SA121S14	SES206	6.04209	6.68168	0.639596
BLOCK12/SES121/SA121S23	SES105	5.85457	7.28046	1.42589
BLOCK12/SES121/SA121S23	SES106	6.09205	7.51794	1.42589
BLOCK12/SES121/SA121S23	SES120	5.54787	6.97376	1.42589
BLOCK12/SES121/SA121S23	SES206	5.73498	7.16087	1.42589
BLOCK12/SES121/SA121S25	SES007	5.77964	6.32986	0.550218
BLOCK12/SES121/SA121S25	SES105	6.02293	6.57315	0.550218
BLOCK12/SES121/SA121S25	SES106	6.02155	6.57177	0.550218
BLOCK12/SES121/SA121S25	SES206	5.61774	6.16796	0.550218
BLOCK12/SES121/SA121S27	SES087	6.42497	6.84174	0.416765
BLOCK12/SES121/SA121S27	SES105	5.91201	6.32878	0.416765
BLOCK12/SES121/SA121S27	SES120	6.67818	7.09495	0.416765
BLOCK12/SES121/SA121S27	SES206	6.36846	6.78523	0.416765
BLOCK12/SES124/SA124S16	SES042	6.48557	9.11777	2.6322
BLOCK12/SES124/SA124S16	SES082	6.06871	8.7009	2.6322
BLOCK12/SES124/SA124S16	SES183	5.67333	8.30552	2.6322
BLOCK12/SES124/SA124S16	SES206	5.8565	8.4887	2.6322
BLOCK12/SES124/SA124S17	SES105	5.85918	7.22851	1.36933
BLOCK12/SES124/SA124S17	SES149	5.04078	6.41011	1.36933
BLOCK12/SES124/SA124S17	SES158	5.73552	7.10485	1.36933
BLOCK12/SES124/SA124S17	SES275	6.32953	7.69885	1.36933
BLOCK12/SES124/SA124S23	SES105	5.92024	9.01294	3.09271
BLOCK12/SES124/SA124S23	SES125	6.89752	9.99022	3.09271
BLOCK12/SES124/SA124S23	SES129	6.00284	9.09555	3.09271
BLOCK12/SES124/SA124S23	SES158	6.41291	9.50562	3.09271
BLOCK12/SES124/SA124S26	SES105	5.73837	7.7002	1.96183
BLOCK12/SES124/SA124S26	SES125	6.44662	8.40845	1.96183
BLOCK12/SES124/SA124S26	SES129	5.83972	7.80155	1.96183
BLOCK12/SES124/SA124S26	SES158	6.59293	8.55476	1.96183
BLOCK12/SES124/SA124S28	SES104	6.20221	8.85943	2.65722
BLOCK12/SES124/SA124S28	SES106	6.25595	8.91317	2.65722
BLOCK12/SES124/SA124S28	SES125	6.35128	9.0085	2.65722
BLOCK12/SES124/SA124S28	SES275	5.71122	8.36844	2.65722
BLOCK12/SES126/SA126S13	SES007	6.59285	9.033	2.44016
BLOCK12/SES126/SA126S13	SES162	6.53119	8.97134	2.44016
BLOCK12/SES126/SA126S13	SES177	6.77432	9.21447	2.44016
BLOCK12/SES126/SA126S13	SES180	6.4431	8.88325	2.44016
BLOCK12/SES126/SA126S14	SES144	6.99469	10.0543	3.05964
BLOCK12/SES126/SA126S14	SES148	6.89681	9.95645	3.05964
BLOCK12/SES126/SA126S14	SES177	7.09851	10.1582	3.05964
BLOCK12/SES126/SA126S14	SES180	6.77835	9.83799	3.05964
BLOCK12/SES126/SA126S20	SES007	6.62323	9.87966	3.25643
BLOCK12/SES126/SA126S20	SES162	6.72696	9.98339	3.25643
BLOCK12/SES126/SA126S20	SES172	6.40379	9.66022	3.25643
BLOCK12/SES126/SA126S20	SES180	6.52263	9.77905	3.25643
BLOCK12/SES126/SA126S24	SES120	7.18203	10.507	3.32496
BLOCK12/SES126/SA126S24	SES162	7.11514	10.4401	3.32496
BLOCK12/SES126/SA126S24	SES177	7.14424	10.4692	3.32496
BLOCK12/SES126/SA126S24	SES180	6.95579	10.2807	3.32496
BLOCK12/SES126/SA126S26	SES120	6.72305	9.29967	2.57662
BLOCK12/SES126/SA126S26	SES177	6.48246	9.05909	2.57662
BLOCK12/SES126/SA126S26	SES180	6.48002	9.05664	2.57662
BLOCK12/SES126/SA126S26	SES202	6.49433	9.07095	2.57662
BLOCK12/SES128/SA128S10	SES087	6.06978	9.11096	3.04119
BLOCK12/SES128/SA128S10	SES206	6.46722	9.50841	3.04119
BLOCK12/SES128/SA128S10	SES226	6.64498	9.68616	3.04119
BLOCK12/SES128/SA128S10	SES270	6.52435	9.56554	3.04119
BLOCK12/SES128/SA128S12	SES120	6.49348	9.50753	3.01406
BLOCK12/SES128/SA128S12	SES158	6.16025	9.1743	3.01406
BLOCK12/SES128/SA128S12	SES206	6.51523	9.52928	3.01406
BLOCK12/SES128/SA128S12	SES226	6.14711	9.16117	3.01406
BLOCK12/SES128/SA128S21	SES106	6.73361	8.79107	2.05746
BLOCK12/SES128/SA128S21	SES120	6.30462	8.36208	2.05746
BLOCK12/SES128/SA128S21	SES206	6.52636	8.58383	2.05746
BLOCK12/SES128/SA128S21	SES226	6.55846	8.61592	2.05746
BLOCK12/SES128/SA128S24	SES087	6.39627	8.86775	2.47148
BLOCK12/SES128/SA128S24	SES120	6.56612	9.03759	2.47148
BLOCK12/SES128/SA128S24	SES206	6.76878	9.24026	2.47148
BLOCK12/SES128/SA128S24	SES226	6.37508	8.84656	2.47148
BLOCK12/SES128/SA128S27	SES099	6.40962	9.71356	3.30394
BLOCK12/SES128/SA128S27	SES120	6.52376	9.8277	3.30394
BLOCK12/SES128/SA128S27	SES206	6.46832	9.77226	3.30394
BLOCK12/SES128/SA128S27	SES226	6.60876	9.9127	3.30394
BLOCK13/SES130/SA130S13	SES143	6.63219	9.06579	2.4336
BLOCK13/SES130/SA130S13	SES144	6.97864	9.41224	2.4336
BLOCK13/SES130/SA130S13	SES146	6.71694	9.15054	2.4336
BLOCK13/SES130/SA130S13	SES275	6.23669	8.67029	2.4336
BLOCK13/SES130/SA130S15	SES143	7.1665	10.3381	3.17161
BLOCK13/SES130/SA130S15	SES144	7.53661	10.7082	3.17161
BLOCK13/SES130/SA130S15	SES146	7.36348	10.5351	3.17161
BLOCK13/SES130/SA130S15	SES275	7.0351	10.2067	3.17161
BLOCK13/SES130/SA130S23	SES127	6.15379	8.1029	1.94911
BLOCK13/SES130/SA130S23	SES144	6.63122	8.58033	1.94911
BLOCK13/SES130/SA130S23	SES146	6.91818	8.86729	1.94911
BLOCK13/SES130/SA130S23	SES162	6.70516	8.65427	1.94911
BLOCK13/SES130/SA130S25	SES127	6.66438	10.4645	3.80011
BLOCK13/SES130/SA130S25	SES144	6.92787	10.728	3.80011
BLOCK13/SES130/SA130S25	SES146	6.9844	10.7845	3.80011
BLOCK13/SES130/SA130S25	SES275	6.45994	10.26	3.80011
BLOCK13/SES130/SA130S28	SES127	6.24767	9.36453	3.11685
BLOCK13/SES130/SA130S28	SES144	6.34569	9.46254	3.11685
BLOCK13/SES130/SA130S28	SES146	6.66193	9.77878	3.11685
BLOCK13/SES130/SA130S28	SES275	6.48352	9.60037	3.11685
BLOCK13/SES131/SA131S13	SES002	5.75108	6.81908	1.068
BLOCK13/SES131/SA131S13	SES007	5.76066	6.82866	1.068
BLOCK13/SES131/SA131S13	SES099	5.66316	6.73116	1.068
BLOCK13/SES131/SA131S13	SES105	5.93956	7.00756	1.068
BLOCK13/SES131/SA131S14	SES104	6.40516	9.45162	3.04646
BLOCK13/SES131/SA131S14	SES106	6.42109	9.46756	3.04646
BLOCK13/SES131/SA131S14	SES125	6.07894	9.1254	3.04646
BLOCK13/SES131/SA131S14	SES148	6.6475	9.69396	3.04646
BLOCK13/SES131/SA131S20	SES104	5.20824	6.92038	1.71214
BLOCK13/SES131/SA131S20	SES106	5.72793	7.44007	1.71214
BLOCK13/SES131/SA131S20	SES125	4.99252	6.70466	1.71214
BLOCK13/SES131/SA131S20	SES148	5.68754	7.39968	1.71214
BLOCK13/SES131/SA131S22	SES099	5.73572	8.35113	2.61541
BLOCK13/SES131/SA131S22	SES104	5.7928	8.4082	2.61541
BLOCK13/SES131/SA131S22	SES125	5.68219	8.2976	2.61541
BLOCK13/SES131/SA131S22	SES206	5.57089	8.18629	2.61541
BLOCK13/SES131/SA131S29	SES087	5.68366	7.80564	2.12198
BLOCK13/SES131/SA131S29	SES104	5.19653	7.31851	2.12198
BLOCK13/SES131/SA131S29	SES125	5.34894	7.47091	2.12198
BLOCK13/SES131/SA131S29	SES206	5.33208	7.45406	2.12198
BLOCK13/SES132/SA132S11	SES083	6.57076	10.1803	3.60955
BLOCK13/SES132/SA132S11	SES120	7.1075	10.717	3.60955
BLOCK13/SES132/SA132S11	SES127	6.93776	10.5473	3.60955
BLOCK13/SES132/SA132S11	SES275	6.62712	10.2367	3.60955
BLOCK13/SES132/SA132S12	SES083	6.34087	9.88313	3.54225
BLOCK13/SES132/SA132S12	SES143	6.59393	10.1362	3.54225
BLOCK13/SES132/SA132S12	SES144	7.29304	10.8353	3.54225
BLOCK13/SES132/SA132S12	SES148	7.20012	10.7424	3.54225
BLOCK13/SES132/SA132S22	SES062	7.24565	10.8314	3.58573
BLOCK13/SES132/SA132S22	SES083	6.93777	10.5235	3.58573
BLOCK13/SES132/SA132S22	SES127	7.01292	10.5987	3.58573
BLOCK13/SES132/SA132S22	SES275	6.97104	10.5568	3.58573
BLOCK13/SES132/SA132S24	SES007	7.09604	11.068	3.97193
BLOCK13/SES132/SA132S24	SES083	6.79282	10.7648	3.97193
BLOCK13/SES132/SA132S24	SES127	6.75847	10.7304	3.97193
BLOCK13/SES132/SA132S24	SES275	7.11981	11.0917	3.97193
BLOCK13/SES132/SA132S27	SES083	6.60576	10.0815	3.4757
BLOCK13/SES132/SA132S27	SES120	7.35676	10.8325	3.4757
BLOCK13/SES132/SA132S27	SES127	6.44789	9.92359	3.4757
BLOCK13/SES132/SA132S27	SES275	6.74826	10.224	3.4757
BLOCK14/SES141/SA141S09	SES143	6.47928	10.3433	3.86401
BLOCK14/SES141/SA141S09	SES144	6.76504	10.629	3.86401
BLOCK14/SES141/SA141S09	SES162	6.48665	10.3507	3.86401
BLOCK14/SES141/SA141S09	SES180	6.53973	10.4037	3.86401
BLOCK14/SES141/SA141S15	SES127	6.42669	9.98162	3.55494
BLOCK14/SES141/SA141S15	SES144	6.4291	9.98404	3.55494
BLOCK14/SES141/SA141S15	SES162	6.36277	9.9177	3.55494
BLOCK14/SES141/SA141S15	SES180	6.11445	9.66939	3.55494
BLOCK14/SES141/SA141S24	SES127	7.21358	10.3788	3.16524
BLOCK14/SES141/SA141S24	SES144	6.9278	10.093	3.16524
BLOCK14/SES141/SA141S24	SES162	7.03493	10.2002	3.16524
BLOCK14/SES141/SA141S24	SES183	6.64099	9.80623	3.16524
BLOCK14/SES141/SA141S26	SES142	6.73322	9.47073	2.73751
BLOCK14/SES141/SA141S26	SES144	6.74018	9.47769	2.73751
BLOCK14/SES141/SA141S26	SES172	6.80004	9.53755	2.73751
BLOCK14/SES141/SA141S26	SES180	6.67101	9.40852	2.73751
BLOCK14/SES141/SA141S29	SES127	7.11224	10.512	3.39972
BLOCK14/SES141/SA141S29	SES142	6.91475	10.3145	3.39972
BLOCK14/SES141/SA141S29	SES144	6.75949	10.1592	3.39972
BLOCK14/SES141/SA141S29	SES180	6.83866	10.2384	3.39972
BLOCK15/SES157/SA157S08	SES083	6.51933	9.84255	3.32322
BLOCK15/SES157/SA157S08	SES127	6.47794	9.80116	3.32322
BLOCK15/SES157/SA157S08	SES148	6.67982	10.003	3.32322
BLOCK15/SES157/SA157S08	SES292	6.63774	9.96097	3.32322
BLOCK15/SES157/SA157S11	SES083	6.39185	9.87686	3.48501
BLOCK15/SES157/SA157S11	SES127	6.45932	9.94433	3.48501
BLOCK15/SES157/SA157S11	SES148	6.38878	9.8738	3.48501
BLOCK15/SES157/SA157S11	SES292	6.74398	10.229	3.48501
BLOCK15/SES157/SA157S21	SES127	6.86673	10.3306	3.46384
BLOCK15/SES157/SA157S21	SES148	7.14914	10.613	3.46384
BLOCK15/SES157/SA157S21	SES158	5.23566	8.6995	3.46384
BLOCK15/SES157/SA157S21	SES292	6.73439	10.1982	3.46384
BLOCK15/SES157/SA157S24	SES127	6.85601	10.3102	3.45424
BLOCK15/SES157/SA157S24	SES148	6.9244	10.3786	3.45424
BLOCK15/SES157/SA157S24	SES183	6.55038	10.0046	3.45424
BLOCK15/SES157/SA157S24	SES292	6.80692	10.2612	3.45424
BLOCK15/SES157/SA157S26	SES007	7.1318	10.5557	3.42391
BLOCK15/SES157/SA157S26	SES127	7.04415	10.4681	3.42391
BLOCK15/SES157/SA157S26	SES147	6.7971	10.221	3.42391
BLOCK15/SES157/SA157S26	SES148	6.68354	10.1074	3.42391
BLOCK16/SES161/SA161S10	SES007	6.22726	8.38185	2.15459
BLOCK16/SES161/SA161S10	SES105	6.56989	8.72448	2.15459
BLOCK16/SES161/SA161S10	SES158	6.0871	8.24169	2.15459
BLOCK16/SES161/SA161S10	SES275	6.36009	8.51467	2.15459
BLOCK16/SES161/SA161S12	SES007	6.13725	9.01127	2.87403
BLOCK16/SES161/SA161S12	SES105	5.8153	8.68932	2.87403
BLOCK16/SES161/SA161S12	SES158	6.12908	9.0031	2.87403
BLOCK16/SES161/SA161S12	SES275	6.23451	9.10853	2.87403
BLOCK16/SES161/SA161S20	SES007	6.58353	7.91677	1.33324
BLOCK16/SES161/SA161S20	SES105	6.53831	7.87155	1.33324
BLOCK16/SES161/SA161S20	SES158	6.71766	8.05091	1.33324
BLOCK16/SES161/SA161S20	SES275	6.59554	7.92878	1.33324
BLOCK16/SES161/SA161S23	SES007	5.89793	8.72995	2.83203
BLOCK16/SES161/SA161S23	SES105	6.3186	9.15063	2.83203
BLOCK16/SES161/SA161S23	SES148	6.16858	9.00061	2.83203
BLOCK16/SES161/SA161S23	SES158	5.95618	8.7882	2.83203
BLOCK16/SES161/SA161S28	SES007	6.21102	8.62649	2.41547
BLOCK16/SES161/SA161S28	SES105	6.13086	8.54633	2.41547
BLOCK16/SES161/SA161S28	SES158	6.51198	8.92744	2.41547
BLOCK16/SES161/SA161S28	SES206	6.53027	8.94573	2.41547
BLOCK16/SES164/SA164S11	SES104	6.20501	9.09099	2.88598
BLOCK16/SES164/SA164S11	SES125	6.30084	9.18682	2.88598
BLOCK16/SES164/SA164S11	SES158	6.65369	9.53967	2.88598
BLOCK16/SES164/SA164S11	SES206	5.84306	8.72904	2.88598
BLOCK16/SES164/SA164S13	SES099	5.95173	8.01519	2.06347
BLOCK16/SES164/SA164S13	SES104	5.91136	7.97483	2.06347
BLOCK16/SES164/SA164S13	SES125	5.83091	7.89438	2.06347
BLOCK16/SES164/SA164S13	SES206	5.76897	7.83244	2.06347
BLOCK16/SES164/SA164S24	SES002	6.6957	8.61858	1.92288
BLOCK16/SES164/SA164S24	SES099	5.99239	7.91527	1.92288
BLOCK16/SES164/SA164S24	SES125	5.95973	7.88261	1.92288
BLOCK16/SES164/SA164S24	SES226	6.57151	8.49439	1.92288
BLOCK16/SES164/SA164S27	SES087	6.20071	7.86195	1.66124
BLOCK16/SES164/SA164S27	SES125	6.29406	7.95531	1.66124
BLOCK16/SES164/SA164S27	SES206	6.17252	7.83376	1.66124
BLOCK16/SES164/SA164S27	SES226	6.41167	8.07291	1.66124
BLOCK16/SES164/SA164S29	SES002	5.73886	8.2204	2.48154
BLOCK16/SES164/SA164S29	SES019	5.29583	7.77737	2.48154
BLOCK16/SES164/SA164S29	SES125	5.73531	8.21685	2.48154
BLOCK16/SES164/SA164S29	SES226	5.59467	8.07622	2.48154
BLOCK16/SES169/SA169S13	SES117	6.51579	9.33049	2.81471
BLOCK16/SES169/SA169S13	SES144	6.47388	9.28859	2.81471
BLOCK16/SES169/SA169S13	SES146	6.49987	9.31458	2.81471
BLOCK16/SES169/SA169S13	SES162	6.5723	9.387	2.81471
BLOCK16/SES169/SA169S14	SES144	6.07154	10.0624	3.99088
BLOCK16/SES169/SA169S14	SES148	6.03322	10.0241	3.99088
BLOCK16/SES169/SA169S14	SES177	6.62448	10.6154	3.99088
BLOCK16/SES169/SA169S14	SES180	6.07756	10.0684	3.99088
BLOCK16/SES169/SA169S24	SES117	6.20953	8.84057	2.63104
BLOCK16/SES169/SA169S24	SES144	5.94027	8.57131	2.63104
BLOCK16/SES169/SA169S24	SES146	6.10956	8.7406	2.63104
BLOCK16/SES169/SA169S24	SES162	6.20514	8.83618	2.63104
BLOCK16/SES169/SA169S27	SES127	6.26942	9.47612	3.2067
BLOCK16/SES169/SA169S27	SES129	6.25817	9.46487	3.2067
BLOCK16/SES169/SA169S27	SES144	6.08383	9.29053	3.2067
BLOCK16/SES169/SA169S27	SES146	6.5773	9.784	3.2067
BLOCK16/SES169/SA169S29	SES144	6.69216	10.5133	3.82109
BLOCK16/SES169/SA169S29	SES162	6.65865	10.4797	3.82109
BLOCK16/SES169/SA169S29	SES177	5.9291	9.75019	3.82109
BLOCK16/SES169/SA169S29	SES180	6.39365	10.2147	3.82109
BLOCK17/SES171/SA171S12	SES083	5.92455	8.53318	2.60863
BLOCK17/SES171/SA171S12	SES148	6.26992	8.87855	2.60863
BLOCK17/SES171/SA171S12	SES172	6.40886	9.0175	2.60863
BLOCK17/SES171/SA171S12	SES292	6.02998	8.63861	2.60863
BLOCK17/SES171/SA171S15	SES148	6.4111	9.27794	2.86684
BLOCK17/SES171/SA171S15	SES177	6.38916	9.256	2.86684
BLOCK17/SES171/SA171S15	SES180	5.86661	8.73345	2.86684
BLOCK17/SES171/SA171S15	SES292	6.3034	9.17024	2.86684
BLOCK17/SES171/SA171S22	SES007	6.42535	10.1478	3.7224
BLOCK17/SES171/SA171S22	SES148	6.80659	10.529	3.7224
BLOCK17/SES171/SA171S22	SES177	6.94891	10.6713	3.7224
BLOCK17/SES171/SA171S22	SES180	6.10712	9.82952	3.7224
BLOCK17/SES171/SA171S25	SES101	6.29878	8.20465	1.90588
BLOCK17/SES171/SA171S25	SES120	5.93075	7.83663	1.90588
BLOCK17/SES171/SA171S25	SES177	6.31652	8.22239	1.90588
BLOCK17/SES171/SA171S25	SES180	5.97972	7.8856	1.90588
BLOCK17/SES171/SA171S27	SES177	6.81119	9.84859	3.03739
BLOCK17/SES171/SA171S27	SES180	6.03576	9.07315	3.03739
BLOCK17/SES171/SA171S27	SES189	6.61419	9.65158	3.03739
BLOCK17/SES171/SA171S27	SES292	6.34432	9.38172	3.03739
BLOCK17/SES173/SA173S13	SES162	6.41723	8.93033	2.51311
BLOCK17/SES173/SA173S13	SES177	6.86082	9.37392	2.51311
BLOCK17/SES173/SA173S13	SES180	6.20144	8.71455	2.51311
BLOCK17/SES173/SA173S13	SES292	7.12422	9.63733	2.51311
BLOCK17/SES173/SA173S14	SES007	6.25129	8.46637	2.21509
BLOCK17/SES173/SA173S14	SES162	6.28443	8.49952	2.21509
BLOCK17/SES173/SA173S14	SES177	6.33887	8.55396	2.21509
BLOCK17/SES173/SA173S14	SES180	5.94515	8.16024	2.21509
BLOCK17/SES173/SA173S24	SES144	6.32999	7.61011	1.28012
BLOCK17/SES173/SA173S24	SES162	6.21406	7.49418	1.28012
BLOCK17/SES173/SA173S24	SES177	6.36613	7.64625	1.28012
BLOCK17/SES173/SA173S24	SES180	5.71508	6.99521	1.28012
BLOCK17/SES173/SA173S27	SES162	5.87755	8.4875	2.60995
BLOCK17/SES173/SA173S27	SES177	6.34665	8.9566	2.60995
BLOCK17/SES173/SA173S27	SES180	6.30194	8.91189	2.60995
BLOCK17/SES173/SA173S27	SES292	6.66965	9.2796	2.60995
BLOCK17/SES173/SA173S29	SES162	6.29588	8.13753	1.84166
BLOCK17/SES173/SA173S29	SES175	5.96092	7.80258	1.84166
BLOCK17/SES173/SA173S29	SES177	6.17293	8.01459	1.84166
BLOCK17/SES173/SA173S29	SES292	6.32437	8.16603	1.84166
BLOCK18/SES182/SA182S10	SES144	6.49341	10.1546	3.6612
BLOCK18/SES182/SA182S10	SES177	6.22941	9.89061	3.6612
BLOCK18/SES182/SA182S10	SES180	5.88432	9.54553	3.6612
BLOCK18/SES182/SA182S10	SES275	6.4467	10.1079	3.6612
BLOCK18/SES182/SA182S12	SES144	6.67466	10.6777	4.00304
BLOCK18/SES182/SA182S12	SES177	6.23892	10.242	4.00304
BLOCK18/SES182/SA182S12	SES180	5.97751	9.98054	4.00304
BLOCK18/SES182/SA182S12	SES275	6.47032	10.4734	4.00304
BLOCK18/SES182/SA182S21	SES117	6.51686	8.85611	2.33925
BLOCK18/SES182/SA182S21	SES144	6.67752	9.01677	2.33925
BLOCK18/SES182/SA182S21	SES162	6.64422	8.98347	2.33925
BLOCK18/SES182/SA182S21	SES180	6.10367	8.44292	2.33925
BLOCK18/SES182/SA182S23	SES117	6.62326	9.56756	2.94429
BLOCK18/SES182/SA182S23	SES144	6.50471	9.44901	2.94429
BLOCK18/SES182/SA182S23	SES180	6.05462	8.99891	2.94429
BLOCK18/SES182/SA182S23	SES275	6.52285	9.46715	2.94429
BLOCK18/SES182/SA182S25	SES007	7.1886	9.75747	2.56886
BLOCK18/SES182/SA182S25	SES162	6.95657	9.52544	2.56886
BLOCK18/SES182/SA182S25	SES177	6.80782	9.37668	2.56886
BLOCK18/SES182/SA182S25	SES180	6.55878	9.12764	2.56886
BLOCK18/SES184/SA184S12	SES177	6.39446	9.0326	2.63815
BLOCK18/SES184/SA184S12	SES180	6.19137	8.82952	2.63815
BLOCK18/SES184/SA184S12	SES189	6.29668	8.93483	2.63815
BLOCK18/SES184/SA184S12	SES292	6.35095	8.98909	2.63815
BLOCK18/SES184/SA184S13	SES101	6.49691	9.27588	2.77898
BLOCK18/SES184/SA184S13	SES177	6.26936	9.04834	2.77898
BLOCK18/SES184/SA184S13	SES180	6.30027	9.07925	2.77898
BLOCK18/SES184/SA184S13	SES292	6.32402	9.103	2.77898
BLOCK18/SES184/SA184S22	SES177	6.85509	9.2627	2.40761
BLOCK18/SES184/SA184S22	SES180	7.0478	9.45542	2.40761
BLOCK18/SES184/SA184S22	SES189	6.55698	8.96459	2.40761
BLOCK18/SES184/SA184S22	SES292	6.62311	9.03072	2.40761
BLOCK18/SES184/SA184S25	SES101	6.8249	10.2954	3.47055
BLOCK18/SES184/SA184S25	SES177	6.59071	10.0613	3.47055
BLOCK18/SES184/SA184S25	SES180	6.68576	10.1563	3.47055
BLOCK18/SES184/SA184S25	SES292	6.78579	10.2563	3.47055
BLOCK18/SES184/SA184S27	SES083	5.98296	9.29176	3.30879
BLOCK18/SES184/SA184S27	SES177	6.0053	9.31409	3.30879
BLOCK18/SES184/SA184S27	SES202	6.10276	9.41156	3.30879
BLOCK18/SES184/SA184S27	SES292	5.79439	9.10318	3.30879
BLOCK20/SES204/SA204S12	SES062	6.56341	9.81841	3.255
BLOCK20/SES204/SA204S12	SES083	6.38136	9.63636	3.255
BLOCK20/SES204/SA204S12	SES206	6.80033	10.0553	3.255
BLOCK20/SES204/SA204S12	SES226	6.26538	9.52038	3.255
BLOCK20/SES204/SA204S14	SES068	6.87944	10.9233	4.0439
BLOCK20/SES204/SA204S14	SES087	7.23328	11.2772	4.0439
BLOCK20/SES204/SA204S14	SES206	6.77474	10.8186	4.0439
BLOCK20/SES204/SA204S14	SES226	6.52737	10.5713	4.0439
BLOCK20/SES204/SA204S22	SES068	6.97569	9.88139	2.9057
BLOCK20/SES204/SA204S22	SES082	6.37793	9.28363	2.9057
BLOCK20/SES204/SA204S22	SES083	6.49606	9.40176	2.9057
BLOCK20/SES204/SA204S22	SES206	6.84254	9.74824	2.9057
BLOCK20/SES204/SA204S25	SES062	6.25891	9.57525	3.31633
BLOCK20/SES204/SA204S25	SES083	6.39805	9.71438	3.31633
BLOCK20/SES204/SA204S25	SES206	6.61899	9.93533	3.31633
BLOCK20/SES204/SA204S25	SES226	6.22415	9.54049	3.31633
BLOCK20/SES204/SA204S27	SES068	6.80012	9.33832	2.5382
BLOCK20/SES204/SA204S27	SES082	6.49401	9.03221	2.5382
BLOCK20/SES204/SA204S27	SES087	6.95492	9.49312	2.5382
BLOCK20/SES204/SA204S27	SES206	6.68261	9.22082	2.5382
BLOCK20/SES207/SA207S10	SES127	6.18057	9.30507	3.1245
BLOCK20/SES207/SA207S10	SES183	6.20619	9.33069	3.1245
BLOCK20/SES207/SA207S10	SES189	6.3164	9.4409	3.1245
BLOCK20/SES207/SA207S10	SES292	6.15003	9.27453	3.1245
BLOCK20/SES207/SA207S11	SES127	5.86105	8.97099	3.10995
BLOCK20/SES207/SA207S11	SES183	6.32702	9.43697	3.10995
BLOCK20/SES207/SA207S11	SES187	6.19778	9.30773	3.10995
BLOCK20/SES207/SA207S11	SES292	6.24563	9.35557	3.10995
BLOCK20/SES207/SA207S25	SES068	6.44	8.93394	2.49394
BLOCK20/SES207/SA207S25	SES083	6.11019	8.60413	2.49394
BLOCK20/SES207/SA207S25	SES127	6.58971	9.08364	2.49394
BLOCK20/SES207/SA207S25	SES187	6.69602	9.18995	2.49394
BLOCK20/SES207/SA207S27	SES127	5.97223	8.55413	2.58189
BLOCK20/SES207/SA207S27	SES183	6.25102	8.83292	2.58189
BLOCK20/SES207/SA207S27	SES187	6.09772	8.67961	2.58189
BLOCK20/SES207/SA207S27	SES292	5.84279	8.42469	2.58189
BLOCK20/SES207/SA207S29	SES083	5.83566	8.6198	2.78413
BLOCK20/SES207/SA207S29	SES085	6.17786	8.96199	2.78413
BLOCK20/SES207/SA207S29	SES172	6.50282	9.28695	2.78413
BLOCK20/SES207/SA207S29	SES189	5.95331	8.73744	2.78413
BLOCK22/SES221/SA221S12	SES068	7.35052	10.3327	2.9822
BLOCK22/SES221/SA221S12	SES143	6.73552	9.71772	2.9822
BLOCK22/SES221/SA221S12	SES175	7.03174	10.0139	2.9822
BLOCK22/SES221/SA221S12	SES202	7.26311	10.2453	2.9822
BLOCK22/SES221/SA221S15	SES085	6.46604	8.75357	2.28753
BLOCK22/SES221/SA221S15	SES143	5.90482	8.19235	2.28753
BLOCK22/SES221/SA221S15	SES175	6.20911	8.49664	2.28753
BLOCK22/SES221/SA221S15	SES187	6.40632	8.69385	2.28753
BLOCK22/SES221/SA221S23	SES068	7.21569	9.83677	2.62109
BLOCK22/SES221/SA221S23	SES143	6.46746	9.08855	2.62109
BLOCK22/SES221/SA221S23	SES175	6.67564	9.29673	2.62109
BLOCK22/SES221/SA221S23	SES189	6.88968	9.51077	2.62109
BLOCK22/SES221/SA221S27	SES085	7.42313	10.1256	2.70249
BLOCK22/SES221/SA221S27	SES143	6.6304	9.33289	2.70249
BLOCK22/SES221/SA221S27	SES175	6.53358	9.23607	2.70249
BLOCK22/SES221/SA221S27	SES189	7.31013	10.0126	2.70249
BLOCK22/SES221/SA221S29	SES085	7.27421	9.42467	2.15047
BLOCK22/SES221/SA221S29	SES143	6.40641	8.55688	2.15047
BLOCK22/SES221/SA221S29	SES175	6.57248	8.72294	2.15047
BLOCK22/SES221/SA221S29	SES187	6.79537	8.94584	2.15047
BLOCK22/SES223/SA223S11	SES143	6.09462	8.09333	1.99871
BLOCK22/SES223/SA223S11	SES144	5.54608	7.54479	1.99871
BLOCK22/SES223/SA223S11	SES175	6.10551	8.10422	1.99871
BLOCK22/SES223/SA223S11	SES187	6.12049	8.1192	1.99871
BLOCK22/SES223/SA223S13	SES068	6.64795	7.64454	0.996598
BLOCK22/SES223/SA223S13	SES143	5.99197	6.98857	0.996598
BLOCK22/SES223/SA223S13	SES146	6.37799	7.37459	0.996598
BLOCK22/SES223/SA223S13	SES202	6.74102	7.73762	0.996598
BLOCK22/SES223/SA223S22	SES143	6.14064	8.14655	2.00591
BLOCK22/SES223/SA223S22	SES144	5.79741	7.80331	2.00591
BLOCK22/SES223/SA223S22	SES175	6.04548	8.05139	2.00591
BLOCK22/SES223/SA223S22	SES187	6.47526	8.48117	2.00591
BLOCK22/SES223/SA223S25	SES068	6.83024	9.10345	2.27321
BLOCK22/SES223/SA223S25	SES143	6.29501	8.56823	2.27321
BLOCK22/SES223/SA223S25	SES175	6.50905	8.78226	2.27321
BLOCK22/SES223/SA223S25	SES187	6.64927	8.92248	2.27321
BLOCK22/SES223/SA223S27	SES143	6.23346	8.12243	1.88898
BLOCK22/SES223/SA223S27	SES146	6.20604	8.09502	1.88898
BLOCK22/SES223/SA223S27	SES187	6.11083	7.99981	1.88898
BLOCK22/SES223/SA223S27	SES292	6.367	8.25598	1.88898
BLOCK27/SES273/SA273S12	SES099	7.11884	10.937	3.81817
BLOCK27/SES273/SA273S12	SES104	7.1367	10.9549	3.81817
BLOCK27/SES273/SA273S12	SES125	6.92853	10.7467	3.81817
BLOCK27/SES273/SA273S12	SES206	7.11147	10.9296	3.81817
BLOCK27/SES273/SA273S13	SES099	7.07503	11.1065	4.0315
BLOCK27/SES273/SA273S13	SES104	6.97216	11.0037	4.0315
BLOCK27/SES273/SA273S13	SES206	6.96155	10.993	4.0315
BLOCK27/SES273/SA273S13	SES292	6.88005	10.9115	4.0315
BLOCK27/SES273/SA273S21	SES099	7.11069	10.9352	3.82456
BLOCK27/SES273/SA273S21	SES148	6.19884	10.0234	3.82456
BLOCK27/SES273/SA273S21	SES149	6.40976	10.2343	3.82456
BLOCK27/SES273/SA273S21	SES177	6.71616	10.5407	3.82456
BLOCK27/SES273/SA273S25	SES104	6.63587	10.2996	3.66377
BLOCK27/SES273/SA273S25	SES125	6.2073	9.87107	3.66377
BLOCK27/SES273/SA273S25	SES158	6.68051	10.3443	3.66377
BLOCK27/SES273/SA273S25	SES206	6.54429	10.2081	3.66377
BLOCK27/SES273/SA273S27	SES099	6.74762	11.0738	4.32623
BLOCK27/SES273/SA273S27	SES104	6.49298	10.8192	4.32623
BLOCK27/SES273/SA273S27	SES149	6.56817	10.8944	4.32623
BLOCK27/SES273/SA273S27	SES275	6.57748	10.9037	4.32623
BLOCK27/SES274/SA274S10	SES105	6.42659	10.344	3.91737
BLOCK27/SES274/SA274S10	SES125	6.22508	10.1424	3.91737
BLOCK27/SES274/SA274S10	SES129	7.06416	10.9815	3.91737
BLOCK27/SES274/SA274S10	SES158	5.97536	9.89273	3.91737
BLOCK27/SES274/SA274S11	SES105	7.05761	10.8811	3.82352
BLOCK27/SES274/SA274S11	SES149	6.56374	10.3873	3.82352
BLOCK27/SES274/SA274S11	SES158	6.4859	10.3094	3.82352
BLOCK27/SES274/SA274S11	SES275	7.17238	10.9959	3.82352
BLOCK27/SES274/SA274S21	SES105	6.52868	10.4463	3.91759
BLOCK27/SES274/SA274S21	SES129	6.99374	10.9113	3.91759
BLOCK27/SES274/SA274S21	SES149	6.46317	10.3808	3.91759
BLOCK27/SES274/SA274S21	SES158	5.60873	9.52632	3.91759
BLOCK27/SES274/SA274S24	SES105	6.75372	10.7649	4.01122
BLOCK27/SES274/SA274S24	SES129	7.38765	11.3989	4.01122
BLOCK27/SES274/SA274S24	SES149	6.44108	10.4523	4.01122
BLOCK27/SES274/SA274S24	SES158	5.929	9.94022	4.01122
BLOCK27/SES274/SA274S29	SES105	6.28392	9.96726	3.68334
BLOCK27/SES274/SA274S29	SES106	6.26649	9.94983	3.68334
BLOCK27/SES274/SA274S29	SES120	6.50981	10.1932	3.68334
BLOCK27/SES274/SA274S29	SES275	6.75709	10.4404	3.68334
BLOCK27/SES276/SA276S16	SES148	6.50897	9.21597	2.707
BLOCK27/SES276/SA276S16	SES172	6.86836	9.57536	2.707
BLOCK27/SES276/SA276S16	SES180	6.52734	9.23433	2.707
BLOCK27/SES276/SA276S16	SES292	6.82443	9.53142	2.707
BLOCK27/SES276/SA276S17	SES101	6.8008	9.97429	3.17349
BLOCK27/SES276/SA276S17	SES177	6.6077	9.78119	3.17349
BLOCK27/SES276/SA276S17	SES180	6.61956	9.79304	3.17349
BLOCK27/SES276/SA276S17	SES292	6.57745	9.75094	3.17349
BLOCK27/SES276/SA276S24	SES101	6.87779	10.4796	3.60181
BLOCK27/SES276/SA276S24	SES177	6.7281	10.3299	3.60181
BLOCK27/SES276/SA276S24	SES180	6.65564	10.2574	3.60181
BLOCK27/SES276/SA276S24	SES292	6.52647	10.1283	3.60181
BLOCK27/SES276/SA276S26	SES101	6.82585	10.4235	3.59767
BLOCK27/SES276/SA276S26	SES177	6.86242	10.4601	3.59767
BLOCK27/SES276/SA276S26	SES180	7.04875	10.6464	3.59767
BLOCK27/SES276/SA276S26	SES292	7.23969	10.8374	3.59767
BLOCK27/SES276/SA276S28	SES101	6.97515	10.4381	3.4629
BLOCK27/SES276/SA276S28	SES177	6.5737	10.0366	3.4629
BLOCK27/SES276/SA276S28	SES180	7.02318	10.4861	3.4629
BLOCK27/SES276/SA276S28	SES292	6.90718	10.3701	3.4629
BLOCK27/SES277/SA277S12	SES101	6.77485	9.01196	2.2371
BLOCK27/SES277/SA277S12	SES177	6.36838	8.60548	2.2371
BLOCK27/SES277/SA277S12	SES180	6.35478	8.59188	2.2371
BLOCK27/SES277/SA277S12	SES292	6.16076	8.39786	2.2371
BLOCK27/SES277/SA277S14	SES177	6.17946	8.70583	2.52637
BLOCK27/SES277/SA277S14	SES180	5.71037	8.23674	2.52637
BLOCK27/SES277/SA277S14	SES189	6.62684	9.15321	2.52637
BLOCK27/SES277/SA277S14	SES292	5.85808	8.38445	2.52637
BLOCK27/SES277/SA277S21	SES177	6.56831	9.61216	3.04385
BLOCK27/SES277/SA277S21	SES180	6.26033	9.30418	3.04385
BLOCK27/SES277/SA277S21	SES189	6.96717	10.011	3.04385
BLOCK27/SES277/SA277S21	SES292	6.23768	9.28153	3.04385
BLOCK27/SES277/SA277S24	SES144	6.10915	8.19418	2.08503
BLOCK27/SES277/SA277S24	SES177	6.24545	8.33047	2.08503
BLOCK27/SES277/SA277S24	SES180	5.86453	7.94956	2.08503
BLOCK27/SES277/SA277S24	SES189	6.65499	8.74001	2.08503
BLOCK27/SES277/SA277S29	SES177	6.87452	10.4901	3.61553
BLOCK27/SES277/SA277S29	SES180	6.69032	10.3058	3.61553
BLOCK27/SES277/SA277S29	SES202	6.90002	10.5155	3.61553
BLOCK27/SES277/SA277S29	SES292	6.45085	10.0664	3.61553
BLOCK27/SES279/SA279S09	SES120	6.30663	10.3312	4.02455
BLOCK27/SES279/SA279S09	SES146	6.06311	10.0877	4.02455
BLOCK27/SES279/SA279S09	SES206	6.4709	10.4954	4.02455
BLOCK27/SES279/SA279S09	SES226	6.2001	10.2247	4.02455
BLOCK27/SES279/SA279S10	SES099	6.67069	10.533	3.86232
BLOCK27/SES279/SA279S10	SES206	6.49991	10.3622	3.86232
BLOCK27/SES279/SA279S10	SES226	6.08798	9.9503	3.86232
BLOCK27/SES279/SA279S10	SES292	6.69854	10.5609	3.86232
BLOCK27/SES279/SA279S20	SES099	6.34768	9.50567	3.15799
BLOCK27/SES279/SA279S20	SES206	6.76453	9.92251	3.15799
BLOCK27/SES279/SA279S20	SES226	6.3234	9.48138	3.15799
BLOCK27/SES279/SA279S20	SES292	7.0331	10.1911	3.15799
BLOCK27/SES279/SA279S26	SES099	6.96367	9.80814	2.84446
BLOCK27/SES279/SA279S26	SES206	7.37405	10.2185	2.84446
BLOCK27/SES279/SA279S26	SES226	6.51905	9.36351	2.84446
BLOCK27/SES279/SA279S26	SES292	7.21824	10.0627	2.84446
BLOCK27/SES279/SA279S28	SES099	7.23884	11.344	4.10515
BLOCK27/SES279/SA279S28	SES120	7.2396	11.3447	4.10515
BLOCK27/SES279/SA279S28	SES177	6.99829	11.1034	4.10515
BLOCK27/SES279/SA279S28	SES206	7.23701	11.3422	4.10515
BLOCK29/SES290/SA290S12	SES162	7.42516	11.2087	3.78358
BLOCK29/SES290/SA290S12	SES177	7.15582	10.9394	3.78358
BLOCK29/SES290/SA290S12	SES180	6.66406	10.4476	3.78358
BLOCK29/SES290/SA290S12	SES292	6.93028	10.7139	3.78358
BLOCK29/SES290/SA290S13	SES007	6.55628	9.83538	3.2791
BLOCK29/SES290/SA290S13	SES162	6.22884	9.50794	3.2791
BLOCK29/SES290/SA290S13	SES177	6.41354	9.69264	3.2791
BLOCK29/SES290/SA290S13	SES180	6.52403	9.80313	3.2791
BLOCK29/SES290/SA290S22	SES177	6.36373	10.2773	3.91354
BLOCK29/SES290/SA290S22	SES180	6.37814	10.2917	3.91354
BLOCK29/SES290/SA290S22	SES202	6.03746	9.951	3.91354
BLOCK29/SES290/SA290S22	SES292	6.30752	10.2211	3.91354
BLOCK29/SES290/SA290S25	SES162	7.1445	10.8679	3.72341
BLOCK29/SES290/SA290S25	SES177	7.11661	10.84	3.72341
BLOCK29/SES290/SA290S25	SES180	7.00319	10.7266	3.72341
BLOCK29/SES290/SA290S25	SES292	6.94844	10.6718	3.72341
BLOCK29/SES290/SA290S29	SES177	6.66734	10.606	3.93864
BLOCK29/SES290/SA290S29	SES180	6.56452	10.5032	3.93864
BLOCK29/SES290/SA290S29	SES275	6.57448	10.5131	3.93864
BLOCK29/SES290/SA290S29	SES292	6.4353	10.3739	3.93864
BLOCK29/SES291/SA291S11	SES105	5.7486	7.95706	2.20846
BLOCK29/SES291/SA291S11	SES125	5.93193	8.14039	2.20846
BLOCK29/SES291/SA291S11	SES158	6.18067	8.38913	2.20846
BLOCK29/SES291/SA291S11	SES275	5.74537	7.95384	2.20846
BLOCK29/SES291/SA291S12	SES158	6.84485	9.59254	2.74769
BLOCK29/SES291/SA291S12	SES226	5.9628	8.71049	2.74769
BLOCK29/SES291/SA291S12	SES270	6.92019	9.66788	2.74769
BLOCK29/SES291/SA291S12	SES275	5.4985	8.24619	2.74769
BLOCK29/SES291/SA291S22	SES082	6.11315	9.05264	2.93949
BLOCK29/SES291/SA291S22	SES158	6.21322	9.15271	2.93949
BLOCK29/SES291/SA291S22	SES259	5.86625	8.80574	2.93949
BLOCK29/SES291/SA291S22	SES275	5.74406	8.68355	2.93949
BLOCK29/SES291/SA291S24	SES104	7.19192	10.5358	3.34393
BLOCK29/SES291/SA291S24	SES125	6.88014	10.2241	3.34393
BLOCK29/SES291/SA291S24	SES158	7.1204	10.4643	3.34393
BLOCK29/SES291/SA291S24	SES275	6.09977	9.4437	3.34393
BLOCK29/SES291/SA291S27	SES158	7.31544	9.57355	2.25811
BLOCK29/SES291/SA291S27	SES172	6.02484	8.28295	2.25811
BLOCK29/SES291/SA291S27	SES275	5.98533	8.24344	2.25811
BLOCK29/SES291/SA291S27	SES292	6.57819	8.83629	2.25811
