BLOCK00/SES002/SA002S12	SES002	2.19268	-57.1041	-59.2968
BLOCK00/SES002/SA002S13	SES002	3.85863	-56.7586	-60.6173
BLOCK00/SES002/SA002S23	SES002	2.97139	-56.3285	-59.2999
BLOCK00/SES002/SA002S26	SES002	3.36753	-56.1766	-59.5441
BLOCK00/SES002/SA002S28	SES002	2.5029	-58.1571	-60.66
BLOCK00/SES007/SA007S14	SES007	3.16685	-56.5534	-59.7203
BLOCK00/SES007/SA007S15	SES007	2.08775	-58.6494	-60.7371
BLOCK00/SES007/SA007S24	SES007	2.40796	-58.189	-60.5969
BLOCK00/SES007/SA007S27	SES007	1.54951	-59.1223	-60.6718
BLOCK00/SES007/SA007S29	SES007	1.57248	-58.1111	-59.6835
BLOCK00/SES008/SA008S11	SES008	2.20082	-58.3428	-60.5436
BLOCK00/SES008/SA008S12	SES008	1.17862	-58.918	-60.0966
BLOCK00/SES008/SA008S19	SES008	3.23607	-56.9389	-60.175
BLOCK00/SES008/SA008S22	SES008	2.37114	-58.2922	-60.6633
BLOCK00/SES008/SA008S29	SES008	2.70676	-57.4563	-60.1631
BLOCK01/SES014/SA014S10	SES014	3.3914	-57.552	-60.9434
BLOCK01/SES014/SA014S12	SES014	3.84953	-54.8795	-58.729
BLOCK01/SES014/SA014S24	SES014	2.61627	-56.9909	-59.6071
BLOCK01/SES014/SA014S26	SES014	3.9621	-54.2872	-58.2493
BLOCK01/SES014/SA014S28	SES014	4.95081	-55.0792	-60.03
BLOCK01/SES016/SA016S12	SES016	2.36856	-59.5395	-61.9081
BLOCK01/SES016/SA016S13	SES016	2.93118	-58.7671	-61.6982
BLOCK01/SES016/SA016S22	SES016	1.48909	-60.0644	-61.5535
BLOCK01/SES016/SA016S25	SES016	3.3007	-56.2916	-59.5923
BLOCK01/SES016/SA016S27	SES016	2.641	-56.9018	-59.5428
BLOCK01/SES019/SA019S13	SES019	3.84535	-57.534	-61.3794
BLOCK01/SES019/SA019S14	SES019	2.87694	-58.0509	-60.9278
BLOCK01/SES019/SA019S22	SES019	3.47437	-57.3377	-60.812
BLOCK01/SES019/SA019S25	SES019	3.5247	-57.7226	-61.2473
BLOCK01/SES019/SA019S29	SES019	4.42417	-57.1358	-61.56
BLOCK02/SES029/SA029S11	SES029	2.9894	-57.6706	-60.66
BLOCK02/SES029/SA029S12	SES029	1.42852	-58.8127	-60.2412
BLOCK02/SES029/SA029S20	SES029	2.12061	-59.4514	-61.572
BLOCK02/SES029/SA029S25	SES029	1.78316	-58.291	-60.0742
BLOCK02/SES029/SA029S28	SES029	1.55899	-58.6936	-60.2526
BLOCK04/SES042/SA042S12	SES042	3.86066	-55.6977	-59.5584
BLOCK04/SES042/SA042S15	SES042	3.07034	-56.6445	-59.7149
BLOCK04/SES042/SA042S22	SES042	4.811	-53.7805	-58.5915
BLOCK04/SES042/SA042S25	SES042	3.10606	-57.02	-60.1261
BLOCK04/SES042/SA042S27	SES042	3.05786	-55.7456	-58.8034
BLOCK04/SES048/SA048S11	SES048	2.1629	-57.4811	-59.644
BLOCK04/SES048/SA048S12	SES048	1.80278	-57.6018	-59.4046
BLOCK04/SES048/SA048S20	SES048	2.1018	-57.2749	-59.3767
BLOCK04/SES048/SA048S23	SES048	2.34476	-58.4591	-60.8038
BLOCK04/SES048/SA048S27	SES048	2.25707	-56.7087	-58.9658
BLOCK06/SES060/SA060S11	SES060	2.84979	-57.9014	-60.7512
BLOCK06/SES060/SA060S12	SES060	0.617374	-60.635	-61.2523
BLOCK06/SES060/SA060S22	SES060	0.710789	-60.5954	-61.3062
BLOCK06/SES060/SA060S24	SES060	2.07515	-57.9586	-60.0338
BLOCK06/SES060/SA060S28	SES060	2.72715	-55.5526	-58.2797
BLOCK06/SES062/SA062S10	SES062	2.54834	-57.4639	-60.0122
BLOCK06/SES062/SA062S11	SES062	2.81106	-58.0425	-60.8536
BLOCK06/SES062/SA062S21	SES062	4.11652	-54.909	-59.0255
BLOCK06/SES062/SA062S26	SES062	2.58437	-57.0544	-59.6388
BLOCK06/SES062/SA062S29	SES062	3.15027	-56.0311	-59.1813
BLOCK06/SES068/SA068S14	SES068	2.15155	-58.1504	-60.302
BLOCK06/SES068/SA068S15	SES068	2.80151	-56.7193	-59.5208
BLOCK06/SES068/SA068S23	SES068	1.34703	-59.2271	-60.5742
BLOCK06/SES068/SA068S27	SES068	3.36043	-57.0245	-60.3849
BLOCK06/SES068/SA068S29	SES068	2.07576	-57.773	-59.8488
BLOCK08/SES082/SA082S12	SES082	1.88538	-58.7412	-60.6265
BLOCK08/SES082/SA082S14	SES082	2.05056	-59.1369	-61.1875
BLOCK08/SES082/SA082S21	SES082	1.94363	-58.9429	-60.8865
BLOCK08/SES082/SA082S24	SES082	2.63631	-57.7907	-60.427
BLOCK08/SES082/SA082S28	SES082	2.06185	-58.8262	-60.888
BLOCK08/SES083/SA083S14	SES083	1.09605	-59.4985	-60.5945
BLOCK08/SES083/SA083S15	SES083	1.4147	-58.7181	-60.1328
BLOCK08/SES083/SA083S24	SES083	0.886086	-59.3998	-60.2858
BLOCK08/SES083/SA083S26	SES083	2.00417	-58.0734	-60.0776
BLOCK08/SES083/SA083S29	SES083	1.52198	-58.4466	-59.9685
BLOCK08/SES085/SA085S10	SES085	2.12269	-58.1935	-60.3162
BLOCK08/SES085/SA085S13	SES085	2.31179	-58.8336	-61.1454
BLOCK08/SES085/SA085S22	SES085	-0.737537	-62.0202	-61.2827
BLOCK08/SES085/SA085S26	SES085	1.76869	-58.8249	-60.5936
BLOCK08/SES085/SA085S28	SES085	2.23508	-58.2215	-60.4565
BLOCK08/SES087/SA087S15	SES087	2.73184	-57.3936	-60.1254
BLOCK08/SES087/SA087S16	SES087	2.79887	-57.4275	-60.2264
BLOCK08/SES087/SA087S24	SES087	2.821	-57.1459	-59.9669
BLOCK08/SES087/SA087S26	SES087	3.01698	-56.1435	-59.1605
BLOCK08/SES087/SA087S29	SES087	2.84222	-57.4115	-60.2537
BLOCK09/SES099/SA099S15	SES099	2.73639	-58.3306	-61.067
BLOCK09/SES099/SA099S16	SES099	2.97222	-57.6904	-60.6626
BLOCK09/SES099/SA099S24	SES099	3.07996	-57.0165	-60.0965
BLOCK09/SES099/SA099S26	SES099	2.94122	-57.1057	-60.0469
BLOCK09/SES099/SA099S29	SES099	3.11194	-57.065	-60.1769
BLOCK10/SES101/SA101S11	SES101	0.962654	-58.6943	-59.6569
BLOCK10/SES101/SA101S13	SES101	3.19841	-56.7416	-59.94
BLOCK10/SES101/SA101S22	SES101	2.19132	-59.0747	-61.2661
BLOCK10/SES101/SA101S24	SES101	2.20193	-58.2725	-60.4744
BLOCK10/SES101/SA101S28	SES101	1.21969	-59.9934	-61.2131
BLOCK10/SES104/SA104S11	SES104	1.87412	-57.303	-59.1771
BLOCK10/SES104/SA104S12	SES104	3.25333	-56.8159	-60.0692
BLOCK10/SES104/SA104S21	SES104	2.6187	-57.8887	-60.5074
BLOCK10/SES104/SA104S24	SES104	1.91532	-58.1405	-60.0558
BLOCK10/SES104/SA104S28	SES104	2.47348	-57.537	-60.0105
BLOCK10/SES105/SA105S12	SES105	2.01385	-59.2331	-61.247
BLOCK10/SES105/SA105S13	SES105	2.09258	-58.8733	-60.9659
BLOCK10/SES105/SA105S22	SES105	1.6236	-59.7813	-61.4049
BLOCK10/SES105/SA105S26	SES105	2.65403	-58.4765	-61.1306
BLOCK10/SES105/SA105S29	SES105	1.96106	-58.7926	-60.7537
BLOCK10/SES106/SA106S09	SES106	2.39349	-58.8146	-61.208
BLOCK10/SES106/SA106S11	SES106	3.27234	-56.6929	-59.9652
BLOCK10/SES106/SA106S22	SES106	4.30746	-57.1216	-61.4291
BLOCK10/SES106/SA106S27	SES106	2.58944	-58.1198	-60.7092
BLOCK10/SES106/SA106S29	SES106	1.71991	-58.1034	-59.8233
BLOCK11/SES117/SA117S12	SES117	1.15013	-60.1862	-61.3363
BLOCK11/SES117/SA117S13	SES117	1.43384	-58.8961	-60.3299
BLOCK11/SES117/SA117S23	SES117	3.5187	-59.8907	-63.4094
BLOCK11/SES117/SA117S25	SES117	2.01979	-59.857	-61.8768
BLOCK11/SES117/SA117S28	SES117	2.68799	-60.0895	-62.7775
BLOCK12/SES120/SA120S08	SES120	1.76181	-60.1694	-61.9312
BLOCK12/SES120/SA120S11	SES120	0.644699	-61.7615	-62.4062
BLOCK12/SES120/SA120S22	SES120	0.835495	-59.3339	-60.1694
BLOCK12/SES120/SA120S24	SES120	1.41642	-59.6128	-61.0292
BLOCK12/SES120/SA120S28	SES120	1.37719	-60.5687	-61.9459
BLOCK12/SES125/SA125S13	SES125	3.7413	-56.4425	-60.1838
BLOCK12/SES125/SA125S14	SES125	2.79937	-57.3833	-60.1827
BLOCK12/SES125/SA125S25	SES125	3.58226	-56.7895	-60.3717
BLOCK12/SES125/SA125S27	SES125	3.60819	-56.1418	-59.75
BLOCK12/SES125/SA125S29	SES125	3.5121	-56.881	-60.3931
BLOCK12/SES127/SA127S11	SES127	2.10326	-58.6172	-60.7205
BLOCK12/SES127/SA127S12	SES127	0.989906	-59.1625	-60.1525
BLOCK12/SES127/SA127S23	SES127	1.62337	-59.0097	-60.6331
BLOCK12/SES127/SA127S25	SES127	1.6996	-59.1292	-60.8288
BLOCK12/SES127/SA127S27	SES127	2.93974	-57.9042	-60.844
BLOCK12/SES129/SA129S11	SES129	2.58121	-57.4385	-60.0197
BLOCK12/SES129/SA129S12	SES129	2.58908	-57.5527	-60.1418
BLOCK12/SES129/SA129S22	SES129	2.17543	-58.0608	-60.2362
BLOCK12/SES129/SA129S27	SES129	2.91856	-56.7414	-59.66
BLOCK12/SES129/SA129S29	SES129	2.98348	-56.6059	-59.5894
BLOCK14/SES142/SA142S11	SES142	4.02788	-58.2677	-62.2955
BLOCK14/SES142/SA142S12	SES142	2.37296	-60.1963	-62.5692
BLOCK14/SES142/SA142S24	SES142	4.1903	-57.9454	-62.1357
BLOCK14/SES142/SA142S27	SES142	3.97846	-57.9638	-61.9422
BLOCK14/SES142/SA142S29	SES142	4.55858	-56.7863	-61.3449
BLOCK14/SES143/SA143S12	SES143	2.4437	-58.7714	-61.2151
BLOCK14/SES143/SA143S13	SES143	1.98896	-59.328	-61.3169
BLOCK14/SES143/SA143S23	SES143	2.64371	-59.2245	-61.8682
BLOCK14/SES143/SA143S25	SES143	2.27577	-59.2794	-61.5552
BLOCK14/SES143/SA143S28	SES143	2.02046	-58.4983	-60.5188
BLOCK14/SES144/SA144S09	SES144	1.72059	-58.6342	-60.3547
BLOCK14/SES144/SA144S11	SES144	2.36363	-59.4339	-61.7975
BLOCK14/SES144/SA144S21	SES144	1.49763	-59.4202	-60.9179
BLOCK14/SES144/SA144S25	SES144	1.92667	-59.5101	-61.4368
BLOCK14/SES144/SA144S29	SES144	1.16366	-59.0786	-60.2423
BLOCK14/SES146/SA146S14	SES146	1.86279	-59.3186	-61.1814
BLOCK14/SES146/SA146S15	SES146	1.36522	-59.4209	-60.7861
BLOCK14/SES146/SA146S24	SES146	1.66553	-59.3188	-60.9843
BLOCK14/SES146/SA146S26	SES146	2.01761	-59.6697	-61.6873
BLOCK14/SES146/SA146S29	SES146	1.68455	-60.0935	-61.778
BLOCK14/SES147/SA147S11	SES147	3.14	-58.8544	-61.9944
BLOCK14/SES147/SA147S13	SES147	3.14713	-57.7326	-60.8797
BLOCK14/SES147/SA147S23	SES147	3.17812	-59.3137	-62.4918
BLOCK14/SES147/SA147S26	SES147	2.4783	-59.3509	-61.8292
BLOCK14/SES147/SA147S28	SES147	2.84973	-58.1412	-60.9909
BLOCK14/SES148/SA148S10	SES148	2.52702	-57.8377	-60.3648
BLOCK14/SES148/SA148S12	SES148	1.51602	-59.4669	-60.983
BLOCK14/SES148/SA148S22	SES148	2.55033	-57.1351	-59.6854
BLOCK14/SES148/SA148S26	SES148	2.02775	-58.2863	-60.3141
BLOCK14/SES148/SA148S29	SES148	1.6971	-58.9911	-60.6882
BLOCK14/SES149/SA149S13	SES149	0.88147	-58.6405	-59.522
BLOCK14/SES149/SA149S14	SES149	1.33427	-58.2482	-59.5825
BLOCK14/SES149/SA149S24	SES149	2.56474	-57.7044	-60.2692
BLOCK14/SES149/SA149S26	SES149	3.17334	-57.0059	-60.1793
BLOCK14/SES149/SA149S28	SES149	3.44274	-55.8435	-59.2863
BLOCK15/SES158/SA158S13	SES158	2.37907	-58.6056	-60.9846
BLOCK15/SES158/SA158S14	SES158	3.61411	-57.7227	-61.3368
BLOCK15/SES158/SA158S23	SES158	2.59558	-57.8785	-60.4741
BLOCK15/SES158/SA158S26	SES158	3.62198	-57.5712	-61.1932
BLOCK15/SES158/SA158S28	SES158	2.39018	-58.2392	-60.6293
BLOCK16/SES162/SA162S10	SES162	2.36199	-59.1729	-61.5349
BLOCK16/SES162/SA162S11	SES162	2.44584	-58.5134	-60.9592
BLOCK16/SES162/SA162S21	SES162	2.94928	-58.1693	-61.1186
BLOCK16/SES162/SA162S24	SES162	2.17621	-59.2307	-61.4069
BLOCK16/SES162/SA162S27	SES162	3.20582	-58.7471	-61.9529
BLOCK16/SES167/SA167S14	SES167	2.59148	-57.5278	-60.1193
BLOCK16/SES167/SA167S15	SES167	3.55912	-57.7822	-61.3413
BLOCK16/SES167/SA167S21	SES167	2.38451	-57.755	-60.1395
BLOCK16/SES167/SA167S25	SES167	3.48354	-58.1867	-61.6702
BLOCK16/SES167/SA167S29	SES167	3.95936	-56.5003	-60.4596
BLOCK17/SES172/SA172S12	SES172	2.98337	-58.1714	-61.1548
BLOCK17/SES172/SA172S13	SES172	3.48968	-58.499	-61.9886
BLOCK17/SES172/SA172S23	SES172	1.94007	-57.6462	-59.5862
BLOCK17/SES172/SA172S27	SES172	2.16386	-58.7929	-60.9567
BLOCK17/SES172/SA172S29	SES172	3.03712	-57.6733	-60.7104
BLOCK17/SES175/SA175S11	SES175	3.13856	-58.1728	-61.3113
BLOCK17/SES175/SA175S13	SES175	2.51596	-58.0886	-60.6045
BLOCK17/SES175/SA175S23	SES175	3.08212	-58.1559	-61.238
BLOCK17/SES175/SA175S25	SES175	1.93551	-60.2967	-62.2322
BLOCK17/SES175/SA175S28	SES175	2.92961	-57.8167	-60.7464
BLOCK17/SES177/SA177S15	SES177	1.22923	-59.2844	-60.5136
BLOCK17/SES177/SA177S17	SES177	1.82197	-58.7761	-60.598
BLOCK17/SES177/SA177S23	SES177	1.26675	-59.4717	-60.7384
BLOCK17/SES177/SA177S26	SES177	2.68574	-56.4743	-59.16
BLOCK17/SES177/SA177S28	SES177	2.27444	-57.128	-59.4025
BLOCK18/SES180/SA180S13	SES180	2.24272	-58.8344	-61.0771
BLOCK18/SES180/SA180S15	SES180	1.72465	-59.4129	-61.1375
BLOCK18/SES180/SA180S24	SES180	2.62244	-57.2436	-59.866
BLOCK18/SES180/SA180S26	SES180	2.22629	-58.1054	-60.3317
BLOCK18/SES180/SA180S29	SES180	2.22919	-59.319	-61.5482
BLOCK18/SES183/SA183S13	SES183	1.81388	-59.9101	-61.724
BLOCK18/SES183/SA183S14	SES183	1.46545	-59.4535	-60.919
BLOCK18/SES183/SA183S24	SES183	2.11449	-59.8221	-61.9366
BLOCK18/SES183/SA183S27	SES183	2.19417	-58.8819	-61.0761
BLOCK18/SES183/SA183S29	SES183	2.09108	-58.4815	-60.5726
BLOCK18/SES187/SA187S13	SES187	2.73943	-59.561	-62.3004
BLOCK18/SES187/SA187S14	SES187	2.04187	-59.7337	-61.7756
BLOCK18/SES187/SA187S24	SES187	3.75383	-58.661	-62.4149
BLOCK18/SES187/SA187S27	SES187	2.69093	-58.5883	-61.2793
BLOCK18/SES187/SA187S29	SES187	2.91995	-58.8205	-61.7404
BLOCK18/SES189/SA189S10	SES189	5.10838	-60.5104	-65.6188
BLOCK18/SES189/SA189S13	SES189	6.29048	-60.7977	-67.0882
BLOCK18/SES189/SA189S24	SES189	7.05251	-59.5751	-66.6276
BLOCK18/SES189/SA189S26	SES189	4.2395	-59.8092	-64.0487
BLOCK18/SES189/SA189S29	SES189	5.57292	-59.1578	-64.7307
BLOCK20/SES202/SA202S12	SES202	2.64882	-59.9479	-62.5968
BLOCK20/SES202/SA202S14	SES202	4.25742	-57.0637	-61.3211
BLOCK20/SES202/SA202S24	SES202	3.04943	-58.6378	-61.6873
BLOCK20/SES202/SA202S27	SES202	3.69991	-56.759	-60.4589
BLOCK20/SES202/SA202S29	SES202	4.01581	-57.0582	-61.074
BLOCK20/SES206/SA206S15	SES206	1.75735	-57.9426	-59.7
BLOCK20/SES206/SA206S17	SES206	3.59846	-55.9899	-59.5883
BLOCK20/SES206/SA206S24	SES206	3.2579	-56.1898	-59.4477
BLOCK20/SES206/SA206S27	SES206	3.1338	-57.081	-60.2148
BLOCK20/SES206/SA206S29	SES206	2.81925	-55.8738	-58.693
BLOCK22/SES226/SA226S12	SES226	2.91502	-58.2094	-61.1244
BLOCK22/SES226/SA226S13	SES226	0.269733	-59.7159	-59.9857
BLOCK22/SES226/SA226S20	SES226	1.90322	-58.7234	-60.6266
BLOCK22/SES226/SA226S23	SES226	2.64241	-57.8235	-60.4659
BLOCK22/SES226/SA226S28	SES226	2.73047	-57.379	-60.1095
BLOCK25/SES259/SA259S13	SES259	4.7037	-55.6763	-60.38
BLOCK25/SES259/SA259S14	SES259	2.50124	-57.3165	-59.8177
BLOCK25/SES259/SA259S22	SES259	2.59784	-57.1026	-59.7004
BLOCK25/SES259/SA259S24	SES259	3.19689	-55.8183	-59.0152
BLOCK25/SES259/SA259S28	SES259	2.84311	-56.5127	-59.3558
BLOCK27/SES270/SA270S14	SES270	3.16192	-58.2759	-61.4378
BLOCK27/SES270/SA270S16	SES270	2.07453	-58.745	-60.8196
BLOCK27/SES270/SA270S22	SES270	3.99308	-57.3454	-61.3385
BLOCK27/SES270/SA270S26	SES270	2.82386	-58.8818	-61.7057
BLOCK27/SES270/SA270S28	SES270	2.8199	-57.844	-60.6639
BLOCK27/SES275/SA275S17	SES275	2.25984	-59.0406	-61.3004
BLOCK27/SES275/SA275S18	SES275	1.73904	-59.1005	-60.8395
BLOCK27/SES275/SA275S24	SES275	1.62844	-60.2207	-61.8491
BLOCK27/SES275/SA275S26	SES275	2.09111	-58.2204	-60.3115
BLOCK27/SES275/SA275S28	SES275	1.60582	-58.6197	-60.2255
BLOCK29/SES292/SA292S10	SES292	1.44531	-59.3903	-60.8356
BLOCK29/SES292/SA292S12	SES292	2.00058	-59.9928	-61.9933
BLOCK29/SES292/SA292S22	SES292	2.5081	-58.0401	-60.5482
BLOCK29/SES292/SA292S24	SES292	1.69656	-58.8926	-60.5891
BLOCK29/SES292/SA292S27	SES292	2.09898	-58.1537	-60.2527
BLOCK00/SES001/SA001S14	SES062	-0.421425	-61.9728	-61.5514
BLOCK00/SES001/SA001S14	SES082	-1.79176	-63.3432	-61.5514
BLOCK00/SES001/SA001S14	SES106	-2.38704	-63.9384	-61.5514
BLOCK00/SES001/SA001S14	SES206	-4.23985	-65.7912	-61.5514
BLOCK00/SES001/SA001S15	SES062	-0.952721	-61.2224	-60.2697
BLOCK00/SES001/SA001S15	SES104	-2.64655	-62.9162	-60.2697
BLOCK00/SES001/SA001S15	SES106	-1.88814	-62.1578	-60.2697
BLOCK00/SES001/SA001S15	SES206	-3.79331	-64.063	-60.2697
BLOCK00/SES001/SA001S24	SES062	-1.65135	-63.5711	-61.9197
BLOCK00/SES001/SA001S24	SES082	-1.84578	-63.7655	-61.9197
BLOCK00/SES001/SA001S24	SES087	-3.66311	-65.5828	-61.9197
BLOCK00/SES001/SA001S24	SES206	-2.32467	-64.2444	-61.9197
BLOCK00/SES001/SA001S27	SES062	-1.10102	-60.8466	-59.7455
BLOCK00/SES001/SA001S27	SES082	-1.87786	-61.6234	-59.7455
BLOCK00/SES001/SA001S27	SES087	-2.47672	-62.2223	-59.7455
BLOCK00/SES001/SA001S27	SES206	-2.8573	-62.6028	-59.7455
BLOCK00/SES001/SA001S29	SES062	-0.88686	-62.8079	-61.9211
BLOCK00/SES001/SA001S29	SES082	-0.905518	-62.8266	-61.9211
BLOCK00/SES001/SA001S29	SES158	-0.739689	-62.6608	-61.9211
BLOCK00/SES001/SA001S29	SES206	-4.4651	-66.3862	-61.9211
BLOCK00/SES003/SA003S11	SES002	-1.1374	-61.7235	-60.5861
BLOCK00/SES003/SA003S11	SES019	-0.62606	-61.2122	-60.5861
BLOCK00/SES003/SA003S11	SES082	0.93829	-59.6478	-60.5861
BLOCK00/SES003/SA003S11	SES125	-0.714237	-61.3003	-60.5861
BLOCK00/SES003/SA003S15	SES016	-2.39801	-62.5061	-60.1081
BLOCK00/SES003/SA003S15	SES019	-0.675056	-60.7831	-60.1081
BLOCK00/SES003/SA003S15	SES062	-0.811779	-60.9199	-60.1081
BLOCK00/SES003/SA003S15	SES206	-0.888481	-60.9966	-60.1081
BLOCK00/SES003/SA003S22	SES002	-2.47858	-62.7392	-60.2606
BLOCK00/SES003/SA003S22	SES062	-1.0991	-61.3597	-60.2606
BLOCK00/SES003/SA003S22	SES082	-0.209236	-60.4698	-60.2606
BLOCK00/SES003/SA003S22	SES087	-1.28073	-61.5413	-60.2606
BLOCK00/SES003/SA003S25	SES062	-1.12984	-62.6868	-61.5569
BLOCK00/SES003/SA003S25	SES082	0.870754	-60.6862	-61.5569
BLOCK00/SES003/SA003S25	SES087	-0.843903	-62.4008	-61.5569
BLOCK00/SES003/SA003S25	SES206	-1.07356	-62.6305	-61.5569
BLOCK00/SES003/SA003S29	SES002	-2.68647	-62.9579	-60.2714
BLOCK00/SES003/SA003S29	SES062	-2.05413	-62.3255	-60.2714
BLOCK00/SES003/SA003S29	SES082	-0.475597	-60.747	-60.2714
BLOCK00/SES003/SA003S29	SES087	-2.22861	-62.5	-60.2714
BLOCK00/SES004/SA004S12	SES083	-1.97734	-63.7882	-61.8108
BLOCK00/SES004/SA004S12	SES148	-0.85376	-62.6646	-61.8108
BLOCK00/SES004/SA004S12	SES172	-0.693878	-62.5047	-61.8108
BLOCK00/SES004/SA004S12	SES292	-0.807701	-62.6185	-61.8108
BLOCK00/SES004/SA004S17	SES083	-1.41283	-63.1086	-61.6958
BLOCK00/SES004/SA004S17	SES162	-0.470749	-62.1665	-61.6958
BLOCK00/SES004/SA004S17	SES172	-1.10607	-62.8018	-61.6958
BLOCK00/SES004/SA004S17	SES292	-1.0901	-62.7859	-61.6958
BLOCK00/SES004/SA004S24	SES083	-1.05917	-62.3173	-61.2582
BLOCK00/SES004/SA004S24	SES148	-0.934376	-62.1926	-61.2582
BLOCK00/SES004/SA004S24	SES172	-0.754452	-62.0126	-61.2582
BLOCK00/SES004/SA004S24	SES292	-0.382771	-61.6409	-61.2582
BLOCK00/SES004/SA004S26	SES083	-0.885357	-62.0062	-61.1208
BLOCK00/SES004/SA004S26	SES127	-0.759766	-61.8806	-61.1208
BLOCK00/SES004/SA004S26	SES148	-1.58441	-62.7052	-61.1208
BLOCK00/SES004/SA004S26	SES292	-0.429974	-61.5508	-61.1208
BLOCK00/SES004/SA004S28	SES083	-1.10489	-62.0724	-60.9675
BLOCK00/SES004/SA004S28	SES127	-0.0479431	-61.0154	-60.9675
BLOCK00/SES004/SA004S28	SES187	0.360817	-60.6067	-60.9675
BLOCK00/SES004/SA004S28	SES292	-1.6171	-62.5846	-60.9675
BLOCK00/SES006/SA006S10	SES014	-2.69327	-65.2793	-62.586
BLOCK00/SES006/SA006S10	SES158	-0.208214	-62.7942	-62.586
BLOCK00/SES006/SA006S10	SES226	-3.01997	-65.606	-62.586
BLOCK00/SES006/SA006S10	SES270	-0.0275764	-62.6136	-62.586
BLOCK00/SES006/SA006S11	SES158	-0.564739	-62.615	-62.0503
BLOCK00/SES006/SA006S11	SES226	-2.46024	-64.5105	-62.0503
BLOCK00/SES006/SA006S11	SES270	-0.176052	-62.2264	-62.0503
BLOCK00/SES006/SA006S11	SES275	-3.15514	-65.2054	-62.0503
BLOCK00/SES006/SA006S23	SES062	-1.52766	-62.1183	-60.5906
BLOCK00/SES006/SA006S23	SES105	-1.75112	-62.3418	-60.5906
BLOCK00/SES006/SA006S23	SES158	-0.691082	-61.2817	-60.5906
BLOCK00/SES006/SA006S23	SES275	-1.81683	-62.4075	-60.5906
BLOCK00/SES006/SA006S26	SES104	-2.65115	-63.1225	-60.4713
BLOCK00/SES006/SA006S26	SES158	-0.462448	-60.9338	-60.4713
BLOCK00/SES006/SA006S26	SES270	0.199116	-60.2722	-60.4713
BLOCK00/SES006/SA006S26	SES275	-3.0579	-63.5292	-60.4713
BLOCK00/SES006/SA006S28	SES007	-2.93162	-64.6672	-61.7355
BLOCK00/SES006/SA006S28	SES105	-2.33426	-64.0698	-61.7355
BLOCK00/SES006/SA006S28	SES158	-0.722717	-62.4583	-61.7355
BLOCK00/SES006/SA006S28	SES275	-3.78495	-65.5205	-61.7355
BLOCK00/SES009/SA009S12	SES083	-1.27555	-61.2748	-59.9992
BLOCK00/SES009/SA009S12	SES148	-0.819248	-60.8185	-59.9992
BLOCK00/SES009/SA009S12	SES177	-1.40145	-61.4007	-59.9992
BLOCK00/SES009/SA009S12	SES292	-0.130192	-60.1294	-59.9992
BLOCK00/SES009/SA009S15	SES007	1.24105	-58.1709	-59.4119
BLOCK00/SES009/SA009S15	SES099	-9.00944	-68.4214	-59.4119
BLOCK00/SES009/SA009S15	SES148	-1.51487	-60.9268	-59.4119
BLOCK00/SES009/SA009S15	SES172	0.104904	-59.307	-59.4119
BLOCK00/SES009/SA009S24	SES146	-0.0469627	-60.0196	-59.9727
BLOCK00/SES009/SA009S24	SES148	-0.79113	-60.7638	-59.9727
BLOCK00/SES009/SA009S24	SES177	-0.38134	-60.354	-59.9727
BLOCK00/SES009/SA009S24	SES292	0.175488	-59.7972	-59.9727
BLOCK00/SES009/SA009S26	SES083	-1.83919	-61.9698	-60.1306
BLOCK00/SES009/SA009S26	SES101	-1.10781	-61.2384	-60.1306
BLOCK00/SES009/SA009S26	SES120	-0.797161	-60.9277	-60.1306
BLOCK00/SES009/SA009S26	SES177	-1.60651	-61.7371	-60.1306
BLOCK00/SES009/SA009S29	SES083	-1.13194	-60.7379	-59.6059
BLOCK00/SES009/SA009S29	SES101	-0.709759	-60.3157	-59.6059
BLOCK00/SES009/SA009S29	SES177	-1.10852	-60.7145	-59.6059
BLOCK00/SES009/SA009S29	SES292	-0.252502	-59.8584	-59.6059
BLOCK01/SES011/SA011S10	SES019	-0.529583	-60.9637	-60.4341
BLOCK01/SES011/SA011S10	SES042	-0.38129	-60.8154	-60.4341
BLOCK01/SES011/SA011S10	SES082	-0.731312	-61.1654	-60.4341
BLOCK01/SES011/SA011S10	SES206	0.161198	-60.2729	-60.4341
BLOCK01/SES011/SA011S11	SES019	-0.345551	-61.4584	-61.1129
BLOCK01/SES011/SA011S11	SES042	-0.394966	-61.5078	-61.1129
BLOCK01/SES011/SA011S11	SES082	-0.462673	-61.5755	-61.1129
BLOCK01/SES011/SA011S11	SES206	0.30011	-60.8128	-61.1129
BLOCK01/SES011/SA011S22	SES019	-0.134808	-60.9458	-60.811
BLOCK01/SES011/SA011S22	SES042	-0.842838	-61.6538	-60.811
BLOCK01/SES011/SA011S22	SES082	-0.377476	-61.1885	-60.811
BLOCK01/SES011/SA011S22	SES206	-0.307674	-61.1187	-60.811
BLOCK01/SES011/SA011S24	SES019	-0.161907	-60.0444	-59.8825
BLOCK01/SES011/SA011S24	SES042	-0.134766	-60.0173	-59.8825
BLOCK01/SES011/SA011S24	SES104	-0.768784	-60.6513	-59.8825
BLOCK01/SES011/SA011S24	SES206	0.411568	-59.4709	-59.8825
BLOCK01/SES011/SA011S27	SES082	1.19523	-59.0526	-60.2479
BLOCK01/SES011/SA011S27	SES087	-0.591705	-60.8396	-60.2479
BLOCK01/SES011/SA011S27	SES125	0.355309	-59.8926	-60.2479
BLOCK01/SES011/SA011S27	SES206	0.797688	-59.4502	-60.2479
BLOCK01/SES012/SA012S11	SES007	-1.67049	-60.6508	-58.9803
BLOCK01/SES012/SA012S11	SES082	-0.325535	-59.3058	-58.9803
BLOCK01/SES012/SA012S11	SES083	-1.41343	-60.3937	-58.9803
BLOCK01/SES012/SA012S11	SES206	0.618855	-58.3614	-58.9803
BLOCK01/SES012/SA012S14	SES082	-0.191387	-59.9895	-59.7981
BLOCK01/SES012/SA012S14	SES087	-0.915459	-60.7135	-59.7981
BLOCK01/SES012/SA012S14	SES206	0.161434	-59.6366	-59.7981
BLOCK01/SES012/SA012S14	SES292	-3.12558	-62.9237	-59.7981
BLOCK01/SES012/SA012S24	SES082	0.849808	-59.6669	-60.5168
BLOCK01/SES012/SA012S24	SES087	-0.297092	-60.8138	-60.5168
BLOCK01/SES012/SA012S24	SES120	-3.39228	-63.909	-60.5168
BLOCK01/SES012/SA012S24	SES206	0.555813	-59.9609	-60.5168
BLOCK01/SES012/SA012S26	SES019	-1.67716	-61.2791	-59.6019
BLOCK01/SES012/SA012S26	SES082	-0.885647	-60.4876	-59.6019
BLOCK01/SES012/SA012S26	SES206	0.656612	-58.9453	-59.6019
BLOCK01/SES012/SA012S26	SES292	-2.35606	-61.958	-59.6019
BLOCK01/SES012/SA012S29	SES062	-0.771683	-60.2613	-59.4896
BLOCK01/SES012/SA012S29	SES082	0.224911	-59.2647	-59.4896
BLOCK01/SES012/SA012S29	SES083	-1.2957	-60.7853	-59.4896
BLOCK01/SES012/SA012S29	SES206	0.474628	-59.015	-59.4896
BLOCK01/SES013/SA013S16	SES062	-2.98106	-63.4751	-60.494
BLOCK01/SES013/SA013S16	SES106	-0.179588	-60.6736	-60.494
BLOCK01/SES013/SA013S16	SES206	-0.29649	-60.7905	-60.494
BLOCK01/SES013/SA013S16	SES226	0.542568	-59.9514	-60.494
BLOCK01/SES013/SA013S17	SES062	-2.78993	-62.3912	-59.6013
BLOCK01/SES013/SA013S17	SES106	-0.140697	-59.742	-59.6013
BLOCK01/SES013/SA013S17	SES206	0.728615	-58.8727	-59.6013
BLOCK01/SES013/SA013S17	SES226	1.24017	-58.3611	-59.6013
BLOCK01/SES013/SA013S23	SES104	-0.801628	-61.0374	-60.2358
BLOCK01/SES013/SA013S23	SES106	-0.030899	-60.2667	-60.2358
BLOCK01/SES013/SA013S23	SES206	-0.03862	-60.2744	-60.2358
BLOCK01/SES013/SA013S23	SES270	0.347893	-59.8879	-60.2358
BLOCK01/SES013/SA013S25	SES042	-0.886955	-60.4641	-59.5772
BLOCK01/SES013/SA013S25	SES104	-0.381523	-59.9587	-59.5772
BLOCK01/SES013/SA013S25	SES106	0.240894	-59.3363	-59.5772
BLOCK01/SES013/SA013S25	SES206	-0.0781555	-59.6553	-59.5772
BLOCK01/SES013/SA013S29	SES062	-3.11752	-63.3298	-60.2123
BLOCK01/SES013/SA013S29	SES104	-0.305763	-60.518	-60.2123
BLOCK01/SES013/SA013S29	SES106	0.361103	-59.8512	-60.2123
BLOCK01/SES013/SA013S29	SES206	-0.0121918	-60.2244	-60.2123
BLOCK02/SES021/SA021S13	SES016	-2.65612	-62.4602	-59.8041
BLOCK02/SES021/SA021S13	SES029	-2.39481	-62.1989	-59.8041
BLOCK02/SES021/SA021S13	SES087	-1.29563	-61.0997	-59.8041
BLOCK02/SES021/SA021S13	SES206	0.0742035	-59.7299	-59.8041
BLOCK02/SES021/SA021S15	SES087	0.0966187	-58.3648	-58.4614
BLOCK02/SES021/SA021S15	SES125	0.800377	-57.661	-58.4614
BLOCK02/SES021/SA021S15	SES206	0.722225	-57.7391	-58.4614
BLOCK02/SES021/SA021S15	SES226	-0.265255	-58.7266	-58.4614
BLOCK02/SES021/SA021S23	SES062	-1.65857	-62.681	-61.0225
BLOCK02/SES021/SA021S23	SES087	-1.2059	-62.2284	-61.0225
BLOCK02/SES021/SA021S23	SES206	-0.472206	-61.4947	-61.0225
BLOCK02/SES021/SA021S23	SES226	0.203594	-60.8189	-61.0225
BLOCK02/SES021/SA021S27	SES002	-0.683186	-60.4253	-59.7421
BLOCK02/SES021/SA021S27	SES016	-2.76157	-62.5037	-59.7421
BLOCK02/SES021/SA021S27	SES019	-0.614544	-60.3566	-59.7421
BLOCK02/SES021/SA021S27	SES062	0.292217	-59.4499	-59.7421
BLOCK02/SES021/SA021S29	SES087	-0.124489	-59.6147	-59.4902
BLOCK02/SES021/SA021S29	SES125	0.659046	-58.8312	-59.4902
BLOCK02/SES021/SA021S29	SES206	0.357639	-59.1326	-59.4902
BLOCK02/SES021/SA021S29	SES226	-0.0039978	-59.4942	-59.4902
BLOCK04/SES043/SA043S09	SES083	-2.61682	-64.3503	-61.7335
BLOCK04/SES043/SA043S09	SES101	-1.9443	-63.6778	-61.7335
BLOCK04/SES043/SA043S09	SES144	0.385578	-61.3479	-61.7335
BLOCK04/SES043/SA043S09	SES172	-3.69565	-65.4291	-61.7335
BLOCK04/SES043/SA043S11	SES083	-0.575031	-60.5983	-60.0232
BLOCK04/SES043/SA043S11	SES101	-1.07298	-61.0962	-60.0232
BLOCK04/SES043/SA043S11	SES144	0.207832	-59.8154	-60.0232
BLOCK04/SES043/SA043S11	SES172	-1.21872	-61.2419	-60.0232
BLOCK04/SES043/SA043S23	SES083	-0.834663	-61.4757	-60.6411
BLOCK04/SES043/SA043S23	SES144	0.93716	-59.7039	-60.6411
BLOCK04/SES043/SA043S23	SES177	-2.09209	-62.7331	-60.6411
BLOCK04/SES043/SA043S23	SES275	0.126728	-60.5143	-60.6411
BLOCK04/SES043/SA043S26	SES083	-0.296417	-60.8055	-60.5091
BLOCK04/SES043/SA043S26	SES101	-1.41774	-61.9268	-60.5091
BLOCK04/SES043/SA043S26	SES144	0.0852585	-60.4238	-60.5091
BLOCK04/SES043/SA043S26	SES177	-2.15961	-62.6687	-60.5091
BLOCK04/SES043/SA043S28	SES016	-1.30464	-60.9293	-59.6246
BLOCK04/SES043/SA043S28	SES083	-0.743095	-60.3677	-59.6246
BLOCK04/SES043/SA043S28	SES101	-0.505764	-60.1304	-59.6246
BLOCK04/SES043/SA043S28	SES144	-0.192162	-59.8168	-59.6246
BLOCK04/SES044/SA044S10	SES127	-3.23249	-66.1717	-62.9392
BLOCK04/SES044/SA044S10	SES144	-1.20984	-64.149	-62.9392
BLOCK04/SES044/SA044S10	SES147	-5.08768	-68.0268	-62.9392
BLOCK04/SES044/SA044S10	SES148	-3.81566	-66.7548	-62.9392
BLOCK04/SES044/SA044S11	SES101	-1.82483	-64.352	-62.5272
BLOCK04/SES044/SA044S11	SES144	0.633305	-61.8939	-62.5272
BLOCK04/SES044/SA044S11	SES147	-2.3174	-64.8446	-62.5272
BLOCK04/SES044/SA044S11	SES177	-1.57271	-64.0999	-62.5272
BLOCK04/SES044/SA044S24	SES007	-2.60183	-64.0049	-61.403
BLOCK04/SES044/SA044S24	SES101	-1.31069	-62.7137	-61.403
BLOCK04/SES044/SA044S24	SES147	-4.0533	-65.4563	-61.403
BLOCK04/SES044/SA044S24	SES177	-2.11861	-63.5216	-61.403
BLOCK04/SES044/SA044S26	SES007	-1.45704	-62.4556	-60.9985
BLOCK04/SES044/SA044S26	SES016	-0.309746	-61.3083	-60.9985
BLOCK04/SES044/SA044S26	SES101	-0.965679	-61.9642	-60.9985
BLOCK04/SES044/SA044S26	SES147	-1.38971	-62.3882	-60.9985
BLOCK04/SES044/SA044S29	SES007	-1.19079	-61.7222	-60.5314
BLOCK04/SES044/SA044S29	SES101	-0.144447	-60.6758	-60.5314
BLOCK04/SES044/SA044S29	SES147	-1.91832	-62.4497	-60.5314
BLOCK04/SES044/SA044S29	SES177	-1.77186	-62.3032	-60.5314
BLOCK04/SES046/SA046S13	SES101	-2.26056	-64.4717	-62.2111
BLOCK04/SES046/SA046S13	SES144	0.239849	-61.9713	-62.2111
BLOCK04/SES046/SA046S13	SES147	-2.00681	-64.2179	-62.2111
BLOCK04/SES046/SA046S13	SES177	-0.109615	-62.3207	-62.2111
BLOCK04/SES046/SA046S15	SES048	-2.45057	-62.9954	-60.5448
BLOCK04/SES046/SA046S15	SES083	-0.317997	-60.8628	-60.5448
BLOCK04/SES046/SA046S15	SES120	-1.8376	-62.3824	-60.5448
BLOCK04/SES046/SA046S15	SES148	-0.480312	-61.0251	-60.5448
BLOCK04/SES046/SA046S22	SES101	-0.533176	-61.9994	-61.4662
BLOCK04/SES046/SA046S22	SES144	0.155785	-61.3104	-61.4662
BLOCK04/SES046/SA046S22	SES147	-1.90406	-63.3703	-61.4662
BLOCK04/SES046/SA046S22	SES172	-1.40816	-62.8744	-61.4662
BLOCK04/SES046/SA046S25	SES083	-1.29829	-62.0234	-60.7251
BLOCK04/SES046/SA046S25	SES127	-1.48191	-62.207	-60.7251
BLOCK04/SES046/SA046S25	SES144	-1.10439	-61.8295	-60.7251
BLOCK04/SES046/SA046S25	SES148	-0.957851	-61.6829	-60.7251
BLOCK04/SES046/SA046S28	SES007	-2.64043	-64.8275	-62.1871
BLOCK04/SES046/SA046S28	SES105	-2.40611	-64.5932	-62.1871
BLOCK04/SES046/SA046S28	SES147	-2.19109	-64.3782	-62.1871
BLOCK04/SES046/SA046S28	SES148	-0.242954	-62.43	-62.1871
BLOCK04/SES049/SA049S16	SES104	-0.226799	-61.7478	-61.521
BLOCK04/SES049/SA049S16	SES106	0.0847969	-61.4362	-61.521
BLOCK04/SES049/SA049S16	SES120	-2.60276	-64.1237	-61.521
BLOCK04/SES049/SA049S16	SES206	-0.0168076	-61.5378	-61.521
BLOCK04/SES049/SA049S18	SES099	0.613869	-61.1088	-61.7226
BLOCK04/SES049/SA049S18	SES104	-0.863239	-62.5859	-61.7226
BLOCK04/SES049/SA049S18	SES125	-1.75126	-63.4739	-61.7226
BLOCK04/SES049/SA049S18	SES206	-0.860355	-62.583	-61.7226
BLOCK04/SES049/SA049S25	SES087	0.00475693	-60.91	-60.9148
BLOCK04/SES049/SA049S25	SES104	0.270092	-60.6447	-60.9148
BLOCK04/SES049/SA049S25	SES125	-0.558041	-61.4728	-60.9148
BLOCK04/SES049/SA049S25	SES206	0.679405	-60.2353	-60.9148
BLOCK04/SES049/SA049S27	SES099	0.0355377	-60.4353	-60.4709
BLOCK04/SES049/SA049S27	SES104	0.103016	-60.3679	-60.4709
BLOCK04/SES049/SA049S27	SES125	-0.929352	-61.4002	-60.4709
BLOCK04/SES049/SA049S27	SES206	-0.395367	-60.8662	-60.4709
BLOCK04/SES049/SA049S29	SES099	1.03787	-59.1134	-60.1513
BLOCK04/SES049/SA049S29	SES104	1.43221	-58.7191	-60.1513
BLOCK04/SES049/SA049S29	SES125	0.218777	-59.9325	-60.1513
BLOCK04/SES049/SA049S29	SES206	0.872635	-59.2786	-60.1513
BLOCK06/SES063/SA063S09	SES068	-0.742401	-61.4412	-60.6987
BLOCK06/SES063/SA063S09	SES083	0.022274	-60.6765	-60.6987
BLOCK06/SES063/SA063S09	SES177	-0.522499	-61.2212	-60.6987
BLOCK06/SES063/SA063S09	SES187	-0.98407	-61.6828	-60.6987
BLOCK06/SES063/SA063S10	SES068	-1.54259	-62.4974	-60.9548
BLOCK06/SES063/SA063S10	SES083	-0.0182915	-60.9731	-60.9548
BLOCK06/SES063/SA063S10	SES172	-0.344929	-61.2998	-60.9548
BLOCK06/SES063/SA063S10	SES187	-0.713772	-61.6686	-60.9548
BLOCK06/SES063/SA063S20	SES068	-2.87233	-64.0513	-61.179
BLOCK06/SES063/SA063S20	SES083	-0.641308	-61.8203	-61.179
BLOCK06/SES063/SA063S20	SES172	-0.928467	-62.1074	-61.179
BLOCK06/SES063/SA063S20	SES187	-0.0243416	-61.2033	-61.179
BLOCK06/SES063/SA063S24	SES029	-2.61121	-62.6176	-60.0064
BLOCK06/SES063/SA063S24	SES083	0.392712	-59.6137	-60.0064
BLOCK06/SES063/SA063S24	SES177	-0.568977	-60.5753	-60.0064
BLOCK06/SES063/SA063S24	SES189	-0.388927	-60.3953	-60.0064
BLOCK06/SES063/SA063S27	SES083	0.762722	-60.8729	-61.6356
BLOCK06/SES063/SA063S27	SES172	-0.0995712	-61.7352	-61.6356
BLOCK06/SES063/SA063S27	SES187	-1.38452	-63.0201	-61.6356
BLOCK06/SES063/SA063S27	SES292	-0.763577	-62.3992	-61.6356
BLOCK06/SES067/SA067S12	SES083	-1.28955	-61.7046	-60.4151
BLOCK06/SES067/SA067S12	SES172	-2.6773	-63.0924	-60.4151
BLOCK06/SES067/SA067S12	SES202	0.853828	-59.5612	-60.4151
BLOCK06/SES067/SA067S12	SES292	-1.05995	-61.475	-60.4151
BLOCK06/SES067/SA067S14	SES085	-1.27884	-61.0133	-59.7344
BLOCK06/SES067/SA067S14	SES177	-1.0542	-60.7886	-59.7344
BLOCK06/SES067/SA067S14	SES183	-1.98127	-61.7157	-59.7344
BLOCK06/SES067/SA067S14	SES202	-0.0785217	-59.813	-59.7344
BLOCK06/SES067/SA067S21	SES144	-0.212143	-61.7198	-61.5076
BLOCK06/SES067/SA067S21	SES177	-0.635277	-62.1429	-61.5076
BLOCK06/SES067/SA067S21	SES183	-4.14875	-65.6564	-61.5076
BLOCK06/SES067/SA067S21	SES189	0.558517	-60.9491	-61.5076
BLOCK06/SES067/SA067S25	SES085	-0.65453	-61.3548	-60.7003
BLOCK06/SES067/SA067S25	SES177	-0.713799	-61.4141	-60.7003
BLOCK06/SES067/SA067S25	SES183	-2.10678	-62.8071	-60.7003
BLOCK06/SES067/SA067S25	SES202	-0.214882	-60.9152	-60.7003
BLOCK06/SES067/SA067S29	SES085	-0.516685	-61.4015	-60.8848
BLOCK06/SES067/SA067S29	SES177	-0.661682	-61.5465	-60.8848
BLOCK06/SES067/SA067S29	SES183	-1.35856	-62.2434	-60.8848
BLOCK06/SES067/SA067S29	SES202	0.784874	-60.1	-60.8848
BLOCK06/SES069/SA069S12	SES029	-1.39779	-61.5525	-60.1548
BLOCK06/SES069/SA069S12	SES082	0.492229	-59.6625	-60.1548
BLOCK06/SES069/SA069S12	SES087	-1.73428	-61.889	-60.1548
BLOCK06/SES069/SA069S12	SES206	-0.99094	-61.1457	-60.1548
BLOCK06/SES069/SA069S13	SES029	-1.90844	-61.9158	-60.0074
BLOCK06/SES069/SA069S13	SES087	-1.5364	-61.5438	-60.0074
BLOCK06/SES069/SA069S13	SES206	-1.51021	-61.5176	-60.0074
BLOCK06/SES069/SA069S13	SES226	-0.782818	-60.7902	-60.0074
BLOCK06/SES069/SA069S23	SES029	0.0497742	-58.884	-58.9337
BLOCK06/SES069/SA069S23	SES087	-1.60883	-60.5426	-58.9337
BLOCK06/SES069/SA069S23	SES206	-0.995232	-59.929	-58.9337
BLOCK06/SES069/SA069S23	SES226	0.0455322	-58.8882	-58.9337
BLOCK06/SES069/SA069S25	SES087	-0.679871	-59.7141	-59.0342
BLOCK06/SES069/SA069S25	SES206	-1.43183	-60.4661	-59.0342
BLOCK06/SES069/SA069S25	SES226	-0.316151	-59.3504	-59.0342
BLOCK06/SES069/SA069S25	SES270	-0.0823631	-59.1166	-59.0342
BLOCK06/SES069/SA069S27	SES087	-1.39199	-60.6383	-59.2463
BLOCK06/SES069/SA069S27	SES206	-0.370041	-59.6164	-59.2463
BLOCK06/SES069/SA069S27	SES226	0.909893	-58.3364	-59.2463
BLOCK06/SES069/SA069S27	SES270	-0.0669022	-59.3132	-59.2463
BLOCK08/SES081/SA081S11	SES060	-0.0813103	-61.2308	-61.1495
BLOCK08/SES081/SA081S11	SES062	-2.54317	-63.6927	-61.1495
BLOCK08/SES081/SA081S11	SES117	-0.581619	-61.7311	-61.1495
BLOCK08/SES081/SA081S11	SES162	-0.346516	-61.496	-61.1495
BLOCK08/SES081/SA081S13	SES016	-0.181099	-59.6602	-59.4791
BLOCK08/SES081/SA081S13	SES060	0.0151978	-59.4639	-59.4791
BLOCK08/SES081/SA081S13	SES068	0.55257	-58.9265	-59.4791
BLOCK08/SES081/SA081S13	SES129	-1.44596	-60.925	-59.4791
BLOCK08/SES081/SA081S24	SES060	-0.0704002	-60.4434	-60.373
BLOCK08/SES081/SA081S24	SES068	-0.826813	-61.1998	-60.373
BLOCK08/SES081/SA081S24	SES117	-0.805962	-61.179	-60.373
BLOCK08/SES081/SA081S24	SES275	-2.10798	-62.481	-60.373
BLOCK08/SES081/SA081S27	SES007	-0.495411	-61.0943	-60.5989
BLOCK08/SES081/SA081S27	SES060	-1.2926	-61.8915	-60.5989
BLOCK08/SES081/SA081S27	SES117	0.721436	-59.8775	-60.5989
BLOCK08/SES081/SA081S27	SES275	-1.52905	-62.128	-60.5989
BLOCK08/SES081/SA081S29	SES007	-0.502384	-60.7312	-60.2288
BLOCK08/SES081/SA081S29	SES060	-0.214653	-60.4435	-60.2288
BLOCK08/SES081/SA081S29	SES117	-0.184708	-60.4135	-60.2288
BLOCK08/SES081/SA081S29	SES275	-1.54283	-61.7717	-60.2288
BLOCK08/SES086/SA086S11	SES029	-4.21714	-66.0384	-61.8213
BLOCK08/SES086/SA086S11	SES082	-1.47113	-63.2924	-61.8213
BLOCK08/SES086/SA086S11	SES087	-0.309891	-62.1311	-61.8213
BLOCK08/SES086/SA086S11	SES206	-1.48664	-63.3079	-61.8213
BLOCK08/SES086/SA086S12	SES029	-2.98581	-64.2169	-61.2311
BLOCK08/SES086/SA086S12	SES082	-0.822975	-62.0541	-61.2311
BLOCK08/SES086/SA086S12	SES087	1.84368	-59.3875	-61.2311
BLOCK08/SES086/SA086S12	SES206	0.114281	-61.1169	-61.2311
BLOCK08/SES086/SA086S20	SES029	-2.91325	-62.4138	-59.5006
BLOCK08/SES086/SA086S20	SES082	-1.11388	-60.6144	-59.5006
BLOCK08/SES086/SA086S20	SES087	1.51826	-57.9823	-59.5006
BLOCK08/SES086/SA086S20	SES206	0.619556	-58.881	-59.5006
BLOCK08/SES086/SA086S24	SES087	1.1695	-59.5695	-60.739
BLOCK08/SES086/SA086S24	SES104	-0.799473	-61.5385	-60.739
BLOCK08/SES086/SA086S24	SES120	-3.16008	-63.8991	-60.739
BLOCK08/SES086/SA086S24	SES206	1.03959	-59.6994	-60.739
BLOCK08/SES086/SA086S28	SES029	-2.09157	-61.7367	-59.6451
BLOCK08/SES086/SA086S28	SES082	-0.627193	-60.2723	-59.6451
BLOCK08/SES086/SA086S28	SES087	0.988266	-58.6569	-59.6451
BLOCK08/SES086/SA086S28	SES206	0.36459	-59.2805	-59.6451
BLOCK08/SES089/SA089S13	SES087	-1.57997	-62.406	-60.826
BLOCK08/SES089/SA089S13	SES206	-1.45913	-62.2851	-60.826
BLOCK08/SES089/SA089S13	SES226	-0.906033	-61.732	-60.826
BLOCK08/SES089/SA089S13	SES270	-1.52353	-62.3495	-60.826
BLOCK08/SES089/SA089S14	SES062	-1.2091	-61.3481	-60.139
BLOCK08/SES089/SA089S14	SES087	-0.452404	-60.5914	-60.139
BLOCK08/SES089/SA089S14	SES206	-0.744831	-60.8838	-60.139
BLOCK08/SES089/SA089S14	SES226	-0.416096	-60.5551	-60.139
BLOCK08/SES089/SA089S23	SES087	-1.21942	-63.1745	-61.955
BLOCK08/SES089/SA089S23	SES206	-1.68271	-63.6377	-61.955
BLOCK08/SES089/SA089S23	SES226	-0.754547	-62.7096	-61.955
BLOCK08/SES089/SA089S23	SES270	-1.78098	-63.736	-61.955
BLOCK08/SES089/SA089S25	SES062	-1.09894	-61.9923	-60.8933
BLOCK08/SES089/SA089S25	SES087	-0.241562	-61.1349	-60.8933
BLOCK08/SES089/SA089S25	SES206	-0.369526	-61.2629	-60.8933
BLOCK08/SES089/SA089S25	SES226	0.639389	-60.2539	-60.8933
BLOCK08/SES089/SA089S28	SES062	-0.859398	-61.5865	-60.7271
BLOCK08/SES089/SA089S28	SES087	-0.503796	-61.2309	-60.7271
BLOCK08/SES089/SA089S28	SES206	-0.120354	-60.8474	-60.7271
BLOCK08/SES089/SA089S28	SES226	0.478409	-60.2486	-60.7271
BLOCK09/SES097/SA097S11	SES099	1.59438	-59.6509	-61.2453
BLOCK09/SES097/SA097S11	SES125	-0.586102	-61.8314	-61.2453
BLOCK09/SES097/SA097S11	SES206	-0.469952	-61.7152	-61.2453
BLOCK09/SES097/SA097S11	SES226	0.71526	-60.53	-61.2453
BLOCK09/SES097/SA097S14	SES062	-2.44052	-62.9802	-60.5397
BLOCK09/SES097/SA097S14	SES099	-0.170189	-60.7099	-60.5397
BLOCK09/SES097/SA097S14	SES104	-0.762024	-61.3017	-60.5397
BLOCK09/SES097/SA097S14	SES206	-1.28697	-61.8266	-60.5397
BLOCK09/SES097/SA097S22	SES099	1.05584	-59.3658	-60.4216
BLOCK09/SES097/SA097S22	SES206	-0.309746	-60.7313	-60.4216
BLOCK09/SES097/SA097S22	SES226	-0.501995	-60.9236	-60.4216
BLOCK09/SES097/SA097S22	SES270	0.876556	-59.545	-60.4216
BLOCK09/SES097/SA097S26	SES099	1.04088	-59.0312	-60.0721
BLOCK09/SES097/SA097S26	SES120	-2.24501	-62.3171	-60.0721
BLOCK09/SES097/SA097S26	SES206	0.0830917	-59.989	-60.0721
BLOCK09/SES097/SA097S26	SES226	-0.918018	-60.9901	-60.0721
BLOCK09/SES097/SA097S28	SES099	-0.0759621	-60.4836	-60.4077
BLOCK09/SES097/SA097S28	SES120	-1.72683	-62.1345	-60.4077
BLOCK09/SES097/SA097S28	SES206	-0.863983	-61.2716	-60.4077
BLOCK09/SES097/SA097S28	SES226	-1.2211	-61.6288	-60.4077
BLOCK09/SES098/SA098S11	SES127	-2.74248	-65.2793	-62.5368
BLOCK09/SES098/SA098S11	SES144	-1.1214	-63.6582	-62.5368
BLOCK09/SES098/SA098S11	SES147	-0.00857925	-62.5453	-62.5368
BLOCK09/SES098/SA098S11	SES148	-2.58351	-65.1203	-62.5368
BLOCK09/SES098/SA098S12	SES127	-4.92549	-69.3675	-64.442
BLOCK09/SES098/SA098S12	SES144	-0.740791	-65.1828	-64.442
BLOCK09/SES098/SA098S12	SES147	-0.00658417	-64.4486	-64.442
BLOCK09/SES098/SA098S12	SES189	0.987068	-63.4549	-64.442
BLOCK09/SES098/SA098S20	SES127	-4.75225	-67.5729	-62.8206
BLOCK09/SES098/SA098S20	SES147	0.110104	-62.7105	-62.8206
BLOCK09/SES098/SA098S20	SES148	-3.47599	-66.2966	-62.8206
BLOCK09/SES098/SA098S20	SES292	-3.08495	-65.9056	-62.8206
BLOCK09/SES098/SA098S23	SES127	-2.15369	-64.0591	-61.9054
BLOCK09/SES098/SA098S23	SES147	-0.187634	-62.093	-61.9054
BLOCK09/SES098/SA098S23	SES187	-0.361019	-62.2664	-61.9054
BLOCK09/SES098/SA098S23	SES292	-2.05742	-63.9628	-61.9054
BLOCK09/SES098/SA098S27	SES127	-1.99655	-64.9426	-62.9461
BLOCK09/SES098/SA098S27	SES147	-0.555092	-63.5012	-62.9461
BLOCK09/SES098/SA098S27	SES148	-3.41432	-66.3604	-62.9461
BLOCK09/SES098/SA098S27	SES292	-2.3227	-65.2688	-62.9461
BLOCK10/SES102/SA102S13	SES101	-0.56324	-62.7968	-62.2336
BLOCK10/SES102/SA102S13	SES105	-1.58894	-63.8225	-62.2336
BLOCK10/SES102/SA102S13	SES120	-0.689041	-62.9226	-62.2336
BLOCK10/SES102/SA102S13	SES158	-6.72222	-68.9558	-62.2336
BLOCK10/SES102/SA102S14	SES007	1.1031	-59.1955	-60.2986
BLOCK10/SES102/SA102S14	SES101	0.785908	-59.5127	-60.2986
BLOCK10/SES102/SA102S14	SES105	0.602699	-59.6959	-60.2986
BLOCK10/SES102/SA102S14	SES147	-2.7468	-63.0454	-60.2986
BLOCK10/SES102/SA102S22	SES007	-0.671516	-60.5853	-59.9138
BLOCK10/SES102/SA102S22	SES101	0.458641	-59.4551	-59.9138
BLOCK10/SES102/SA102S22	SES105	0.0508461	-59.8629	-59.9138
BLOCK10/SES102/SA102S22	SES158	-3.76734	-63.6811	-59.9138
BLOCK10/SES102/SA102S25	SES007	0.205589	-60.173	-60.3786
BLOCK10/SES102/SA102S25	SES101	0.664513	-59.7141	-60.3786
BLOCK10/SES102/SA102S25	SES105	0.30109	-60.0775	-60.3786
BLOCK10/SES102/SA102S25	SES147	-3.49126	-63.8699	-60.3786
BLOCK10/SES102/SA102S27	SES007	-0.55014	-61.4794	-60.9293
BLOCK10/SES102/SA102S27	SES101	0.0704842	-60.8588	-60.9293
BLOCK10/SES102/SA102S27	SES105	-0.627716	-61.557	-60.9293
BLOCK10/SES102/SA102S27	SES147	-2.64905	-63.5783	-60.9293
BLOCK10/SES103/SA103S14	SES105	-2.68892	-64.3298	-61.6409
BLOCK10/SES103/SA103S14	SES106	-0.432629	-62.0735	-61.6409
BLOCK10/SES103/SA103S14	SES120	-3.22594	-64.8668	-61.6409
BLOCK10/SES103/SA103S14	SES206	-1.04412	-62.685	-61.6409
BLOCK10/SES103/SA103S15	SES099	-0.190487	-62.6738	-62.4833
BLOCK10/SES103/SA103S15	SES101	-3.40398	-65.8873	-62.4833
BLOCK10/SES103/SA103S15	SES104	-0.90667	-63.39	-62.4833
BLOCK10/SES103/SA103S15	SES125	-0.43285	-62.9162	-62.4833
BLOCK10/SES103/SA103S24	SES104	-1.54995	-62.1686	-60.6186
BLOCK10/SES103/SA103S24	SES125	-1.13248	-61.7511	-60.6186
BLOCK10/SES103/SA103S24	SES148	-2.56294	-63.1816	-60.6186
BLOCK10/SES103/SA103S24	SES158	-0.384243	-61.0029	-60.6186
BLOCK10/SES103/SA103S26	SES104	-0.9897	-62.9949	-62.0052
BLOCK10/SES103/SA103S26	SES106	-0.422478	-62.4277	-62.0052
BLOCK10/SES103/SA103S26	SES125	-0.963791	-62.969	-62.0052
BLOCK10/SES103/SA103S26	SES148	-2.34077	-64.3459	-62.0052
BLOCK10/SES103/SA103S28	SES104	-1.54723	-64.7421	-63.1948
BLOCK10/SES103/SA103S28	SES106	-0.516941	-63.7118	-63.1948
BLOCK10/SES103/SA103S28	SES125	-1.82751	-65.0223	-63.1948
BLOCK10/SES103/SA103S28	SES206	-2.45895	-65.6538	-63.1948
BLOCK12/SES121/SA121S12	SES042	-2.35503	-64.6161	-62.2611
BLOCK12/SES121/SA121S12	SES087	-1.88923	-64.1503	-62.2611
BLOCK12/SES121/SA121S12	SES105	-1.51904	-63.7801	-62.2611
BLOCK12/SES121/SA121S12	SES206	-1.57697	-63.838	-62.2611
BLOCK12/SES121/SA121S14	SES007	-3.44842	-66.0357	-62.5873
BLOCK12/SES121/SA121S14	SES105	-2.56066	-65.148	-62.5873
BLOCK12/SES121/SA121S14	SES106	-1.62814	-64.2155	-62.5873
BLOCK12/SES121/SA121S14	SES206	-2.25364	-64.841	-62.5873
BLOCK12/SES121/SA121S23	SES105	-1.92839	-64.8195	-62.8911
BLOCK12/SES121/SA121S23	SES106	-0.381748	-63.2729	-62.8911
BLOCK12/SES121/SA121S23	SES120	-2.92758	-65.8187	-62.8911
BLOCK12/SES121/SA121S23	SES206	-1.45855	-64.3497	-62.8911
BLOCK12/SES121/SA121S25	SES007	-3.41202	-66.4638	-63.0518
BLOCK12/SES121/SA121S25	SES105	-3.26031	-66.3121	-63.0518
BLOCK12/SES121/SA121S25	SES106	-1.62641	-64.6782	-63.0518
BLOCK12/SES121/SA121S25	SES206	-2.65124	-65.7031	-63.0518
BLOCK12/SES121/SA121S27	SES087	-0.565582	-62.7631	-62.1975
BLOCK12/SES121/SA121S27	SES105	-3.26194	-65.4594	-62.1975
BLOCK12/SES121/SA121S27	SES120	-2.57191	-64.7694	-62.1975
BLOCK12/SES121/SA121S27	SES206	-1.346	-63.5435	-62.1975
BLOCK12/SES124/SA124S16	SES042	-0.576599	-60.9814	-60.4048
BLOCK12/SES124/SA124S16	SES082	-0.685417	-61.0902	-60.4048
BLOCK12/SES124/SA124S16	SES183	-3.71771	-64.1225	-60.4048
BLOCK12/SES124/SA124S16	SES206	-0.822994	-61.2278	-60.4048
BLOCK12/SES124/SA124S17	SES105	-2.47577	-64.1523	-61.6765
BLOCK12/SES124/SA124S17	SES149	-1.9969	-63.6734	-61.6765
BLOCK12/SES124/SA124S17	SES158	-1.81847	-63.495	-61.6765
BLOCK12/SES124/SA124S17	SES275	-4.60763	-66.2841	-61.6765
BLOCK12/SES124/SA124S23	SES105	-2.43422	-61.5434	-59.1092
BLOCK12/SES124/SA124S23	SES125	1.03883	-58.0704	-59.1092
BLOCK12/SES124/SA124S23	SES129	-2.95572	-62.0649	-59.1092
BLOCK12/SES124/SA124S23	SES158	0.364079	-58.7451	-59.1092
BLOCK12/SES124/SA124S26	SES105	-3.22218	-63.6059	-60.3837
BLOCK12/SES124/SA124S26	SES125	0.922855	-59.4609	-60.3837
BLOCK12/SES124/SA124S26	SES129	-3.65286	-64.0366	-60.3837
BLOCK12/SES124/SA124S26	SES158	-0.0580788	-60.4418	-60.3837
BLOCK12/SES124/SA124S28	SES104	0.711292	-59.5078	-60.2191
BLOCK12/SES124/SA124S28	SES106	1.10152	-59.1176	-60.2191
BLOCK12/SES124/SA124S28	SES125	0.934647	-59.2845	-60.2191
BLOCK12/SES124/SA124S28	SES275	-4.13573	-64.3549	-60.2191
BLOCK12/SES126/SA126S13	SES007	-2.23448	-64.9051	-62.6707
BLOCK12/SES126/SA126S13	SES162	-1.54419	-64.2148	-62.6707
BLOCK12/SES126/SA126S13	SES177	-0.653141	-63.3238	-62.6707
BLOCK12/SES126/SA126S13	SES180	-1.78982	-64.4605	-62.6707
BLOCK12/SES126/SA126S14	SES144	-0.271511	-61.5324	-61.2609
BLOCK12/SES126/SA126S14	SES148	-1.7279	-62.9888	-61.2609
BLOCK12/SES126/SA126S14	SES177	0.613194	-60.6477	-61.2609
BLOCK12/SES126/SA126S14	SES180	-0.186474	-61.4474	-61.2609
BLOCK12/SES126/SA126S20	SES007	-2.83139	-64.0777	-61.2463
BLOCK12/SES126/SA126S20	SES162	-2.0673	-63.3136	-61.2463
BLOCK12/SES126/SA126S20	SES172	-5.99727	-67.2436	-61.2463
BLOCK12/SES126/SA126S20	SES180	-2.33191	-63.5782	-61.2463
BLOCK12/SES126/SA126S24	SES120	-0.120193	-61.1415	-61.0213
BLOCK12/SES126/SA126S24	SES162	-0.777622	-61.799	-61.0213
BLOCK12/SES126/SA126S24	SES177	-0.182255	-61.2036	-61.0213
BLOCK12/SES126/SA126S24	SES180	-0.492096	-61.5134	-61.0213
BLOCK12/SES126/SA126S26	SES120	-0.694618	-62.0488	-61.3542
BLOCK12/SES126/SA126S26	SES177	-1.06905	-62.4233	-61.3542
BLOCK12/SES126/SA126S26	SES180	-1.55113	-62.9053	-61.3542
BLOCK12/SES126/SA126S26	SES202	-3.38438	-64.7386	-61.3542
BLOCK12/SES128/SA128S10	SES087	-1.87923	-62.224	-60.3448
BLOCK12/SES128/SA128S10	SES206	-1.03886	-61.3836	-60.3448
BLOCK12/SES128/SA128S10	SES226	-0.331776	-60.6766	-60.3448
BLOCK12/SES128/SA128S10	SES270	0.0200157	-60.3248	-60.3448
BLOCK12/SES128/SA128S12	SES120	-1.76982	-62.2031	-60.4332
BLOCK12/SES128/SA128S12	SES158	-0.982635	-61.4159	-60.4332
BLOCK12/SES128/SA128S12	SES206	-0.711975	-61.1452	-60.4332
BLOCK12/SES128/SA128S12	SES226	-0.813988	-61.2472	-60.4332
BLOCK12/SES128/SA128S21	SES106	-3.46722	-65.4569	-61.9896
BLOCK12/SES128/SA128S21	SES120	-1.42784	-63.4175	-61.9896
BLOCK12/SES128/SA128S21	SES206	-2.69231	-64.682	-61.9896
BLOCK12/SES128/SA128S21	SES226	-1.67419	-63.6638	-61.9896
BLOCK12/SES128/SA128S24	SES087	-2.43889	-64.0074	-61.5685
BLOCK12/SES128/SA128S24	SES120	-0.840836	-62.4093	-61.5685
BLOCK12/SES128/SA128S24	SES206	-2.022	-63.5905	-61.5685
BLOCK12/SES128/SA128S24	SES226	-1.71004	-63.2785	-61.5685
BLOCK12/SES128/SA128S27	SES099	-1.16785	-61.2908	-60.123
BLOCK12/SES128/SA128S27	SES120	-0.946831	-61.0698	-60.123
BLOCK12/SES128/SA128S27	SES206	-1.55843	-61.6814	-60.123
BLOCK12/SES128/SA128S27	SES226	-0.573372	-60.6963	-60.123
BLOCK13/SES130/SA130S13	SES143	-1.23589	-64.4841	-63.2482
BLOCK13/SES130/SA130S13	SES144	0.899746	-62.3484	-63.2482
BLOCK13/SES130/SA130S13	SES146	0.226086	-63.0221	-63.2482
BLOCK13/SES130/SA130S13	SES275	-2.26775	-65.5159	-63.2482
BLOCK13/SES130/SA130S15	SES143	-1.7128	-62.9385	-61.2257
BLOCK13/SES130/SA130S15	SES144	0.476551	-60.7492	-61.2257
BLOCK13/SES130/SA130S15	SES146	0.291634	-60.9341	-61.2257
BLOCK13/SES130/SA130S15	SES275	-0.731739	-61.9575	-61.2257
BLOCK13/SES130/SA130S23	SES127	-2.02821	-65.0669	-63.0387
BLOCK13/SES130/SA130S23	SES144	-0.301414	-63.3401	-63.0387
BLOCK13/SES130/SA130S23	SES146	-0.0945358	-63.1332	-63.0387
BLOCK13/SES130/SA130S23	SES162	-0.371864	-63.4105	-63.0387
BLOCK13/SES130/SA130S25	SES127	-1.43122	-62.3161	-60.8849
BLOCK13/SES130/SA130S25	SES144	0.690014	-60.1949	-60.8849
BLOCK13/SES130/SA130S25	SES146	0.158535	-60.7264	-60.8849
BLOCK13/SES130/SA130S25	SES275	0.22229	-60.6626	-60.8849
BLOCK13/SES130/SA130S28	SES127	-0.647717	-62.2224	-61.5746
BLOCK13/SES130/SA130S28	SES144	0.41349	-61.1611	-61.5746
BLOCK13/SES130/SA130S28	SES146	0.303688	-61.2709	-61.5746
BLOCK13/SES130/SA130S28	SES275	0.819462	-60.7552	-61.5746
BLOCK13/SES131/SA131S13	SES002	-2.90223	-65.6805	-62.7783
BLOCK13/SES131/SA131S13	SES007	-4.06141	-66.8397	-62.7783
BLOCK13/SES131/SA131S13	SES099	-1.98987	-64.7681	-62.7783
BLOCK13/SES131/SA131S13	SES105	-2.6188	-65.3971	-62.7783
BLOCK13/SES131/SA131S14	SES104	-0.253086	-60.9832	-60.7301
BLOCK13/SES131/SA131S14	SES106	-0.141045	-60.8712	-60.7301
BLOCK13/SES131/SA131S14	SES125	-0.745842	-61.476	-60.7301
BLOCK13/SES131/SA131S14	SES148	-1.4379	-62.168	-60.7301
BLOCK13/SES131/SA131S20	SES104	-1.56463	-63.6102	-62.0455
BLOCK13/SES131/SA131S20	SES106	-0.614521	-62.6601	-62.0455
BLOCK13/SES131/SA131S20	SES125	-1.48461	-63.5302	-62.0455
BLOCK13/SES131/SA131S20	SES148	-2.57927	-64.6248	-62.0455
BLOCK13/SES131/SA131S22	SES099	-1.33252	-62.2483	-60.9158
BLOCK13/SES131/SA131S22	SES104	-1.53975	-62.4555	-60.9158
BLOCK13/SES131/SA131S22	SES125	-1.6326	-62.5484	-60.9158
BLOCK13/SES131/SA131S22	SES206	-1.87599	-62.7918	-60.9158
BLOCK13/SES131/SA131S29	SES087	-1.28158	-62.6999	-61.4183
BLOCK13/SES131/SA131S29	SES104	-2.47306	-63.8914	-61.4183
BLOCK13/SES131/SA131S29	SES125	-1.9961	-63.4144	-61.4183
BLOCK13/SES131/SA131S29	SES206	-1.92267	-63.341	-61.4183
BLOCK13/SES132/SA132S11	SES083	-1.78935	-61.9672	-60.1778
BLOCK13/SES132/SA132S11	SES120	0.429218	-59.7486	-60.1778
BLOCK13/SES132/SA132S11	SES127	-0.805965	-60.9838	-60.1778
BLOCK13/SES132/SA132S11	SES275	-0.967125	-61.145	-60.1778
BLOCK13/SES132/SA132S12	SES083	-1.51886	-61.6481	-60.1293
BLOCK13/SES132/SA132S12	SES143	-0.911629	-61.0409	-60.1293
BLOCK13/SES132/SA132S12	SES144	-0.505772	-60.6351	-60.1293
BLOCK13/SES132/SA132S12	SES148	-1.30166	-61.4309	-60.1293
BLOCK13/SES132/SA132S22	SES062	-0.58165	-60.5115	-59.9299
BLOCK13/SES132/SA132S22	SES083	-0.642399	-60.5723	-59.9299
BLOCK13/SES132/SA132S22	SES127	-0.722775	-60.6527	-59.9299
BLOCK13/SES132/SA132S22	SES275	-0.453342	-60.3832	-59.9299
BLOCK13/SES132/SA132S24	SES007	0.0855064	-60.2358	-60.3213
BLOCK13/SES132/SA132S24	SES083	-1.3609	-61.6822	-60.3213
BLOCK13/SES132/SA132S24	SES127	-0.819839	-61.1412	-60.3213
BLOCK13/SES132/SA132S24	SES275	-0.706299	-61.0276	-60.3213
BLOCK13/SES132/SA132S27	SES083	-2.00708	-62.6887	-60.6816
BLOCK13/SES132/SA132S27	SES120	0.155956	-60.5256	-60.6816
BLOCK13/SES132/SA132S27	SES127	-1.39512	-62.0767	-60.6816
BLOCK13/SES132/SA132S27	SES275	-1.67234	-62.3539	-60.6816
BLOCK14/SES141/SA141S09	SES143	-0.27034	-61.3107	-61.0404
BLOCK14/SES141/SA141S09	SES144	-0.530117	-61.5705	-61.0404
BLOCK14/SES141/SA141S09	SES162	-0.702366	-61.7427	-61.0404
BLOCK14/SES141/SA141S09	SES180	-0.45612	-61.4965	-61.0404
BLOCK14/SES141/SA141S15	SES127	-1.36094	-62.2477	-60.8867
BLOCK14/SES141/SA141S15	SES144	-0.579308	-61.466	-60.8867
BLOCK14/SES141/SA141S15	SES162	-0.771156	-61.6579	-60.8867
BLOCK14/SES141/SA141S15	SES180	-0.388729	-61.2754	-60.8867
BLOCK14/SES141/SA141S24	SES127	-0.035347	-61.1751	-61.1397
BLOCK14/SES141/SA141S24	SES144	-0.926357	-62.0661	-61.1397
BLOCK14/SES141/SA141S24	SES162	0.433323	-60.7064	-61.1397
BLOCK14/SES141/SA141S24	SES183	-1.61936	-62.7591	-61.1397
BLOCK14/SES141/SA141S26	SES142	-0.593212	-62.2935	-61.7002
BLOCK14/SES141/SA141S26	SES144	-0.94083	-62.6411	-61.7002
BLOCK14/SES141/SA141S26	SES172	-0.548725	-62.249	-61.7002
BLOCK14/SES141/SA141S26	SES180	0.11903	-61.5812	-61.7002
BLOCK14/SES141/SA141S29	SES127	0.273159	-60.6184	-60.8916
BLOCK14/SES141/SA141S29	SES142	0.850868	-60.0407	-60.8916
BLOCK14/SES141/SA141S29	SES144	-0.363991	-61.2556	-60.8916
BLOCK14/SES141/SA141S29	SES180	0.405773	-60.4858	-60.8916
BLOCK15/SES157/SA157S08	SES083	-2.40183	-63.3879	-60.9861
BLOCK15/SES157/SA157S08	SES127	-2.3792	-63.3653	-60.9861
BLOCK15/SES157/SA157S08	SES148	-1.09373	-62.0798	-60.9861
BLOCK15/SES157/SA157S08	SES292	-1.49807	-62.4842	-60.9861
BLOCK15/SES157/SA157S11	SES083	-2.06694	-62.9474	-60.8805
BLOCK15/SES157/SA157S11	SES127	-2.05471	-62.9352	-60.8805
BLOCK15/SES157/SA157S11	SES148	-0.628757	-61.5092	-60.8805
BLOCK15/SES157/SA157S11	SES292	-1.04656	-61.927	-60.8805
BLOCK15/SES157/SA157S21	SES127	-1.77079	-62.2794	-60.5087
BLOCK15/SES157/SA157S21	SES148	-0.242065	-60.7507	-60.5087
BLOCK15/SES157/SA157S21	SES158	-5.43108	-65.9397	-60.5087
BLOCK15/SES157/SA157S21	SES292	-0.875473	-61.3841	-60.5087
BLOCK15/SES157/SA157S24	SES127	-1.53109	-62.0937	-60.5626
BLOCK15/SES157/SA157S24	SES148	-0.668301	-61.2309	-60.5626
BLOCK15/SES157/SA157S24	SES183	-0.997829	-61.5605	-60.5626
BLOCK15/SES157/SA157S24	SES292	-1.25457	-61.8172	-60.5626
BLOCK15/SES157/SA157S26	SES007	0.275578	-60.4321	-60.7077
BLOCK15/SES157/SA157S26	SES127	-0.470028	-61.1777	-60.7077
BLOCK15/SES157/SA157S26	SES147	-4.46198	-65.1696	-60.7077
BLOCK15/SES157/SA157S26	SES148	-0.350483	-61.0581	-60.7077
BLOCK16/SES161/SA161S10	SES007	-1.97846	-64.1702	-62.1918
BLOCK16/SES161/SA161S10	SES105	-1.25636	-63.4481	-62.1918
BLOCK16/SES161/SA161S10	SES158	-2.34659	-64.5384	-62.1918
BLOCK16/SES161/SA161S10	SES275	-2.10883	-64.3006	-62.1918
BLOCK16/SES161/SA161S12	SES007	-0.887505	-62.6403	-61.7528
BLOCK16/SES161/SA161S12	SES105	-1.39541	-63.1482	-61.7528
BLOCK16/SES161/SA161S12	SES158	-1.3318	-63.0846	-61.7528
BLOCK16/SES161/SA161S12	SES275	-1.01321	-62.766	-61.7528
BLOCK16/SES161/SA161S20	SES007	-1.51617	-64.8735	-63.3574
BLOCK16/SES161/SA161S20	SES105	-1.67747	-65.0348	-63.3574
BLOCK16/SES161/SA161S20	SES158	-1.67298	-65.0303	-63.3574
BLOCK16/SES161/SA161S20	SES275	-2.25645	-65.6138	-63.3574
BLOCK16/SES161/SA161S23	SES007	-2.04065	-63.1091	-61.0685
BLOCK16/SES161/SA161S23	SES105	-1.03403	-62.1025	-61.0685
BLOCK16/SES161/SA161S23	SES148	-1.88217	-62.9507	-61.0685
BLOCK16/SES161/SA161S23	SES158	-1.06594	-62.1344	-61.0685
BLOCK16/SES161/SA161S28	SES007	-2.57406	-64.1926	-61.6185
BLOCK16/SES161/SA161S28	SES105	-1.97158	-63.5901	-61.6185
BLOCK16/SES161/SA161S28	SES158	-0.641682	-62.2602	-61.6185
BLOCK16/SES161/SA161S28	SES206	-2.22028	-63.8388	-61.6185
BLOCK16/SES164/SA164S11	SES104	-1.08933	-60.5156	-59.4262
BLOCK16/SES164/SA164S11	SES125	0.047348	-59.3789	-59.4262
BLOCK16/SES164/SA164S11	SES158	0.125885	-59.3003	-59.4262
BLOCK16/SES164/SA164S11	SES206	-1.08546	-60.5117	-59.4262
BLOCK16/SES164/SA164S13	SES099	-0.320087	-61.6034	-61.2833
BLOCK16/SES164/SA164S13	SES104	-1.03943	-62.3227	-61.2833
BLOCK16/SES164/SA164S13	SES125	-1.54706	-62.8304	-61.2833
BLOCK16/SES164/SA164S13	SES206	-0.993519	-62.2768	-61.2833
BLOCK16/SES164/SA164S24	SES002	0.67625	-59.8875	-60.5638
BLOCK16/SES164/SA164S24	SES099	0.208305	-60.3554	-60.5638
BLOCK16/SES164/SA164S24	SES125	-0.921738	-61.4855	-60.5638
BLOCK16/SES164/SA164S24	SES226	0.0526962	-60.5111	-60.5638
BLOCK16/SES164/SA164S27	SES087	-1.43058	-62.1183	-60.6877
BLOCK16/SES164/SA164S27	SES125	-0.640919	-61.3286	-60.6877
BLOCK16/SES164/SA164S27	SES206	-0.783699	-61.4714	-60.6877
BLOCK16/SES164/SA164S27	SES226	-0.452133	-61.1398	-60.6877
BLOCK16/SES164/SA164S29	SES002	0.511372	-59.8003	-60.3117
BLOCK16/SES164/SA164S29	SES019	-0.901157	-61.2128	-60.3117
BLOCK16/SES164/SA164S29	SES125	-0.61174	-60.9234	-60.3117
BLOCK16/SES164/SA164S29	SES226	-0.58411	-60.8958	-60.3117
BLOCK16/SES169/SA169S13	SES117	-1.45257	-62.8465	-61.3939
BLOCK16/SES169/SA169S13	SES144	-0.288528	-61.6824	-61.3939
BLOCK16/SES169/SA169S13	SES146	-0.682365	-62.0763	-61.3939
BLOCK16/SES169/SA169S13	SES162	-1.36459	-62.7585	-61.3939
BLOCK16/SES169/SA169S14	SES144	0.0149231	-60.0964	-60.1113
BLOCK16/SES169/SA169S14	SES148	-0.447174	-60.5585	-60.1113
BLOCK16/SES169/SA169S14	SES177	-0.458019	-60.5693	-60.1113
BLOCK16/SES169/SA169S14	SES180	-2.51585	-62.6271	-60.1113
BLOCK16/SES169/SA169S24	SES117	-1.31873	-63.0197	-61.701
BLOCK16/SES169/SA169S24	SES144	-0.307301	-62.0083	-61.701
BLOCK16/SES169/SA169S24	SES146	-0.915859	-62.6169	-61.701
BLOCK16/SES169/SA169S24	SES162	-1.29194	-62.993	-61.701
BLOCK16/SES169/SA169S27	SES127	-1.08042	-62.0871	-61.0067
BLOCK16/SES169/SA169S27	SES129	-1.17196	-62.1786	-61.0067
BLOCK16/SES169/SA169S27	SES144	-1.00413	-62.0108	-61.0067
BLOCK16/SES169/SA169S27	SES146	-0.502697	-61.5094	-61.0067
BLOCK16/SES169/SA169S29	SES144	-0.0294533	-60.4636	-60.4342
BLOCK16/SES169/SA169S29	SES162	-0.655743	-61.0899	-60.4342
BLOCK16/SES169/SA169S29	SES177	-1.96206	-62.3962	-60.4342
BLOCK16/SES169/SA169S29	SES180	-1.36378	-61.798	-60.4342
BLOCK17/SES171/SA171S12	SES083	-1.25111	-62.7422	-61.491
BLOCK17/SES171/SA171S12	SES148	-1.41171	-62.9028	-61.491
BLOCK17/SES171/SA171S12	SES172	-1.70078	-63.1918	-61.491
BLOCK17/SES171/SA171S12	SES292	-1.96865	-63.4597	-61.491
BLOCK17/SES171/SA171S15	SES148	-1.09024	-63.5051	-62.4149
BLOCK17/SES171/SA171S15	SES177	-0.950989	-63.3659	-62.4149
BLOCK17/SES171/SA171S15	SES180	-3.84403	-66.2589	-62.4149
BLOCK17/SES171/SA171S15	SES292	-2.64609	-65.061	-62.4149
BLOCK17/SES171/SA171S22	SES007	-0.842064	-61.7013	-60.8593
BLOCK17/SES171/SA171S22	SES148	-0.311428	-61.1707	-60.8593
BLOCK17/SES171/SA171S22	SES177	0.157219	-60.702	-60.8593
BLOCK17/SES171/SA171S22	SES180	-1.63801	-62.4973	-60.8593
BLOCK17/SES171/SA171S25	SES101	-3.35776	-65.9804	-62.6227
BLOCK17/SES171/SA171S25	SES120	-1.9662	-64.5889	-62.6227
BLOCK17/SES171/SA171S25	SES177	-0.557114	-63.1798	-62.6227
BLOCK17/SES171/SA171S25	SES180	-2.83528	-65.4579	-62.6227
BLOCK17/SES171/SA171S27	SES177	0.133549	-61.3178	-61.4513
BLOCK17/SES171/SA171S27	SES180	-1.94595	-63.3973	-61.4513
BLOCK17/SES171/SA171S27	SES189	-0.0306969	-61.482	-61.4513
BLOCK17/SES171/SA171S27	SES292	-1.94938	-63.4007	-61.4513
BLOCK17/SES173/SA173S13	SES162	-1.99112	-64.8398	-62.8487
BLOCK17/SES173/SA173S13	SES177	-2.39167	-65.2403	-62.8487
BLOCK17/SES173/SA173S13	SES180	-2.70628	-65.5549	-62.8487
BLOCK17/SES173/SA173S13	SES292	-1.56571	-64.4144	-62.8487
BLOCK17/SES173/SA173S14	SES007	-3.03709	-66.0292	-62.9921
BLOCK17/SES173/SA173S14	SES162	-1.85182	-64.8439	-62.9921
BLOCK17/SES173/SA173S14	SES177	-1.31442	-64.3065	-62.9921
BLOCK17/SES173/SA173S14	SES180	-2.86102	-65.8531	-62.9921
BLOCK17/SES173/SA173S24	SES144	-0.591282	-64.4182	-63.8269
BLOCK17/SES173/SA173S24	SES162	-2.16094	-65.9878	-63.8269
BLOCK17/SES173/SA173S24	SES177	-0.896976	-64.7239	-63.8269
BLOCK17/SES173/SA173S24	SES180	-2.43391	-66.2608	-63.8269
BLOCK17/SES173/SA173S27	SES162	-2.98793	-65.6679	-62.68
BLOCK17/SES173/SA173S27	SES177	-0.941982	-63.622	-62.68
BLOCK17/SES173/SA173S27	SES180	-2.40627	-65.0863	-62.68
BLOCK17/SES173/SA173S27	SES292	-2.12851	-64.8085	-62.68
BLOCK17/SES173/SA173S29	SES162	-1.21535	-64.5434	-63.328
BLOCK17/SES173/SA173S29	SES175	-0.0645485	-63.3926	-63.328
BLOCK17/SES173/SA173S29	SES177	-0.68129	-64.0093	-63.328
BLOCK17/SES173/SA173S29	SES292	-1.55263	-64.8806	-63.328
BLOCK18/SES182/SA182S10	SES144	-0.276066	-61.215	-60.939
BLOCK18/SES182/SA182S10	SES177	-1.31263	-62.2516	-60.939
BLOCK18/SES182/SA182S10	SES180	-2.12434	-63.0633	-60.939
BLOCK18/SES182/SA182S10	SES275	-0.0595398	-60.9985	-60.939
BLOCK18/SES182/SA182S12	SES144	-0.256168	-60.7415	-60.4853
BLOCK18/SES182/SA182S12	SES177	-0.565197	-61.0505	-60.4853
BLOCK18/SES182/SA182S12	SES180	-1.3045	-61.7898	-60.4853
BLOCK18/SES182/SA182S12	SES275	-1.05412	-61.5394	-60.4853
BLOCK18/SES182/SA182S21	SES117	-0.656979	-62.459	-61.802
BLOCK18/SES182/SA182S21	SES144	-0.712631	-62.5147	-61.802
BLOCK18/SES182/SA182S21	SES162	-0.132694	-61.9347	-61.802
BLOCK18/SES182/SA182S21	SES180	-1.54398	-63.346	-61.802
BLOCK18/SES182/SA182S23	SES117	-0.672569	-61.8442	-61.1716
BLOCK18/SES182/SA182S23	SES144	-1.04409	-62.2157	-61.1716
BLOCK18/SES182/SA182S23	SES180	-2.11201	-63.2836	-61.1716
BLOCK18/SES182/SA182S23	SES275	-1.3457	-62.5173	-61.1716
BLOCK18/SES182/SA182S25	SES007	-0.187778	-61.3779	-61.1901
BLOCK18/SES182/SA182S25	SES162	-0.0377502	-61.2279	-61.1901
BLOCK18/SES182/SA182S25	SES177	-0.158169	-61.3483	-61.1901
BLOCK18/SES182/SA182S25	SES180	-0.776619	-61.9667	-61.1901
BLOCK18/SES184/SA184S12	SES177	-0.812794	-62.2622	-61.4494
BLOCK18/SES184/SA184S12	SES180	-0.435722	-61.8852	-61.4494
BLOCK18/SES184/SA184S12	SES189	-1.40485	-62.8543	-61.4494
BLOCK18/SES184/SA184S12	SES292	-0.805489	-62.2549	-61.4494
BLOCK18/SES184/SA184S13	SES101	-1.03709	-62.6599	-61.6228
BLOCK18/SES184/SA184S13	SES177	-0.725388	-62.3482	-61.6228
BLOCK18/SES184/SA184S13	SES180	-0.965961	-62.5887	-61.6228
BLOCK18/SES184/SA184S13	SES292	-0.572815	-62.1956	-61.6228
BLOCK18/SES184/SA184S22	SES177	-0.119907	-61.0487	-60.9288
BLOCK18/SES184/SA184S22	SES180	-0.107975	-61.0367	-60.9288
BLOCK18/SES184/SA184S22	SES189	-1.35434	-62.2831	-60.9288
BLOCK18/SES184/SA184S22	SES292	-0.535034	-61.4638	-60.9288
BLOCK18/SES184/SA184S25	SES101	-0.0769043	-60.147	-60.0701
BLOCK18/SES184/SA184S25	SES177	-0.889313	-60.9594	-60.0701
BLOCK18/SES184/SA184S25	SES180	-0.420559	-60.4906	-60.0701
BLOCK18/SES184/SA184S25	SES292	0.164345	-59.9057	-60.0701
BLOCK18/SES184/SA184S27	SES083	-1.15369	-62.1054	-60.9517
BLOCK18/SES184/SA184S27	SES177	-0.591915	-61.5436	-60.9517
BLOCK18/SES184/SA184S27	SES202	-2.40854	-63.3602	-60.9517
BLOCK18/SES184/SA184S27	SES292	-0.918236	-61.8699	-60.9517
BLOCK20/SES204/SA204S12	SES062	-1.12765	-60.8455	-59.7178
BLOCK20/SES204/SA204S12	SES083	-1.52424	-61.2421	-59.7178
BLOCK20/SES204/SA204S12	SES206	0.133167	-59.5846	-59.7178
BLOCK20/SES204/SA204S12	SES226	-1.10306	-60.8209	-59.7178
BLOCK20/SES204/SA204S14	SES068	-2.2478	-61.1154	-58.8676
BLOCK20/SES204/SA204S14	SES087	0.141453	-58.7262	-58.8676
BLOCK20/SES204/SA204S14	SES206	-0.950161	-59.8178	-58.8676
BLOCK20/SES204/SA204S14	SES226	-1.26703	-60.1347	-58.8676
BLOCK20/SES204/SA204S22	SES068	-2.541	-62.4487	-59.9077
BLOCK20/SES204/SA204S22	SES082	-1.63137	-61.5391	-59.9077
BLOCK20/SES204/SA204S22	SES083	-2.00106	-61.9088	-59.9077
BLOCK20/SES204/SA204S22	SES206	-0.304989	-60.2127	-59.9077
BLOCK20/SES204/SA204S25	SES062	-2.31426	-62.3598	-60.0456
BLOCK20/SES204/SA204S25	SES083	-2.19936	-62.2449	-60.0456
BLOCK20/SES204/SA204S25	SES206	0.0855026	-59.9601	-60.0456
BLOCK20/SES204/SA204S25	SES226	-0.867268	-60.9128	-60.0456
BLOCK20/SES204/SA204S27	SES068	-3.33986	-63.7461	-60.4063
BLOCK20/SES204/SA204S27	SES082	-1.36433	-61.7706	-60.4063
BLOCK20/SES204/SA204S27	SES087	-0.124817	-60.5311	-60.4063
BLOCK20/SES204/SA204S27	SES206	-0.184067	-60.5904	-60.4063
BLOCK20/SES207/SA207S10	SES127	-1.19563	-62.0355	-60.8399
BLOCK20/SES207/SA207S10	SES183	-1.70986	-62.5497	-60.8399
BLOCK20/SES207/SA207S10	SES189	-1.13681	-61.9767	-60.8399
BLOCK20/SES207/SA207S10	SES292	-1.06042	-61.9003	-60.8399
BLOCK20/SES207/SA207S11	SES127	-2.91333	-63.8484	-60.9351
BLOCK20/SES207/SA207S11	SES183	-1.61526	-62.5504	-60.9351
BLOCK20/SES207/SA207S11	SES187	-0.990215	-61.9253	-60.9351
BLOCK20/SES207/SA207S11	SES292	-0.710464	-61.6456	-60.9351
BLOCK20/SES207/SA207S25	SES068	-1.41089	-62.8407	-61.4298
BLOCK20/SES207/SA207S25	SES083	-2.11011	-63.5399	-61.4298
BLOCK20/SES207/SA207S25	SES127	-1.10737	-62.5372	-61.4298
BLOCK20/SES207/SA207S25	SES187	0.048481	-61.3813	-61.4298
BLOCK20/SES207/SA207S27	SES127	-2.07412	-63.3409	-61.2668
BLOCK20/SES207/SA207S27	SES183	-1.17929	-62.4461	-61.2668
BLOCK20/SES207/SA207S27	SES187	-1.09849	-62.3653	-61.2668
BLOCK20/SES207/SA207S27	SES292	-2.24868	-63.5155	-61.2668
BLOCK20/SES207/SA207S29	SES083	-1.99322	-62.9759	-60.9827
BLOCK20/SES207/SA207S29	SES085	-0.594131	-61.5768	-60.9827
BLOCK20/SES207/SA207S29	SES172	-1.58857	-62.5712	-60.9827
BLOCK20/SES207/SA207S29	SES189	-0.999935	-61.9826	-60.9827
BLOCK22/SES221/SA221S12	SES068	-0.895317	-62.7594	-61.8641
BLOCK22/SES221/SA221S12	SES143	-0.461315	-62.3254	-61.8641
BLOCK22/SES221/SA221S12	SES175	0.536076	-61.328	-61.8641
BLOCK22/SES221/SA221S12	SES202	0.700672	-61.1634	-61.8641
BLOCK22/SES221/SA221S15	SES085	-3.14959	-66.2197	-63.0701
BLOCK22/SES221/SA221S15	SES143	-1.42339	-64.4935	-63.0701
BLOCK22/SES221/SA221S15	SES175	-0.618881	-63.689	-63.0701
BLOCK22/SES221/SA221S15	SES187	-0.479546	-63.5497	-63.0701
BLOCK22/SES221/SA221S23	SES068	-2.6065	-65.1405	-62.534
BLOCK22/SES221/SA221S23	SES143	-0.432884	-62.9669	-62.534
BLOCK22/SES221/SA221S23	SES175	1.19179	-61.3422	-62.534
BLOCK22/SES221/SA221S23	SES189	2.28342	-60.2506	-62.534
BLOCK22/SES221/SA221S27	SES085	-2.57991	-64.6953	-62.1154
BLOCK22/SES221/SA221S27	SES143	-0.0796318	-62.195	-62.1154
BLOCK22/SES221/SA221S27	SES175	0.277626	-61.8378	-62.1154
BLOCK22/SES221/SA221S27	SES189	2.56249	-59.5529	-62.1154
BLOCK22/SES221/SA221S29	SES085	-4.33672	-68.5209	-64.1841
BLOCK22/SES221/SA221S29	SES143	-0.855324	-65.0395	-64.1841
BLOCK22/SES221/SA221S29	SES175	0.379833	-63.8043	-64.1841
BLOCK22/SES221/SA221S29	SES187	1.09097	-63.0932	-64.1841
BLOCK22/SES223/SA223S11	SES143	-0.759003	-63.2802	-62.5212
BLOCK22/SES223/SA223S11	SES144	-1.61562	-64.1368	-62.5212
BLOCK22/SES223/SA223S11	SES175	0.0056076	-62.5156	-62.5212
BLOCK22/SES223/SA223S11	SES187	-1.12005	-63.6413	-62.5212
BLOCK22/SES223/SA223S13	SES068	-1.70839	-65.3128	-63.6044
BLOCK22/SES223/SA223S13	SES143	-1.63385	-65.2383	-63.6044
BLOCK22/SES223/SA223S13	SES146	-3.50502	-67.1095	-63.6044
BLOCK22/SES223/SA223S13	SES202	-1.39005	-64.9945	-63.6044
BLOCK22/SES223/SA223S22	SES143	-0.529774	-63.0549	-62.5251
BLOCK22/SES223/SA223S22	SES144	-1.9523	-64.4774	-62.5251
BLOCK22/SES223/SA223S22	SES175	-0.471741	-62.9969	-62.5251
BLOCK22/SES223/SA223S22	SES187	-0.764931	-63.2901	-62.5251
BLOCK22/SES223/SA223S25	SES068	-1.57307	-64.4031	-62.83
BLOCK22/SES223/SA223S25	SES143	-0.638481	-63.4685	-62.83
BLOCK22/SES223/SA223S25	SES175	0.384621	-62.4454	-62.83
BLOCK22/SES223/SA223S25	SES187	-0.158253	-62.9883	-62.83
BLOCK22/SES223/SA223S27	SES143	-0.403728	-63.072	-62.6682
BLOCK22/SES223/SA223S27	SES146	-1.67829	-64.3465	-62.6682
BLOCK22/SES223/SA223S27	SES187	-0.0160828	-62.6843	-62.6682
BLOCK22/SES223/SA223S27	SES292	-2.17625	-64.8445	-62.6682
BLOCK27/SES273/SA273S12	SES099	0.933624	-57.871	-58.8046
BLOCK27/SES273/SA273S12	SES104	0.566254	-58.2383	-58.8046
BLOCK27/SES273/SA273S12	SES125	0.110592	-58.694	-58.8046
BLOCK27/SES273/SA273S12	SES206	0.98439	-57.8202	-58.8046
BLOCK27/SES273/SA273S13	SES099	0.235798	-58.3552	-58.591
BLOCK27/SES273/SA273S13	SES104	0.152279	-58.4387	-58.591
BLOCK27/SES273/SA273S13	SES206	0.360966	-58.23	-58.591
BLOCK27/SES273/SA273S13	SES292	-2.60696	-61.1979	-58.591
BLOCK27/SES273/SA273S21	SES099	0.818153	-57.9516	-58.7698
BLOCK27/SES273/SA273S21	SES148	-2.09937	-60.8691	-58.7698
BLOCK27/SES273/SA273S21	SES149	-0.239159	-59.0089	-58.7698
BLOCK27/SES273/SA273S21	SES177	-2.41703	-61.1868	-58.7698
BLOCK27/SES273/SA273S25	SES104	-0.268593	-59.1143	-58.8457
BLOCK27/SES273/SA273S25	SES125	-0.336819	-59.1825	-58.8457
BLOCK27/SES273/SA273S25	SES158	0.364292	-58.4814	-58.8457
BLOCK27/SES273/SA273S25	SES206	1.18045	-57.6652	-58.8457
BLOCK27/SES273/SA273S27	SES099	0.0334969	-58.7915	-58.825
BLOCK27/SES273/SA273S27	SES104	-0.203964	-59.029	-58.825
BLOCK27/SES273/SA273S27	SES149	-0.373108	-59.1981	-58.825
BLOCK27/SES273/SA273S27	SES275	-1.64799	-60.473	-58.825
BLOCK27/SES274/SA274S10	SES105	-1.31628	-60.6778	-59.3616
BLOCK27/SES274/SA274S10	SES125	-0.241402	-59.603	-59.3616
BLOCK27/SES274/SA274S10	SES129	-0.498871	-59.8604	-59.3616
BLOCK27/SES274/SA274S10	SES158	-1.02127	-60.3828	-59.3616
BLOCK27/SES274/SA274S11	SES105	-1.64061	-61.3766	-59.736
BLOCK27/SES274/SA274S11	SES149	-0.504128	-60.2402	-59.736
BLOCK27/SES274/SA274S11	SES158	-0.737011	-60.4731	-59.736
BLOCK27/SES274/SA274S11	SES275	-1.96175	-61.6978	-59.736
BLOCK27/SES274/SA274S21	SES105	-1.52281	-61.4592	-59.9364
BLOCK27/SES274/SA274S21	SES129	-0.559669	-60.496	-59.9364
BLOCK27/SES274/SA274S21	SES149	-0.409229	-60.3456	-59.9364
BLOCK27/SES274/SA274S21	SES158	-1.32631	-61.2627	-59.9364
BLOCK27/SES274/SA274S24	SES105	-1.56662	-61.0965	-59.5298
BLOCK27/SES274/SA274S24	SES129	-1.1574	-60.6872	-59.5298
BLOCK27/SES274/SA274S24	SES149	-0.732231	-60.2621	-59.5298
BLOCK27/SES274/SA274S24	SES158	-1.55863	-61.0885	-59.5298
BLOCK27/SES274/SA274S29	SES105	-1.88348	-61.5237	-59.6402
BLOCK27/SES274/SA274S29	SES106	-1.41006	-61.0503	-59.6402
BLOCK27/SES274/SA274S29	SES120	-1.60028	-61.2405	-59.6402
BLOCK27/SES274/SA274S29	SES275	-1.70028	-61.3405	-59.6402
BLOCK27/SES276/SA276S16	SES148	-0.846928	-62.5574	-61.7105
BLOCK27/SES276/SA276S16	SES172	-0.86541	-62.5759	-61.7105
BLOCK27/SES276/SA276S16	SES180	-2.48402	-64.1945	-61.7105
BLOCK27/SES276/SA276S16	SES292	0.613144	-61.0974	-61.7105
BLOCK27/SES276/SA276S17	SES101	-0.650723	-62.0402	-61.3895
BLOCK27/SES276/SA276S17	SES177	-1.07685	-62.4663	-61.3895
BLOCK27/SES276/SA276S17	SES180	-1.67007	-63.0595	-61.3895
BLOCK27/SES276/SA276S17	SES292	-0.423767	-61.8132	-61.3895
BLOCK27/SES276/SA276S24	SES101	0.317223	-59.9696	-60.2868
BLOCK27/SES276/SA276S24	SES177	-0.64621	-60.933	-60.2868
BLOCK27/SES276/SA276S24	SES180	-1.5477	-61.8345	-60.2868
BLOCK27/SES276/SA276S24	SES292	-0.726685	-61.0135	-60.2868
BLOCK27/SES276/SA276S26	SES101	-0.374027	-61.3981	-61.0241
BLOCK27/SES276/SA276S26	SES177	0.447025	-60.5771	-61.0241
BLOCK27/SES276/SA276S26	SES180	-0.135468	-61.1596	-61.0241
BLOCK27/SES276/SA276S26	SES292	0.66127	-60.3628	-61.0241
BLOCK27/SES276/SA276S28	SES101	-0.332142	-61.4939	-61.1618
BLOCK27/SES276/SA276S28	SES177	-0.428852	-61.5906	-61.1618
BLOCK27/SES276/SA276S28	SES180	-0.230682	-61.3924	-61.1618
BLOCK27/SES276/SA276S28	SES292	-0.146614	-61.3084	-61.1618
BLOCK27/SES277/SA277S12	SES101	-0.286987	-62.0253	-61.7383
BLOCK27/SES277/SA277S12	SES177	-2.09634	-63.8346	-61.7383
BLOCK27/SES277/SA277S12	SES180	-2.33015	-64.0684	-61.7383
BLOCK27/SES277/SA277S12	SES292	-2.70919	-64.4475	-61.7383
BLOCK27/SES277/SA277S14	SES177	-0.80632	-62.9788	-62.1725
BLOCK27/SES277/SA277S14	SES180	-1.86129	-64.0338	-62.1725
BLOCK27/SES277/SA277S14	SES189	0.294441	-61.878	-62.1725
BLOCK27/SES277/SA277S14	SES292	-2.70465	-64.8771	-62.1725
BLOCK27/SES277/SA277S21	SES177	-0.12326	-61.3924	-61.2692
BLOCK27/SES277/SA277S21	SES180	-1.77672	-63.0459	-61.2692
BLOCK27/SES277/SA277S21	SES189	-0.0984955	-61.3677	-61.2692
BLOCK27/SES277/SA277S21	SES292	-2.29988	-63.5691	-61.2692
BLOCK27/SES277/SA277S24	SES144	-0.589245	-63.2776	-62.6884
BLOCK27/SES277/SA277S24	SES177	-1.49548	-64.1839	-62.6884
BLOCK27/SES277/SA277S24	SES180	-2.55668	-65.2451	-62.6884
BLOCK27/SES277/SA277S24	SES189	-0.107231	-62.7956	-62.6884
BLOCK27/SES277/SA277S29	SES177	-0.249611	-60.6614	-60.4118
BLOCK27/SES277/SA277S29	SES180	-0.808296	-61.2201	-60.4118
BLOCK27/SES277/SA277S29	SES202	-0.938908	-61.3507	-60.4118
BLOCK27/SES277/SA277S29	SES292	-1.31565	-61.7274	-60.4118
BLOCK27/SES279/SA279S09	SES120	-0.701881	-60.8959	-60.194
BLOCK27/SES279/SA279S09	SES146	-0.928307	-61.1223	-60.194
BLOCK27/SES279/SA279S09	SES206	-2.14956	-62.3435	-60.194
BLOCK27/SES279/SA279S09	SES226	-2.2387	-62.4327	-60.194
BLOCK27/SES279/SA279S10	SES099	-1.26417	-61.318	-60.0538
BLOCK27/SES279/SA279S10	SES206	-1.10228	-61.1561	-60.0538
BLOCK27/SES279/SA279S10	SES226	-1.71938	-61.7732	-60.0538
BLOCK27/SES279/SA279S10	SES292	-0.336319	-60.3901	-60.0538
BLOCK27/SES279/SA279S20	SES099	-2.53333	-63.2438	-60.7105
BLOCK27/SES279/SA279S20	SES206	-1.40513	-62.1156	-60.7105
BLOCK27/SES279/SA279S20	SES226	-2.24654	-62.957	-60.7105
BLOCK27/SES279/SA279S20	SES292	0.563194	-60.1473	-60.7105
BLOCK27/SES279/SA279S26	SES099	-1.9742	-63.0964	-61.1222
BLOCK27/SES279/SA279S26	SES206	-0.505436	-61.6277	-61.1222
BLOCK27/SES279/SA279S26	SES226	-0.749588	-61.8718	-61.1222
BLOCK27/SES279/SA279S26	SES292	0.108543	-61.0137	-61.1222
BLOCK27/SES279/SA279S28	SES099	-1.85246	-61.0342	-59.1818
BLOCK27/SES279/SA279S28	SES120	-0.469761	-59.6515	-59.1818
BLOCK27/SES279/SA279S28	SES177	-1.92252	-61.1043	-59.1818
BLOCK27/SES279/SA279S28	SES206	-1.87558	-61.0574	-59.1818
BLOCK29/SES290/SA290S12	SES162	-0.73003	-61.9667	-61.2366
BLOCK29/SES290/SA290S12	SES177	-0.172565	-61.4092	-61.2366
BLOCK29/SES290/SA290S12	SES180	-1.81867	-63.0553	-61.2366
BLOCK29/SES290/SA290S12	SES292	-1.34285	-62.5795	-61.2366
BLOCK29/SES290/SA290S13	SES007	-1.93796	-64.4577	-62.5198
BLOCK29/SES290/SA290S13	SES162	-0.982128	-63.5019	-62.5198
BLOCK29/SES290/SA290S13	SES177	0.536861	-61.9829	-62.5198
BLOCK29/SES290/SA290S13	SES180	-0.81974	-63.3395	-62.5198
BLOCK29/SES290/SA290S22	SES177	-0.247852	-61.7395	-61.4917
BLOCK29/SES290/SA290S22	SES180	-0.399426	-61.8911	-61.4917
BLOCK29/SES290/SA290S22	SES202	-0.45113	-61.9428	-61.4917
BLOCK29/SES290/SA290S22	SES292	-1.62638	-63.1181	-61.4917
BLOCK29/SES290/SA290S25	SES162	-0.449741	-61.4068	-60.9571
BLOCK29/SES290/SA290S25	SES177	-0.173714	-61.1308	-60.9571
BLOCK29/SES290/SA290S25	SES180	-0.52013	-61.4772	-60.9571
BLOCK29/SES290/SA290S25	SES292	-0.928654	-61.8857	-60.9571
BLOCK29/SES290/SA290S29	SES177	1.0472	-59.8897	-60.9369
BLOCK29/SES290/SA290S29	SES180	0.406578	-60.5303	-60.9369
BLOCK29/SES290/SA290S29	SES275	-1.17776	-62.1146	-60.9369
BLOCK29/SES290/SA290S29	SES292	-0.634384	-61.5712	-60.9369
BLOCK29/SES291/SA291S11	SES105	-2.85779	-63.9146	-61.0568
BLOCK29/SES291/SA291S11	SES125	-0.0931053	-61.15	-61.0568
BLOCK29/SES291/SA291S11	SES158	-0.390251	-61.4471	-61.0568
BLOCK29/SES291/SA291S11	SES275	-4.14975	-65.2066	-61.0568
BLOCK29/SES291/SA291S12	SES158	1.24268	-59.3442	-60.5869
BLOCK29/SES291/SA291S12	SES226	-0.612686	-61.1996	-60.5869
BLOCK29/SES291/SA291S12	SES270	1.33376	-59.2532	-60.5869
BLOCK29/SES291/SA291S12	SES275	-4.22016	-64.8071	-60.5869
BLOCK29/SES291/SA291S22	SES082	-0.341991	-60.396	-60.054
BLOCK29/SES291/SA291S22	SES158	0.0283432	-60.0257	-60.054
BLOCK29/SES291/SA291S22	SES259	-0.763046	-60.8171	-60.054
BLOCK29/SES291/SA291S22	SES275	-3.48618	-63.5402	-60.054
BLOCK29/SES291/SA291S24	SES104	0.582664	-58.7447	-59.3273
BLOCK29/SES291/SA291S24	SES125	0.773067	-58.5543	-59.3273
BLOCK29/SES291/SA291S24	SES158	0.369507	-58.9578	-59.3273
BLOCK29/SES291/SA291S24	SES275	-3.57396	-62.9013	-59.3273
BLOCK29/SES291/SA291S27	SES158	1.17663	-58.8021	-59.9788
BLOCK29/SES291/SA291S27	SES172	-3.92366	-63.9024	-59.9788
BLOCK29/SES291/SA291S27	SES275	-3.44052	-63.4193	-59.9788
BLOCK29/SES291/SA291S27	SES292	-2.59216	-62.5709	-59.9788
